[2019/7/4 - 21:27:09] AdmCmd: Mr Son has been revived by Mr Son
[2019/7/4 - 21:43:41] 
[2019/7/11 - 13:01:48] 
[2019/7/11 - 13:02:05] 
[2019/7/11 - 13:02:23] 
[2019/7/11 - 13:03:48] 
[2019/7/11 - 13:26:24] 
[2019/7/11 - 14:20:09] 
[2022/7/5 - 14:58:44] AdmCmd: cuozg Z has given nos to cuozg Z
[2022/7/6 - 13:05:58] 
[2022/7/6 - 13:13:37] 
[2022/7/8 - 14:04:19] AdmCmd: cuozg z has given nos to cuozg z
[2022/7/14 - 21:04:15] AdmCmd: cuozg ng has been revived by cuozg ng
[2022/7/14 - 21:46:51] AdmCmd: cuozg ng has been revived by cuozg ng
[2022/7/15 - 8:52:20] AdmCmd: cuozg ng has given nos to cuozg ng
[2022/7/15 - 8:53:15] AdmCmd: cuozg ng has given nos to cuozg ng
[2022/7/15 - 10:09:57] AdmCmd: cuozg ng has been revived by cuozg ng
[2022/7/18 - 0:17:02] AdmCmd: cuozg ng has been revived by cuozg ng
[2022/7/18 - 0:31:58] AdmCmd: cuozg ng has given nos to cuozg ng
[2022/8/6 - 19:24:33] AdmCmd: cuong17 has been revived by cuong17
[2022/8/6 - 19:31:24] AdmCmd: cuong17 has been revived by cuong17
[2023/4/16 - 23:35:16] 
[2023/4/18 - 16:57:34] AdmCmd: jonhien has been revived by jonhien
[2023/4/18 - 16:57:44] AdmCmd: jonhien has been revived by jonhien
[2023/4/18 - 16:57:48] AdmCmd: jonhien has been revived by jonhien
[2023/4/18 - 16:57:49] AdmCmd: jonhien has been revived by jonhien
[2023/4/19 - 23:49:29] 
[2023/4/22 - 22:26:34] 
[2023/4/22 - 22:40:35] 
[2023/4/22 - 22:40:38] 
[2023/4/22 - 22:44:07] {873D37}[ADMIN REVIVE]{9E9E9E} Ron_Dz da duoc hoi sinh boi Douglas_Davidson
[2023/4/22 - 22:45:42] {873D37}[ADMIN REVIVE]{9E9E9E} Tyler_Keshaun da duoc hoi sinh boi Douglas_Davidson
[2023/4/22 - 22:45:59] {873D37}[ADMIN REVIVE]{9E9E9E} Tyler_Keshaun da duoc hoi sinh boi Douglas_Davidson
[2023/4/23 - 1:09:17] 
[2023/4/23 - 1:09:35] {873D37}[ADMIN REVIVE]{9E9E9E} Jon_Hien da duoc hoi sinh boi Jon_Hien
[2023/4/23 - 14:52:47] 
[2023/9/29 - 17:07:47] 
[2023/9/29 - 17:08:20] 
[2023/10/1 - 13:34:12] 
[2023/10/1 - 14:11:41] 
[2023/10/1 - 14:14:53] 
[2023/10/1 - 14:18:43] 
[2023/10/1 - 14:21:11] 
[2023/10/1 - 14:21:44] 
[2023/10/1 - 14:22:13] 
[2023/10/1 - 14:25:12] 
[2023/10/1 - 17:17:35] 
[2023/10/1 - 18:58:50] 
[2023/10/3 - 19:47:27] 
[2023/10/3 - 19:47:29] 
[2023/10/3 - 19:47:31] 
[2023/10/5 - 14:56:11] 
[2023/10/5 - 14:56:13] 
[2023/10/5 - 14:57:12] 
[2023/10/5 - 15:04:04] 
[2023/10/5 - 15:04:07] AdmCmd: ABC CA has been revived by ABC CA
[2023/10/5 - 15:19:05] 
[2023/10/5 - 15:19:11] AdmCmd: ABC CA has been revived by ABC CA
[2023/10/5 - 15:19:43] 
[2023/10/5 - 15:25:44] 
[2023/10/5 - 15:25:52] 
[2023/10/5 - 15:26:32] 
[2023/10/5 - 15:26:34] 
[2023/10/5 - 12:34:18] AdmCmd: Stanley Taellious has been revived by Stanley Taellious
[2023/10/5 - 14:29:26] AdmCmd: A B has been revived by A B
[2023/10/5 - 14:38:35] 
[2023/10/5 - 14:43:10] 
[2023/10/5 - 15:53:19] AdmCmd: a a has been revived by a a
[2023/10/5 - 15:55:51] AdmCmd: a a has been revived by a a
[2023/10/5 - 15:59:26] AdmCmd: a a has been revived by a a
[2023/10/5 - 16:00:32] AdmCmd: a a has been revived by a a
[2023/10/5 - 16:02:10] AdmCmd: a a has been revived by a a
[2023/10/5 - 16:02:44] AdmCmd: a a has been revived by a a
[2023/10/5 - 16:05:49] AdmCmd: a a has been revived by a a
[2023/10/5 - 16:07:49] AdmCmd: a a has been revived by a a
[2023/10/5 - 16:08:25] AdmCmd: a a has been revived by a a
[2023/10/5 - 16:15:46] AdmCmd: a a has been revived by a a
[2023/10/5 - 16:23:06] AdmCmd: a a has been revived by a a
[2023/10/5 - 16:23:13] AdmCmd: a a has been revived by a a
[2023/10/5 - 16:23:19] AdmCmd: a a has been revived by a a
[2023/10/5 - 16:24:03] AdmCmd: a a has been revived by a a
[2023/10/5 - 16:26:15] AdmCmd: a a has been revived by a a
[2023/10/5 - 16:28:43] AdmCmd: a a has been revived by a a
[2023/10/5 - 16:30:34] AdmCmd: a a has been revived by a a
[2023/10/5 - 16:31:51] AdmCmd: a a has been revived by a a
[2023/10/5 - 16:34:56] AdmCmd: a a has been revived by a a
[2023/10/5 - 16:39:10] AdmCmd: a a has been revived by a a
[2023/10/5 - 16:46:05] AdmCmd: a a has been revived by a a
[2023/10/5 - 16:50:02] AdmCmd: a a has been revived by a a
[2023/10/5 - 16:51:51] AdmCmd: a a has been revived by a a
[2023/10/5 - 17:04:52] AdmCmd: a a has been revived by a a
[2023/10/5 - 17:09:25] AdmCmd: a a has been revived by a a
[2023/10/5 - 17:17:18] AdmCmd: a a has been revived by a a
[2023/10/5 - 17:17:39] AdmCmd: a a has been revived by a a
[2023/10/5 - 17:18:14] AdmCmd: a a has been revived by a a
[2023/10/5 - 17:18:22] AdmCmd: a a has been revived by a a
[2023/10/5 - 17:18:42] AdmCmd: a a has been revived by a a
[2023/10/5 - 17:19:08] AdmCmd: a a has been revived by a a
[2023/10/5 - 17:20:49] AdmCmd: a a has been revived by a a
[2023/10/5 - 17:21:33] AdmCmd: a a has been revived by a a
[2023/10/5 - 17:28:23] AdmCmd: a a has been revived by a a
[2023/10/5 - 17:28:44] AdmCmd: a a has been revived by a a
[2023/10/5 - 17:32:18] AdmCmd: a a has been revived by a a
[2023/10/5 - 17:33:28] AdmCmd: a a has been revived by a a
[2023/10/5 - 17:33:35] AdmCmd: a a has been revived by a a
[2023/10/5 - 17:35:25] AdmCmd: a a has been revived by a a
[2023/10/5 - 17:37:30] AdmCmd: a a has been revived by a a
[2023/10/5 - 18:38:21] AdmCmd: Dua has been revived by CouNil WisDom
[2023/10/5 - 18:40:06] AdmCmd: [Mask 46738_84] has been revived by [Mask 46738_84]
[2023/10/5 - 18:49:11] 
[2023/10/6 - 10:55:45] AdmCmd: a a has been revived by a a
[2023/10/6 - 11:10:02] AdmCmd: a a has been revived by a a
[2023/10/6 - 12:19:55] AdmCmd: a a has been revived by a a
[2023/10/6 - 12:20:02] AdmCmd: a a has been revived by a a
[2023/10/6 - 12:54:58] Administrator a a has respawned all dynamic vehicles loaded on the server.
[2023/10/6 - 12:56:45] Administrator a a has respawned all dynamic vehicles loaded on the server.
[2023/10/6 - 12:56:48] Administrator a a has respawned all dynamic vehicles loaded on the server.
[2023/10/6 - 12:57:43] Administrator a a has respawned all dynamic vehicles loaded on the server.
[2023/10/6 - 12:58:24] Administrator a a has respawned all dynamic vehicles loaded on the server.
[2023/10/6 - 13:13:19] AdmCmd: a a has been revived by a a
[2023/10/6 - 13:13:24] AdmCmd: a a has been revived by a a
[2023/10/6 - 13:14:10] AdmCmd: a a has been revived by a a
[2023/10/6 - 13:15:30] AdmCmd: a a has been revived by a a
[2023/10/6 - 13:16:18] AdmCmd: a a has been revived by a a
[2023/10/6 - 13:18:30] AdmCmd: a a has been revived by a a
[2023/10/6 - 13:24:29] AdmCmd: a a has been revived by a a
[2023/10/6 - 13:34:25] AdmCmd: a a has been revived by a a
[2023/10/6 - 13:35:09] AdmCmd: a a has been revived by a a
[2023/10/6 - 13:38:11] AdmCmd: a a has been revived by a a
[2023/10/6 - 13:40:29] AdmCmd: a a has been revived by a a
[2023/10/6 - 13:42:11] AdmCmd: a a has been revived by a a
[2023/10/6 - 13:44:08] AdmCmd: a a has been revived by a a
[2023/10/6 - 13:46:51] Administrator a a has respawned all dynamic vehicles loaded on the server.
[2023/10/6 - 13:47:03] AdmCmd: a a has been revived by a a
[2023/10/6 - 13:48:09] Administrator Big Dick has respawned all dynamic vehicles loaded on the server.
[2023/10/6 - 13:50:54] Administrator Big Dick has respawned all dynamic vehicles loaded on the server.
[2023/10/6 - 13:58:10] Administrator Big Dick has respawned all dynamic vehicles loaded on the server.
[2023/10/6 - 13:58:46] Administrator Big Dick has respawned all dynamic vehicles loaded on the server.
[2023/10/6 - 13:59:03] Administrator Big Dick has respawned all dynamic vehicles loaded on the server.
[2023/10/6 - 13:59:43] Administrator Big Dick has respawned all dynamic vehicles loaded on the server.
[2023/10/6 - 14:03:54] Administrator Big Dick has respawned all dynamic vehicles loaded on the server.
[2023/10/6 - 14:17:03] AdmCmd: a a has been revived by a a
[2023/10/6 - 14:23:54] Administrator a a has respawned all dynamic vehicles loaded on the server.
[2023/10/6 - 14:32:45] Administrator a a has respawned all dynamic vehicles loaded on the server.
[2023/10/6 - 14:34:38] Administrator a a has respawned all dynamic vehicles loaded on the server.
[2023/10/6 - 14:37:00] AdmCmd: a a has been revived by a a
[2023/10/6 - 14:37:59] Administrator a a has respawned all dynamic vehicles loaded on the server.
[2023/10/6 - 14:44:41] Administrator a a has respawned all dynamic vehicles loaded on the server.
[2023/10/6 - 15:08:11] AdmCmd: Dua has been revived by Dua
[2023/10/6 - 16:33:49] 
[2023/10/6 - 16:42:57] 
[2023/10/6 - 16:43:26] 
[2023/10/6 - 16:44:48] AdmCmd: f1nnie has been revived by Hieu Ben Tau
[2023/10/6 - 16:49:53] AdmCmd: Hieu Ben Tau has been revived by Hieu Ben Tau
[2023/10/6 - 16:52:50] AdmCmd: Hieu Ben Tau has been revived by Hieu Ben Tau
[2023/10/6 - 17:36:34] AdmCmd: Dua has been revived by Dua
[2023/10/6 - 20:55:48] AdmCmd: Martin RCRP has been revived by Ton Wuyen
[2023/10/6 - 20:58:04] AdmCmd: Martin RCRP has been revived by Martin RCRP
[2023/10/6 - 20:59:21] 
[2023/10/6 - 20:59:32] 
[2023/10/6 - 20:59:46] 
[2023/10/6 - 21:02:24] Administrator Big Dick has respawned all dynamic vehicles loaded on the server.
[2023/10/6 - 21:05:31] Administrator Big Dick has respawned all dynamic vehicles loaded on the server.
[2023/10/6 - 21:05:46] AdmCmd: Gennedy Garrett has been revived by f1nnie
[2023/10/6 - 21:07:17] 
[2023/10/6 - 21:07:40] Administrator Big Dick has respawned all dynamic vehicles loaded on the server.
[2023/10/6 - 21:08:35] 
[2023/10/6 - 21:11:26] AdmCmd: huu QuanG has been revived by Martin RCRP
[2023/10/6 - 21:12:42] AdmCmd: Ton Wuyen has been revived by Martin RCRP
[2023/10/6 - 21:18:50] Administrator Big Dick has respawned all dynamic vehicles loaded on the server.
[2023/10/6 - 21:23:11] AdmCmd: Martin RCRP has been revived by Martin RCRP
[2023/10/6 - 21:26:35] 
[2023/10/6 - 21:26:48] 
[2023/10/6 - 21:26:54] 
[2023/10/6 - 21:27:10] 
[2023/10/6 - 21:27:35] 
[2023/10/6 - 21:27:43] AdmCmd: Loren Roman da bi phat tu boi Ton Wuyen, ly do: DM
[2023/10/6 - 21:27:44] 
[2023/10/6 - 21:29:42] AdmCmd: Loren Roman da duoc tha tu boi Loren Roman, ly do: 0
[2023/10/6 - 21:29:53] AdmCmd: Ton Wuyen da duoc tha tu boi Loren Roman, ly do: 0
[2023/10/6 - 21:32:08] Administrator Big Dick has respawned all dynamic vehicles loaded on the server.
[2023/10/6 - 21:35:04] AdmCmd: a a has been revived by a a
[2023/10/6 - 21:35:34] AdmCmd: Loren Roman has been revived by Loren Roman
[2023/10/6 - 21:35:41] AdmCmd: Loren Roman has been revived by Loren Roman
[2023/10/6 - 21:47:18] AdmCmd: Ton Wuyen has been revived by Ton Wuyen
[2023/10/6 - 21:48:23] AdmCmd: a a has been revived by a a
[2023/10/6 - 21:48:43] 
[2023/10/6 - 21:53:55] AdmCmd: a a has been revived by a a
[2023/10/6 - 21:53:59] 
[2023/10/6 - 21:54:17] 
[2023/10/6 - 21:54:29] 
[2023/10/6 - 21:54:33] AdmCmd: f1nnie da bi phat tu boi a a, ly do: 0 0
[2023/10/6 - 21:54:38] AdmCmd: f1nnie da bi phat tu boi a a, ly do: 0 0
[2023/10/6 - 21:54:49] 
[2023/10/6 - 21:57:43] 
[2023/10/6 - 21:58:02] AdmCmd: a a da bi phat tu boi f1nnie, ly do: a
[2023/10/6 - 21:58:19] AdmCmd: Ton Wuyen has been revived by Ton Wuyen
[2023/10/6 - 21:58:49] 
[2023/10/6 - 21:58:59] 
[2023/10/6 - 22:01:16] AdmCmd: a a da bi phat tu boi a a, ly do: 0
[2023/10/6 - 22:02:00] AdmCmd: huu QuanG has been revived by a a
[2023/10/6 - 22:02:35] AdmCmd: a a has been revived by a a
[2023/10/6 - 22:02:43] AdmCmd: a a has been revived by a a
[2023/10/6 - 22:04:16] AdmCmd: Loren Roman has been revived by Loren Roman
[2023/10/6 - 22:04:24] AdmCmd: Loren Roman has been revived by Loren Roman
[2023/10/6 - 22:04:27] AdmCmd: a a has been revived by a a
[2023/10/6 - 22:04:28] AdmCmd: Loren Roman has been revived by Loren Roman
[2023/10/6 - 22:04:43] AdmCmd: Loren Roman has been revived by Loren Roman
[2023/10/6 - 22:04:45] AdmCmd: a a has been revived by a a
[2023/10/6 - 22:04:47] AdmCmd: Loren Roman has been revived by Loren Roman
[2023/10/6 - 22:05:15] AdmCmd: a a has been revived by a a
[2023/10/6 - 22:05:22] AdmCmd: f1nnie has been revived by f1nnie
[2023/10/6 - 22:09:58] AdmCmd: a a has been revived by a a
[2023/10/6 - 22:17:57] AdmCmd: f1nnie has been revived by f1nnie
[2023/10/6 - 22:19:56] AdmCmd: Ton Wuyen has been revived by Ton Wuyen
[2023/10/7 - 12:15:25] Administrator a a has respawned all dynamic vehicles loaded on the server.
[2023/10/7 - 12:19:41] Administrator a a has respawned all dynamic vehicles loaded on the server.
[2023/10/7 - 12:20:38] Administrator a a has respawned all dynamic vehicles loaded on the server.
[2023/10/7 - 12:22:11] Administrator a a has respawned all dynamic vehicles loaded on the server.
[2023/10/7 - 12:37:27] Administrator a a has respawned all dynamic vehicles loaded on the server.
[2023/10/7 - 12:37:30] Administrator a a has respawned all dynamic vehicles loaded on the server.
[2023/10/7 - 12:40:48] AdmCmd: a a has been revived by a a
[2023/10/7 - 13:09:56] Administrator a a has respawned all dynamic vehicles loaded on the server.
[2023/10/7 - 13:17:30] Administrator a a has respawned all dynamic vehicles loaded on the server.
[2023/10/7 - 17:56:29] 
[2023/10/7 - 17:56:33] 
[2023/10/7 - 17:56:45] 
[2023/10/7 - 18:36:12] AdmCmd: Dua has been revived by Dua
[2023/10/7 - 20:57:17] AdmCmd: a a has been revived by a a
[2023/10/7 - 21:03:02] Administrator a a has respawned all dynamic vehicles loaded on the server.
[2023/10/7 - 21:04:41] AdmCmd: a a has been revived by a a
[2023/10/7 - 21:09:09] AdmCmd: a a has been revived by a a
[2023/10/7 - 21:17:37] Administrator a a has respawned all dynamic vehicles loaded on the server.
[2023/10/7 - 21:30:40] AdmCmd: a a has been revived by a a
[2023/10/7 - 23:01:51] 
[2023/10/7 - 23:01:58] 
[2023/10/7 - 23:24:05] AdmCmd: Dua has been revived by Finn
[2023/10/7 - 23:24:48] AdmCmd: Finn has been revived by Finn
[2023/10/7 - 23:25:39] AdmCmd: Finn has been revived by Finn
[2023/10/7 - 23:36:51] AdmCmd: Dua has been revived by Dua
[2023/10/7 - 23:36:58] AdmCmd: Finn has been revived by Finn
[2023/10/7 - 23:49:14] AdmCmd: Dua has been revived by Dua
[2023/10/8 - 0:09:23] AdmCmd: Dua has been revived by Dua
[2023/10/8 - 0:09:26] AdmCmd: Dua has been revived by Dua
[2023/10/8 - 1:19:06] AdmCmd: CouNil WisDom has been revived by CouNil WisDom
[2023/10/8 - 1:45:20] AdmCmd: CouNil WisDom has been revived by CouNil WisDom
