[2019/7/11 - 13:01:46] Mr Son has edited DoorID 74's Admin Level.
[2019/7/11 - 14:20:07] Mr Son has edited DoorID 74's Exterior.
[2023/4/18 - 22:08:12] Jonhien has deleted DoorID 0.
[2023/4/18 - 22:08:13] Jonhien has deleted DoorID 1.
[2023/4/18 - 22:08:13] Jonhien has deleted DoorID 2.
[2023/4/18 - 22:08:14] Jonhien has deleted DoorID 3.
[2023/4/18 - 22:08:15] Jonhien has deleted DoorID 5.
[2023/4/18 - 22:08:15] Jonhien has deleted DoorID 6.
[2023/4/18 - 22:08:19] Jonhien has deleted DoorID 8.
[2023/4/18 - 22:08:22] Jonhien has deleted DoorID 9.
[2023/4/18 - 22:08:23] Jonhien has deleted DoorID 10.
[2023/4/18 - 22:08:24] Jonhien has deleted DoorID 11.
[2023/4/18 - 22:08:24] Jonhien has deleted DoorID 12.
[2023/4/18 - 22:08:25] Jonhien has deleted DoorID 13.
[2023/4/18 - 22:08:27] Jonhien has deleted DoorID 16.
[2023/4/18 - 22:08:29] Jonhien has deleted DoorID 18.
[2023/4/18 - 22:47:48] Jonhien has edited DoorID 1's Exterior.
[2023/4/18 - 22:47:51] Jonhien has edited DoorID 0's Exterior.
[2023/4/18 - 22:48:06] Jonhien has edited door ID 1's name to Door Testing.
[2023/4/18 - 22:48:25] Jonhien has edited DoorID 0's Group Type to -1.
[2023/4/18 - 22:48:34] Jonhien has edited DoorID 1's Group Type to -1.
[2023/4/18 - 22:48:40] Jonhien has edited DoorID 1's Faction.
[2023/4/18 - 22:48:44] Jonhien has edited DoorID 1's type.
[2023/4/18 - 22:48:48] Jonhien has edited DoorID 1's type.
[2023/4/18 - 22:48:49] Jonhien has edited DoorID 1's type.
[2023/4/18 - 22:48:52] Jonhien has edited DoorID 1's type.
[2023/4/18 - 22:48:57] Jonhien has edited DoorID 1's Faction.
[2023/4/18 - 23:15:01] Jonhien has edited door ID 12's name to Door Testing.
[2023/4/18 - 23:15:06] Jonhien has edited DoorID 21's PickupModel.
[2023/4/18 - 23:15:07] Jonhien has edited DoorID 21's PickupModel.
[2023/4/18 - 23:15:09] Jonhien has edited DoorID 21's PickupModel.
[2023/4/18 - 23:15:09] Jonhien has edited DoorID 21's PickupModel.
[2023/4/18 - 23:15:10] Jonhien has edited DoorID 21's PickupModel.
[2023/4/18 - 23:15:12] Jonhien has edited DoorID 21's PickupModel.
[2023/4/18 - 23:15:53] Jonhien has edited DoorID 12's Exterior.
[2023/4/22 - 16:14:05] Jonhien has edited DoorID 1's Family.
[2023/10/5 - 15:56:28] a a has edited DoorID 0's Exterior.
[2023/10/5 - 15:57:57] a a has edited DoorID 0's PickupModel.
[2023/10/5 - 15:58:39] a a has edited DoorID 0's type.
[2023/10/5 - 15:58:46] a a has edited DoorID 0's Faction.
[2023/10/5 - 15:58:52] a a has edited DoorID 0's type.
[2023/10/5 - 15:59:20] a a has edited DoorID 0's type.
[2023/10/5 - 15:59:40] a a has edited door ID 0's name to City Hall Red County.
[2023/10/5 - 15:59:49] a a has edited DoorID 0's Color.
[2023/10/5 - 15:59:50] a a has edited DoorID 0's Color.
[2023/10/5 - 16:00:17] a a has edited DoorID 0's Interior.
[2023/10/5 - 16:00:56] a a has edited DoorID 0's CustomInterior.
[2023/10/5 - 16:02:45] Martin RCRP has edited DoorID 1's Exterior.
[2023/10/5 - 16:03:08] Martin RCRP has edited DoorID 1's Exterior.
[2023/10/5 - 16:03:28] Martin RCRP has edited DoorID 1's type.
[2023/10/5 - 16:17:04] a a has edited DoorID 1's Exterior.
[2023/10/5 - 16:17:15] a a has edited DoorID 1's PickupModel.
[2023/10/5 - 16:18:17] Martin RCRP has edited DoorID 1's Interior.
[2023/10/5 - 16:18:55] a a has edited DoorID 1's type.
[2023/10/5 - 16:18:59] a a has edited door ID 1's owner to a a (SQL ID: 56).
[2023/10/5 - 16:19:16] a a has edited DoorID 1's type.
[2023/10/5 - 16:20:35] a a has edited DoorID 1's PickupModel.
[2023/10/5 - 16:20:38] a a has edited DoorID 1's PickupModel.
[2023/10/5 - 16:20:50] a a has edited DoorID 1's PickupModel.
[2023/10/5 - 16:20:52] Martin RCRP has edited DoorID 3's PickupModel.
[2023/10/5 - 16:20:54] Martin RCRP has edited DoorID 4's PickupModel.
[2023/10/5 - 16:21:00] Martin RCRP has edited DoorID 1's PickupModel.
[2023/10/5 - 16:23:55] Martin RCRP has edited DoorID 0's Interior.
[2023/10/5 - 16:23:59] Martin RCRP has edited DoorID 1's Interior.
[2023/10/5 - 16:24:09] Martin RCRP has edited DoorID 2's Interior.
[2023/10/5 - 16:26:59] a a has edited DoorID 0's Interior.
[2023/10/5 - 16:27:49] a a has edited door ID 1's name to 1.
[2023/10/5 - 16:27:50] a a has deleted DoorID 1.
[2023/10/5 - 16:28:56] Martin RCRP has edited DoorID 1's Interior.
[2023/10/5 - 16:29:17] Martin RCRP has edited DoorID 0's Interior.
[2023/10/5 - 16:29:21] Martin RCRP has edited DoorID 1's Interior.
[2023/10/5 - 16:29:26] Martin RCRP has edited DoorID 0's Interior.
[2023/10/5 - 16:29:36] a a has edited DoorID 1's Exterior.
[2023/10/5 - 16:32:56] Martin RCRP has edited DoorID 1's Interior.
[2023/10/5 - 16:33:05] a a has edited DoorID 1's CustomExterior.
[2023/10/5 - 16:33:47] a a has edited DoorID 1's Interior.
[2023/10/5 - 16:35:52] a a has edited DoorID 1's Interior.
[2023/10/5 - 16:35:56] Martin RCRP has edited DoorID 1's Interior.
[2023/10/5 - 16:36:51] Martin RCRP has edited DoorID 0's PickupModel.
[2023/10/5 - 16:37:06] a a has edited DoorID 1's Interior.
[2023/10/5 - 16:37:10] a a has edited DoorID 1's CustomInterior.
[2023/10/5 - 16:37:30] Martin RCRP has edited DoorID 1's PickupModel.
[2023/10/5 - 16:38:30] a a has edited DoorID 1's PickupModel.
[2023/10/5 - 16:38:38] a a has edited DoorID 1's PickupModel.
[2023/10/5 - 16:38:44] Martin RCRP has edited DoorID 1's PickupModel.
[2023/10/5 - 16:39:17] Martin RCRP has edited door ID 1's name to SAMFD.
[2023/10/5 - 16:39:38] Martin RCRP has edited door ID 1's name to San Andreas Medic and Fire Department.
[2023/10/5 - 16:46:17] a a has edited DoorID 1's PickupModel.
[2023/10/5 - 16:46:19] a a has edited DoorID 1's PickupModel.
[2023/10/5 - 16:46:22] a a has edited DoorID 1's PickupModel.
[2023/10/5 - 16:46:24] a a has edited DoorID 1's PickupModel.
[2023/10/5 - 16:51:11] Martin RCRP has edited DoorID 1's Color.
[2023/10/5 - 16:51:25] a a has edited DoorID 1's Color.
[2023/10/5 - 16:52:37] a a has edited DoorID 2's Exterior.
[2023/10/5 - 16:52:43] a a has edited door ID 2's name to 2.
[2023/10/5 - 16:53:18] a a has edited DoorID 2's Interior.
[2023/10/5 - 16:53:23] a a has edited DoorID 2's CustomInterior.
[2023/10/5 - 16:53:25] a a has edited DoorID 2's CustomInterior.
[2023/10/5 - 16:54:56] a a has edited DoorID 1's Color.
[2023/10/5 - 16:55:03] a a has edited DoorID 2's Color.
[2023/10/5 - 16:55:05] a a has edited DoorID 2's Color.
[2023/10/5 - 16:55:09] a a has edited DoorID 2's Color.
[2023/10/5 - 16:55:10] a a has edited DoorID 2's Color.
[2023/10/5 - 16:55:14] a a has edited DoorID 2's Color.
[2023/10/5 - 16:55:16] a a has edited DoorID 2's Color.
[2023/10/5 - 16:55:18] a a has edited DoorID 2's Color.
[2023/10/5 - 16:55:20] a a has edited DoorID 2's Color.
[2023/10/5 - 16:55:23] a a has edited DoorID 2's Color.
[2023/10/5 - 16:55:50] a a has edited DoorID 2's Faction.
[2023/10/5 - 16:55:53] a a has edited DoorID 2's type.
[2023/10/5 - 16:56:09] a a has edited DoorID 2's Color.
[2023/10/5 - 16:56:56] Martin RCRP has edited DoorID 2's Color.
[2023/10/5 - 16:57:02] Martin RCRP has edited DoorID 2's Color.
[2023/10/5 - 16:57:30] Martin RCRP has edited DoorID 2's Color.
[2023/10/5 - 17:04:46] a a has edited door ID 2's name to The Sheriff Of San Andreas.
[2023/10/5 - 17:05:16] a a has edited door ID 2's name to San Andreas Sheriff.
[2023/10/5 - 17:17:13] a a has edited DoorID 2's Color.
[2023/10/5 - 17:37:03] a a has edited DoorID 3's Exterior.
[2023/10/5 - 17:44:17] a a has edited DoorID 3's Interior.
[2023/10/5 - 17:45:03] a a has edited DoorID 2's PickupModel.
[2023/10/5 - 17:45:08] a a has edited DoorID 2's PickupModel.
[2023/10/5 - 17:45:12] a a has edited DoorID 2's PickupModel.
[2023/10/5 - 17:45:31] a a has edited DoorID 2's PickupModel.
[2023/10/6 - 12:33:37] a a has edited DoorID 2's PickupModel.
[2023/10/6 - 12:33:40] a a has edited DoorID 2's PickupModel.
[2023/10/6 - 12:33:46] a a has edited DoorID 2's PickupModel.
[2023/10/6 - 12:33:50] a a has edited DoorID 2's PickupModel.
[2023/10/6 - 12:33:53] a a has edited DoorID 2's PickupModel.
[2023/10/6 - 12:33:56] a a has edited DoorID 2's PickupModel.
[2023/10/6 - 12:33:59] a a has edited DoorID 2's PickupModel.
[2023/10/6 - 12:34:03] a a has edited DoorID 2's PickupModel.
[2023/10/6 - 12:34:05] a a has edited DoorID 2's PickupModel.
[2023/10/6 - 12:34:06] a a has edited DoorID 2's PickupModel.
[2023/10/6 - 12:34:08] a a has edited DoorID 2's PickupModel.
[2023/10/6 - 12:34:11] a a has edited DoorID 2's PickupModel.
[2023/10/6 - 12:34:13] a a has edited DoorID 2's PickupModel.
[2023/10/6 - 12:34:15] a a has edited DoorID 2's PickupModel.
[2023/10/6 - 12:34:46] a a has edited DoorID 2's Group Type to 1.
[2023/10/6 - 12:34:57] a a has edited DoorID 2's Faction.
[2023/10/6 - 12:35:10] a a has edited DoorID 2's Admin Level.
[2023/10/6 - 12:35:24] a a has edited DoorID 2's Faction.
[2023/10/6 - 12:37:44] a a has edited DoorID 2's Faction.
[2023/10/6 - 12:38:05] a a has edited DoorID 2's Group Type to 1.
[2023/10/6 - 12:38:09] a a has edited DoorID 2's Group Type to 0.
[2023/10/6 - 12:38:11] a a has edited DoorID 2's Group Type to 1.
[2023/10/6 - 12:38:31] a a has edited DoorID 2's Faction.
[2023/10/6 - 13:15:18] a a has edited DoorID 3's Exterior.
[2023/10/6 - 13:16:07] a a has edited DoorID 3's Interior.
[2023/10/6 - 13:16:22] a a has edited door ID 3's name to Gara.
[2023/10/6 - 13:16:31] a a has edited DoorID 4's Exterior.
[2023/10/6 - 13:16:38] a a has edited door ID 4's name to Loi ra.
[2023/10/6 - 13:16:47] a a has edited DoorID 4's PickupModel.
[2023/10/6 - 13:16:49] a a has edited DoorID 4's PickupModel.
[2023/10/6 - 13:16:51] a a has edited DoorID 4's PickupModel.
[2023/10/6 - 13:17:09] a a has edited DoorID 4's Interior.
[2023/10/6 - 13:17:31] a a has edited DoorID 4's CustomInterior.
[2023/10/6 - 13:17:36] a a has edited DoorID 4's CustomExterior.
[2023/10/6 - 13:17:39] a a has edited DoorID 3's CustomExterior.
[2023/10/6 - 13:17:44] a a has edited DoorID 4's CustomExterior.
[2023/10/6 - 13:19:23] a a has edited DoorID 4's PickupModel.
[2023/10/6 - 13:19:56] a a has edited DoorID 4's VIP Level.
[2023/10/6 - 13:20:01] a a has edited DoorID 4's Family.
[2023/10/6 - 13:20:28] a a has edited DoorID 4's Family.
[2023/10/6 - 13:20:36] a a has edited DoorID 4's type.
[2023/10/6 - 13:20:54] a a has edited DoorID 4's Family.
[2023/10/6 - 13:21:05] a a has edited DoorID 4's Family.
[2023/10/6 - 13:21:11] a a has edited DoorID 4's Family.
[2023/10/6 - 13:21:30] a a has edited DoorID 4's type.
[2023/10/6 - 13:21:45] a a has edited DoorID 4's Family.
[2023/10/6 - 13:21:52] a a has edited DoorID 4's Family.
[2023/10/6 - 13:21:54] a a has edited DoorID 4's Family.
[2023/10/6 - 13:21:59] a a has edited DoorID 4's type.
[2023/10/6 - 13:22:23] a a has edited DoorID 4's Group Type to 1.
[2023/10/6 - 13:22:26] a a has edited DoorID 4's Faction.
[2023/10/6 - 13:22:31] a a has edited DoorID 4's type.
[2023/10/6 - 13:22:47] a a has edited DoorID 5's Exterior.
[2023/10/6 - 13:22:50] a a has deleted DoorID 4.
[2023/10/6 - 13:22:59] a a has edited DoorID 4's Interior.
[2023/10/6 - 13:25:04] a a has edited DoorID 4's Interior.
[2023/10/6 - 13:25:11] a a has edited DoorID 5's Interior.
[2023/10/6 - 13:25:29] a a has edited door ID 5's owner to a a (SQL ID: 56).
[2023/10/6 - 13:25:49] a a has edited DoorID 5's Faction.
[2023/10/6 - 13:25:52] a a has edited DoorID 5's type.
[2023/10/6 - 13:25:59] a a has edited door ID 5's name to Loi ra.
[2023/10/6 - 13:26:24] a a has edited DoorID 5's VehicleAble.
[2023/10/6 - 13:26:26] a a has edited DoorID 5's VehicleAble.
[2023/10/6 - 13:26:31] a a has edited DoorID 4's VehicleAble.
[2023/10/6 - 13:26:43] a a has edited DoorID 3's Faction.
[2023/10/6 - 13:26:48] a a has edited DoorID 3's type.
[2023/10/6 - 13:29:01] a a has edited DoorID 3's VehicleAble.
[2023/10/6 - 13:29:59] a a has edited DoorID 3's PickupModel.
[2023/10/6 - 13:30:03] a a has edited DoorID 3's PickupModel.
[2023/10/6 - 13:30:08] a a has edited DoorID 3's PickupModel.
[2023/10/6 - 13:30:12] a a has edited DoorID 3's PickupModel.
[2023/10/6 - 13:30:25] a a has edited DoorID 3's PickupModel.
[2023/10/6 - 13:30:28] a a has edited DoorID 3's PickupModel.
[2023/10/6 - 13:30:31] a a has edited DoorID 3's PickupModel.
[2023/10/6 - 13:30:33] a a has edited DoorID 3's PickupModel.
[2023/10/6 - 13:30:37] a a has edited DoorID 3's PickupModel.
[2023/10/6 - 13:30:40] a a has edited DoorID 3's PickupModel.
[2023/10/6 - 13:30:42] a a has edited DoorID 3's PickupModel.
[2023/10/6 - 13:30:44] a a has edited DoorID 3's PickupModel.
[2023/10/6 - 13:30:45] a a has edited DoorID 3's PickupModel.
[2023/10/6 - 13:30:48] a a has edited DoorID 3's PickupModel.
[2023/10/6 - 13:30:50] a a has edited DoorID 3's PickupModel.
[2023/10/6 - 13:30:53] a a has edited DoorID 3's PickupModel.
[2023/10/6 - 13:30:56] a a has edited DoorID 3's PickupModel.
[2023/10/6 - 13:30:59] a a has edited DoorID 3's PickupModel.
[2023/10/6 - 13:31:02] a a has edited DoorID 3's PickupModel.
[2023/10/6 - 13:31:09] a a has edited DoorID 3's PickupModel.
[2023/10/6 - 13:31:40] a a has edited DoorID 3's Exterior.
[2023/10/6 - 13:32:08] a a has edited DoorID 5's Color.
[2023/10/6 - 13:32:11] a a has edited DoorID 5's Color.
[2023/10/6 - 13:32:12] a a has edited DoorID 5's Color.
[2023/10/6 - 13:32:13] a a has edited DoorID 5's Color.
[2023/10/6 - 13:32:15] a a has edited DoorID 5's Color.
[2023/10/6 - 13:32:17] a a has edited DoorID 5's Color.
[2023/10/6 - 13:32:18] a a has edited DoorID 5's Color.
[2023/10/6 - 13:32:20] a a has edited DoorID 5's Color.
[2023/10/6 - 13:32:21] a a has edited DoorID 5's Color.
[2023/10/6 - 13:32:25] a a has edited DoorID 5's Color.
[2023/10/6 - 13:32:26] a a has edited DoorID 5's Color.
[2023/10/6 - 13:32:28] a a has edited DoorID 5's Color.
[2023/10/6 - 13:32:29] a a has edited DoorID 5's Color.
[2023/10/6 - 20:20:35] Dua has edited DoorID 2's Interior.
[2023/10/6 - 21:44:05] a a has edited DoorID 0's Interior.
[2023/10/6 - 21:44:22] a a has edited DoorID 0's CustomInterior.
[2023/10/6 - 21:44:23] a a has edited DoorID 0's CustomInterior.
[2023/10/6 - 21:44:28] a a has edited DoorID 0's CustomExterior.
[2023/10/7 - 21:02:38] a a has edited DoorID 2's Admin Level.
[2023/10/7 - 21:03:23] a a has edited DoorID 4's Exterior.
[2023/10/7 - 21:04:02] a a has edited DoorID 4's Interior.
[2023/10/7 - 21:04:08] a a has edited DoorID 4's CustomInterior.
[2023/10/7 - 21:04:12] a a has edited DoorID 4's CustomExterior.
[2023/10/7 - 21:04:19] a a has edited door ID 4's name to Tu IC SASD.
[2023/10/7 - 21:04:25] a a has edited DoorID 4's PickupModel.
[2023/10/7 - 21:04:32] a a has edited DoorID 4's PickupModel.
[2023/10/7 - 21:04:34] a a has edited DoorID 4's PickupModel.
[2023/10/7 - 21:04:36] a a has edited DoorID 4's PickupModel.
[2023/10/7 - 21:04:46] a a has edited DoorID 4's Group Type to 1.
[2023/10/7 - 21:04:50] a a has edited DoorID 4's Faction.
[2023/11/5 - 10:02:48] CouNil WisDom has edited DoorID 3's CustomInterior.
