[2022/8/6 - 19:31:57] cuong17 has created a dynamic vehicle.
[2022/8/6 - 19:31:57] cuong17's DV Creation query has returned - attempting to spawn vehicle - SQL ID 165
[2022/8/6 - 19:32:22] cuong17 has edited DV Slot 165 - 239 delete.
[2023/10/1 - 18:54:15] Hidan Sebastian has created a dynamic vehicle.
[2023/10/1 - 18:54:16] Hidan Sebastian's DV Creation query has returned - attempting to spawn vehicle - SQL ID 231
[2023/10/1 - 18:54:24] Hidan Sebastian has edited DV Slot 231 - 234 groupid 3.
[2023/10/1 - 18:54:29] Hidan Sebastian has edited DV Slot 231 - 234 groupid 1.
[2023/10/1 - 18:54:39] Hidan Sebastian has created a dynamic vehicle.
[2023/10/1 - 18:54:39] Hidan Sebastian's DV Creation query has returned - attempting to spawn vehicle - SQL ID 363
[2023/10/1 - 18:54:41] Hidan Sebastian has edited DV Slot 363 - 234 groupid 1.
[2023/10/1 - 18:54:49] Hidan Sebastian has created a dynamic vehicle.
[2023/10/1 - 18:54:49] Hidan Sebastian's DV Creation query has returned - attempting to spawn vehicle - SQL ID 369
[2023/10/6 - 12:43:45] a a has created a dynamic vehicle.
[2023/10/6 - 12:43:45] a a's DV Creation query has returned - attempting to spawn vehicle - SQL ID 370
[2023/10/6 - 12:44:38] a a has created a dynamic vehicle.
[2023/10/6 - 12:44:38] a a's DV Creation query has returned - attempting to spawn vehicle - SQL ID 371
[2023/10/6 - 12:46:08] a a has edited DV Slot 371 - 230 delete.
[2023/10/6 - 12:48:26] a a has edited DV Slot 370 - 229 vcol1 .
[2023/10/6 - 12:48:29] a a has edited DV Slot 370 - 229 vcol1 0.
[2023/10/6 - 12:48:50] a a has edited DV Slot 370 - 229 delete.
[2023/10/6 - 12:52:14] a a has created a dynamic vehicle.
[2023/10/6 - 12:52:14] a a's DV Creation query has returned - attempting to spawn vehicle - SQL ID 370
[2023/10/6 - 12:52:46] a a has edited DV Slot 370 - 229 groupid 1.
[2023/10/6 - 12:55:23] a a has created a dynamic vehicle.
[2023/10/6 - 12:55:23] a a's DV Creation query has returned - attempting to spawn vehicle - SQL ID 371
[2023/10/6 - 12:55:26] a a has created a dynamic vehicle.
[2023/10/6 - 12:55:26] a a's DV Creation query has returned - attempting to spawn vehicle - SQL ID 372
[2023/10/6 - 12:55:27] a a has created a dynamic vehicle.
[2023/10/6 - 12:55:27] a a's DV Creation query has returned - attempting to spawn vehicle - SQL ID 373
[2023/10/6 - 12:55:29] a a has created a dynamic vehicle.
[2023/10/6 - 12:55:29] a a's DV Creation query has returned - attempting to spawn vehicle - SQL ID 374
[2023/10/6 - 12:55:30] a a has created a dynamic vehicle.
[2023/10/6 - 12:55:30] a a's DV Creation query has returned - attempting to spawn vehicle - SQL ID 375
[2023/10/6 - 12:56:07] a a has edited DV Slot 371 - 239 groupid 1.
[2023/10/6 - 12:56:40] a a has edited DV Slot 372 - 240 groupid 1.
[2023/10/6 - 12:57:12] a a has edited DV Slot 373 - 241 groupid 1.
[2023/10/6 - 12:57:38] a a has edited DV Slot 374 - 242 groupid 1.
[2023/10/6 - 12:58:04] a a has edited DV Slot 375 - 243 groupid 1.
[2023/10/6 - 13:33:10] a a has created a dynamic vehicle.
[2023/10/6 - 13:33:10] a a's DV Creation query has returned - attempting to spawn vehicle - SQL ID 376
[2023/10/6 - 13:33:13] a a has created a dynamic vehicle.
[2023/10/6 - 13:33:13] a a's DV Creation query has returned - attempting to spawn vehicle - SQL ID 377
[2023/10/6 - 13:33:15] a a has created a dynamic vehicle.
[2023/10/6 - 13:33:15] a a's DV Creation query has returned - attempting to spawn vehicle - SQL ID 378
[2023/10/6 - 13:33:17] a a has created a dynamic vehicle.
[2023/10/6 - 13:33:17] a a's DV Creation query has returned - attempting to spawn vehicle - SQL ID 379
[2023/10/6 - 13:33:44] a a has edited DV Slot 376 - 244 groupid 1.
[2023/10/6 - 13:33:47] a a has edited DV Slot 377 - 245 groupid 1.
[2023/10/6 - 13:33:52] a a has edited DV Slot 378 - 246 groupid 1.
[2023/10/6 - 13:33:56] a a has edited DV Slot 379 - 247 groupid 1.
[2023/10/6 - 13:34:53] a a has created a dynamic vehicle.
[2023/10/6 - 13:34:53] a a's DV Creation query has returned - attempting to spawn vehicle - SQL ID 380
[2023/10/6 - 13:35:06] a a has created a dynamic vehicle.
[2023/10/6 - 13:35:06] a a's DV Creation query has returned - attempting to spawn vehicle - SQL ID 381
[2023/10/6 - 13:35:26] a a has edited DV Slot 380 - 248 groupid 1.
[2023/10/6 - 13:35:28] a a has edited DV Slot 381 - 249 groupid 1.
[2023/10/6 - 13:37:05] a a has created a dynamic vehicle.
[2023/10/6 - 13:37:05] a a's DV Creation query has returned - attempting to spawn vehicle - SQL ID 419
[2023/10/6 - 13:37:16] a a has created a dynamic vehicle.
[2023/10/6 - 13:37:16] a a's DV Creation query has returned - attempting to spawn vehicle - SQL ID 420
[2023/10/6 - 13:37:25] a a has edited DV Slot 420 - 251 delete.
[2023/10/6 - 13:37:27] a a has created a dynamic vehicle.
[2023/10/6 - 13:37:27] a a's DV Creation query has returned - attempting to spawn vehicle - SQL ID 420
[2023/10/6 - 13:37:34] a a has edited DV Slot 420 - 251 groupid 1.
[2023/10/6 - 13:37:37] a a has edited DV Slot 419 - 250 groupid 1.
[2023/10/6 - 13:38:05] a a has created a dynamic vehicle.
[2023/10/6 - 13:38:05] a a's DV Creation query has returned - attempting to spawn vehicle - SQL ID 421
[2023/10/6 - 13:38:25] a a has edited DV Slot 421 - 252 groupid 1.
[2023/10/6 - 13:38:53] a a has created a dynamic vehicle.
[2023/10/6 - 13:38:53] a a's DV Creation query has returned - attempting to spawn vehicle - SQL ID 422
[2023/10/6 - 13:39:11] a a has edited DV Slot 422 - 253 groupid 1.
[2023/10/6 - 13:39:32] a a has created a dynamic vehicle.
[2023/10/6 - 13:39:32] a a's DV Creation query has returned - attempting to spawn vehicle - SQL ID 423
[2023/10/6 - 13:39:40] a a has edited DV Slot 423 - 254 groupid 1.
[2023/10/6 - 13:40:52] a a has created a dynamic vehicle.
[2023/10/6 - 13:40:52] a a's DV Creation query has returned - attempting to spawn vehicle - SQL ID 424
[2023/10/6 - 13:41:05] a a has edited DV Slot 424 - 255 groupid 1.
[2023/10/6 - 13:41:22] a a has edited DV Slot 423 - 254 delete.
[2023/10/6 - 13:41:38] a a has created a dynamic vehicle.
[2023/10/6 - 13:41:38] a a's DV Creation query has returned - attempting to spawn vehicle - SQL ID 423
[2023/10/6 - 13:41:41] a a has created a dynamic vehicle.
[2023/10/6 - 13:41:41] a a's DV Creation query has returned - attempting to spawn vehicle - SQL ID 425
[2023/10/6 - 13:41:42] a a has created a dynamic vehicle.
[2023/10/6 - 13:41:42] a a's DV Creation query has returned - attempting to spawn vehicle - SQL ID 426
[2023/10/6 - 13:41:50] a a has edited DV Slot 425 - 256 groupid 1.
[2023/10/6 - 13:41:53] a a has edited DV Slot 423 - 254 groupid 1.
[2023/10/6 - 13:41:56] a a has edited DV Slot 426 - 257 groupid 1.
[2023/10/6 - 13:49:08] Big Dick has created a dynamic vehicle.
[2023/10/6 - 13:49:08] Big Dick's DV Creation query has returned - attempting to spawn vehicle - SQL ID 427
[2023/10/6 - 13:49:40] Big Dick has created a dynamic vehicle.
[2023/10/6 - 13:49:40] Big Dick's DV Creation query has returned - attempting to spawn vehicle - SQL ID 428
[2023/10/6 - 13:49:56] Big Dick has created a dynamic vehicle.
[2023/10/6 - 13:49:56] Big Dick's DV Creation query has returned - attempting to spawn vehicle - SQL ID 430
[2023/10/6 - 13:50:22] Big Dick has created a dynamic vehicle.
[2023/10/6 - 13:50:22] Big Dick's DV Creation query has returned - attempting to spawn vehicle - SQL ID 431
[2023/10/6 - 13:50:36] Big Dick has created a dynamic vehicle.
[2023/10/6 - 13:50:36] Big Dick's DV Creation query has returned - attempting to spawn vehicle - SQL ID 432
[2023/10/6 - 13:56:13] a a has created a dynamic vehicle.
[2023/10/6 - 13:56:13] a a's DV Creation query has returned - attempting to spawn vehicle - SQL ID 433
[2023/10/6 - 13:56:25] a a has edited DV Slot 433 - 263 delete.
[2023/10/6 - 13:56:37] a a has created a dynamic vehicle.
[2023/10/6 - 13:56:37] a a's DV Creation query has returned - attempting to spawn vehicle - SQL ID 433
[2023/10/6 - 13:56:47] a a has edited DV Slot 433 - 263 groupid 1.
[2023/10/6 - 13:57:03] a a has created a dynamic vehicle.
[2023/10/6 - 13:57:03] a a's DV Creation query has returned - attempting to spawn vehicle - SQL ID 436
[2023/10/6 - 13:57:11] a a has edited DV Slot 436 - 264 groupid 1.
[2023/10/6 - 13:57:13] a a has created a dynamic vehicle.
[2023/10/6 - 13:57:13] a a's DV Creation query has returned - attempting to spawn vehicle - SQL ID 437
[2023/10/6 - 13:57:18] a a has edited DV Slot 437 - 265 groupid 1.
[2023/10/6 - 13:57:21] a a has created a dynamic vehicle.
[2023/10/6 - 13:57:21] a a's DV Creation query has returned - attempting to spawn vehicle - SQL ID 452
[2023/10/6 - 13:57:25] a a has edited DV Slot 452 - 266 groupid 1.
[2023/10/6 - 14:01:11] Big Dick has created a dynamic vehicle.
[2023/10/6 - 14:01:11] Big Dick's DV Creation query has returned - attempting to spawn vehicle - SQL ID 453
[2023/10/6 - 14:51:01] a a has edited DV Slot 453 - 267 delete.
[2023/10/6 - 14:51:06] a a has edited DV Slot 428 - 257 delete.
[2023/10/6 - 14:51:08] a a has edited DV Slot 430 - 259 delete.
[2023/10/6 - 14:51:11] a a has edited DV Slot 431 - 260 delete.
[2023/10/6 - 14:51:13] a a has edited DV Slot 432 - 261 delete.
[2023/10/6 - 14:51:15] a a has edited DV Slot 427 - 256 delete.
[2023/10/6 - 14:58:57] a a has created a dynamic vehicle.
[2023/10/6 - 14:58:57] a a's DV Creation query has returned - attempting to spawn vehicle - SQL ID 427
[2023/10/6 - 14:59:34] a a has edited DV Slot 427 - 256 groupid 1.
[2023/10/6 - 14:59:41] a a has created a dynamic vehicle.
[2023/10/6 - 14:59:41] a a's DV Creation query has returned - attempting to spawn vehicle - SQL ID 428
[2023/10/6 - 14:59:48] a a has edited DV Slot 428 - 257 groupid 1.
[2023/10/6 - 15:00:10] a a has created a dynamic vehicle.
[2023/10/6 - 15:00:10] a a's DV Creation query has returned - attempting to spawn vehicle - SQL ID 430
[2023/10/6 - 15:00:19] a a has edited DV Slot 430 - 259 groupid 1.
[2023/10/6 - 15:04:11] a a has created a dynamic vehicle.
[2023/10/6 - 15:04:11] a a's DV Creation query has returned - attempting to spawn vehicle - SQL ID 431
[2023/10/6 - 15:04:21] a a has created a dynamic vehicle.
[2023/10/6 - 15:04:21] a a's DV Creation query has returned - attempting to spawn vehicle - SQL ID 432
[2023/10/6 - 15:04:26] a a has edited DV Slot 432 - 261 delete.
[2023/10/6 - 15:04:40] a a has edited DV Slot 431 - 260 groupid 2.
[2023/10/6 - 15:05:12] a a has created a dynamic vehicle.
[2023/10/6 - 15:05:12] a a's DV Creation query has returned - attempting to spawn vehicle - SQL ID 432
[2023/10/6 - 15:06:01] a a has edited DV Slot 432 - 261 groupid 2.
[2023/10/6 - 15:06:08] a a has created a dynamic vehicle.
[2023/10/6 - 15:06:08] a a's DV Creation query has returned - attempting to spawn vehicle - SQL ID 453
[2023/10/6 - 15:06:15] a a has edited DV Slot 453 - 267 groupid 2.
[2023/10/6 - 21:10:30] Big Dick has created a dynamic vehicle.
[2023/10/6 - 21:10:30] Big Dick's DV Creation query has returned - attempting to spawn vehicle - SQL ID 454
[2023/10/6 - 21:33:43] Big Dick has created a dynamic vehicle.
[2023/10/6 - 21:33:43] Big Dick's DV Creation query has returned - attempting to spawn vehicle - SQL ID 455
[2023/10/6 - 21:34:53] Big Dick has created a dynamic vehicle.
[2023/10/6 - 21:34:53] Big Dick's DV Creation query has returned - attempting to spawn vehicle - SQL ID 456
[2023/10/7 - 12:21:20] a a has created a dynamic vehicle.
[2023/10/7 - 12:21:20] a a's DV Creation query has returned - attempting to spawn vehicle - SQL ID 457
[2023/10/7 - 12:22:01] a a has edited DV Slot 457 - 271 vcol1 183.
[2023/10/7 - 12:22:03] a a has edited DV Slot 457 - 271 vcol1 183.
[2023/10/7 - 12:22:17] a a has edited DV Slot 457 - 271 delete.
[2023/10/7 - 12:24:41] a a has created a dynamic vehicle.
[2023/10/7 - 12:24:41] a a's DV Creation query has returned - attempting to spawn vehicle - SQL ID 457
[2023/10/7 - 12:25:22] a a has created a dynamic vehicle.
[2023/10/7 - 12:25:22] a a's DV Creation query has returned - attempting to spawn vehicle - SQL ID 458
[2023/10/7 - 12:25:24] a a has created a dynamic vehicle.
[2023/10/7 - 12:25:24] a a's DV Creation query has returned - attempting to spawn vehicle - SQL ID 459
[2023/10/7 - 12:25:34] a a has edited DV Slot 457 - 271 groupid 1.
[2023/10/7 - 12:25:35] a a has edited DV Slot 457 - 271 groupid 2.
[2023/10/7 - 12:25:39] a a has edited DV Slot 459 - 273 groupid 2.
[2023/10/7 - 12:25:42] a a has edited DV Slot 458 - 272 groupid 2.
[2023/10/7 - 13:10:03] a a has edited DV Slot 432 - 261 delete.
[2023/10/7 - 13:10:06] a a has edited DV Slot 453 - 267 delete.
[2023/10/7 - 13:10:10] a a has edited DV Slot 457 - 271 delete.
[2023/10/7 - 13:12:42] a a has created a dynamic vehicle.
[2023/10/7 - 13:12:42] a a's DV Creation query has returned - attempting to spawn vehicle - SQL ID 432
[2023/10/7 - 13:12:58] a a has created a dynamic vehicle.
[2023/10/7 - 13:12:58] a a's DV Creation query has returned - attempting to spawn vehicle - SQL ID 453
[2023/10/7 - 13:13:52] a a has edited DV Slot 453 - 267 delete.
[2023/10/7 - 13:13:57] a a has edited DV Slot 432 - 261 delete.
[2023/10/7 - 13:15:28] a a has created a dynamic vehicle.
[2023/10/7 - 13:15:28] a a's DV Creation query has returned - attempting to spawn vehicle - SQL ID 432
[2023/10/7 - 13:16:23] a a has created a dynamic vehicle.
[2023/10/7 - 13:16:23] a a's DV Creation query has returned - attempting to spawn vehicle - SQL ID 453
[2023/10/7 - 13:17:24] a a has edited DV Slot 453 - 267 groupid 2.
[2023/10/7 - 13:17:26] a a has edited DV Slot 432 - 261 groupid 2.
[2023/10/7 - 13:18:32] a a has edited DV Slot 432 - 261 objmodel 11701.
[2023/10/7 - 13:18:34] a a has edited DV Slot 432 - 261 objmodel 11701 1.
[2023/10/7 - 13:18:43] a a has edited DV Slot 432 - 261 objx 90.
[2023/10/7 - 13:18:46] a a has edited DV Slot 432 - 261 objx 90 1.
[2023/10/7 - 13:18:56] a a has edited DV Slot 432 - 261 objy 90 1.
[2023/10/7 - 13:19:07] a a has edited DV Slot 432 - 261 objx 90 1.
[2023/10/7 - 13:19:08] a a has edited DV Slot 432 - 261 objx 90 1.
[2023/10/7 - 13:19:10] a a has edited DV Slot 432 - 261 objx 90 1.
[2023/10/7 - 13:19:12] a a has edited DV Slot 432 - 261 objx 90 .
[2023/10/7 - 13:19:13] a a has edited DV Slot 432 - 261 objx 90 2.
[2023/10/7 - 13:19:15] a a has edited DV Slot 432 - 261 objx 90 1.
[2023/10/7 - 13:19:18] a a has edited DV Slot 432 - 261 objx -90 1.
[2023/10/7 - 13:19:19] a a has edited DV Slot 432 - 261 objx -90 1.
[2023/10/7 - 13:19:23] a a has edited DV Slot 432 - 261 objx -180 1.
[2023/10/7 - 13:19:48] a a has edited DV Slot 432 - 261 objmodel 11701 1.
[2023/10/7 - 13:19:54] a a has edited DV Slot 432 - 261 objmodel 11701 2.
[2023/10/7 - 13:19:56] a a has edited DV Slot 432 - 261 objmodel 11701 2.
[2023/10/7 - 13:19:58] a a has edited DV Slot 432 - 261 objmodel 11701 2.
[2023/10/7 - 13:20:09] a a has edited DV Slot 453 - 267 objmodel 11701 1.
[2023/10/7 - 13:21:08] a a has edited DV Slot 432 - 261  11701 1.
[2023/10/7 - 13:21:21] a a has edited DV Slot 432 - 261 objx 0.2.
[2023/10/7 - 13:21:22] a a has edited DV Slot 432 - 261 objx 0.2 1.
[2023/10/7 - 13:21:26] a a has edited DV Slot 453 - 267 objx 0.2 1.
[2023/10/7 - 13:21:28] a a has edited DV Slot 453 - 267 objx 0.2 1.
[2023/10/7 - 13:21:31] a a has edited DV Slot 453 - 267 objx 0.3 1.
[2023/10/7 - 13:21:35] a a has edited DV Slot 453 - 267 objx 0.4.
[2023/10/7 - 13:21:36] a a has edited DV Slot 453 - 267 objx 0.4 2.
[2023/10/7 - 13:21:41] a a has edited DV Slot 453 - 267 objx 1 2.
[2023/10/7 - 13:21:48] a a has edited DV Slot 453 - 267 objy 1 2.
[2023/10/7 - 13:21:51] a a has edited DV Slot 453 - 267 objy 10 2.
[2023/10/7 - 13:22:19] a a has edited DV Slot 453 - 267 objx 40 1.
[2023/10/7 - 13:22:30] a a has edited DV Slot 453 - 267 objx 30 1.
[2023/10/7 - 13:22:39] a a has edited DV Slot 453 - 267 objx 3 1.
[2023/10/7 - 13:22:44] a a has edited DV Slot 453 - 267 objx 4 1.
[2023/10/7 - 13:22:47] a a has edited DV Slot 453 - 267 objx 4 1.
[2023/10/7 - 13:22:50] a a has edited DV Slot 453 - 267 objx 5 1.
[2023/10/7 - 13:22:57] a a has edited DV Slot 453 - 267 objx 5 1.
[2023/10/7 - 13:23:00] a a has edited DV Slot 453 - 267 objz 5 1.
[2023/10/7 - 13:23:07] a a has edited DV Slot 453 - 267 objz -5 1.
[2023/10/7 - 13:23:15] a a has edited DV Slot 453 - 267 objx 10 1.
[2023/10/7 - 13:24:03] a a has edited DV Slot 453 - 267 objz 20 1.
[2023/10/7 - 13:24:12] a a has edited DV Slot 453 - 267 objz 30 1.
[2023/10/7 - 13:24:17] a a has edited DV Slot 453 - 267 objx 40 1.
[2023/10/7 - 13:24:32] a a has edited DV Slot 453 - 267 delete.
[2023/10/7 - 13:24:56] a a has created a dynamic vehicle.
[2023/10/7 - 13:24:56] a a's DV Creation query has returned - attempting to spawn vehicle - SQL ID 453
[2023/10/7 - 13:25:32] a a has edited DV Slot 453 - 267 groupid 1.
[2023/10/7 - 13:25:35] a a has edited DV Slot 453 - 267 groupid 2.
[2023/10/7 - 13:25:45] a a has edited DV Slot 453 - 267 objmodel 11701.
[2023/10/7 - 13:25:47] a a has edited DV Slot 453 - 267 objmodel 11701 2.
[2023/10/7 - 13:25:50] a a has edited DV Slot 453 - 267 objmodel 11701 1.
[2023/10/7 - 13:25:54] a a has edited DV Slot 453 - 267 objmodel 11701 1.
[2023/10/7 - 13:25:58] a a has edited DV Slot 453 - 267 objmodel 11701 2.
[2023/10/7 - 13:26:08] a a has edited DV Slot 453 - 267 objx 0.5.
[2023/10/7 - 13:26:10] a a has edited DV Slot 453 - 267 objx 0.5 1.
[2023/10/7 - 13:26:14] a a has edited DV Slot 453 - 267 objx 10 1.
[2023/10/7 - 13:26:18] a a has edited DV Slot 453 - 267 objz 10 1.
[2023/10/7 - 13:26:24] a a has edited DV Slot 453 - 267 objz 0.5 1.
[2023/10/7 - 13:26:27] a a has edited DV Slot 453 - 267 objz 0.5 1.
[2023/10/7 - 13:26:31] a a has edited DV Slot 453 - 267 objz 10 1.
[2023/10/7 - 13:26:35] a a has edited DV Slot 453 - 267 objy 10 1.
[2023/10/7 - 13:26:40] a a has edited DV Slot 453 - 267 objy 30 1.
[2023/10/7 - 13:26:45] a a has edited DV Slot 453 - 267 objy 30 1.
[2023/10/7 - 13:26:50] a a has edited DV Slot 453 - 267 objy 40 1.
[2023/10/7 - 13:26:55] a a has edited DV Slot 453 - 267 objy 2 1.
[2023/10/7 - 13:26:59] a a has edited DV Slot 453 - 267 objy -2 1.
[2023/10/7 - 13:27:01] a a has edited DV Slot 453 - 267 objy -20 1.
[2023/10/7 - 13:27:12] a a has edited DV Slot 453 - 267 objy -50 1.
[2023/10/7 - 13:27:19] a a has edited DV Slot 453 - 267 objy -50 1.
[2023/10/7 - 13:27:28] a a has edited DV Slot 453 - 267 objy -50 1.
[2023/10/7 - 13:27:44] a a has edited DV Slot 453 - 267 disabled.
[2023/10/7 - 13:27:47] a a has edited DV Slot 453 - 267 disabled.
[2023/10/7 - 13:28:06] a a has edited DV Slot 453 - 267 objmodel 0.
[2023/10/7 - 13:28:07] a a has edited DV Slot 453 - 267 objmodel 0 1.
[2023/10/7 - 13:28:14] a a has edited DV Slot 453 - 267 objmodel 0 2.
[2023/10/7 - 13:28:19] a a has edited DV Slot 432 - 261 objmodel 0 2.
[2023/10/7 - 13:28:21] a a has edited DV Slot 432 - 261 objmodel 0 1.
[2023/10/7 - 13:28:26] a a has edited DV Slot 432 - 261 objmodel 11701 1.
[2023/10/7 - 13:28:40] a a has edited DV Slot 432 - 261 objmodel 0 1.
[2023/10/7 - 13:28:45] a a has edited DV Slot 453 - 267 objmodel 11701 1.
[2023/10/7 - 13:28:58] a a has edited DV Slot 453 - 267 disabled 1.
[2023/10/7 - 13:29:27] a a has created a dynamic vehicle.
[2023/10/7 - 13:29:27] a a's DV Creation query has returned - attempting to spawn vehicle - SQL ID 457
[2023/10/7 - 13:29:58] a a has edited DV Slot 457 - 267 objmodel 11701 1.
[2023/10/7 - 13:30:10] a a has edited DV Slot 457 - 267 objx 0.5 1.
[2023/10/7 - 13:30:17] a a has edited DV Slot 457 - 267 objy 0.5 1.
[2023/10/7 - 13:30:21] a a has edited DV Slot 457 - 267 objz 0.5 1.
[2023/10/7 - 13:30:23] a a has edited DV Slot 457 - 267 objz 0.5 1.
[2023/10/7 - 13:30:27] a a has edited DV Slot 457 - 267 objz 0.8 1.
[2023/10/7 - 13:30:29] a a has edited DV Slot 457 - 267 objz 0.8 1.
[2023/10/7 - 13:30:33] a a has edited DV Slot 457 - 267 objz 0.9 1.
[2023/10/7 - 13:30:36] a a has edited DV Slot 457 - 267 objz 10 1.
[2023/10/7 - 13:30:42] a a has edited DV Slot 457 - 267 objx 10 1.
[2023/10/7 - 13:30:57] a a has edited DV Slot 457 - 267 objz 0.5 1.
[2023/10/7 - 13:31:04] a a has edited DV Slot 457 - 267 objz -10 1.
[2023/10/7 - 13:31:12] a a has edited DV Slot 457 - 267 disabled -10 1.
[2023/10/7 - 13:31:17] a a has edited DV Slot 457 - 267 disabled 1.
[2023/10/7 - 13:31:29] a a has created a dynamic vehicle.
[2023/10/7 - 13:31:29] a a's DV Creation query has returned - attempting to spawn vehicle - SQL ID 460
[2023/10/7 - 13:31:36] a a has edited DV Slot 460 - 267 objmodel 11701.
[2023/10/7 - 13:31:37] a a has edited DV Slot 460 - 267 objmodel 11701 1.
[2023/10/7 - 13:31:55] a a has edited DV Slot 460 - 267 objy 0.5 1.
[2023/10/7 - 13:32:00] a a has edited DV Slot 460 - 267 objy -0.5 1.
[2023/10/7 - 13:32:10] a a has edited DV Slot 460 - 267 objy 0.5 1.
[2023/10/7 - 13:32:15] a a has edited DV Slot 460 - 267 objz 0.5 1.
[2023/10/7 - 13:32:23] a a has edited DV Slot 460 - 267 objz 0.6 1.
[2023/10/7 - 13:32:26] a a has edited DV Slot 460 - 267 objz 0.6 1.
[2023/10/7 - 13:32:28] a a has edited DV Slot 460 - 267 objz 0.7 1.
[2023/10/7 - 13:32:32] a a has edited DV Slot 460 - 267 objz 0.8 1.
[2023/10/7 - 13:32:35] a a has edited DV Slot 460 - 267 objz 0.9 1.
[2023/10/7 - 13:32:41] a a has edited DV Slot 460 - 267 objz 0.9 1.
[2023/10/7 - 13:32:44] a a has edited DV Slot 460 - 267 objz 1.0 1.
[2023/10/7 - 13:32:46] a a has edited DV Slot 460 - 267 objz 1.1 1.
[2023/10/7 - 13:32:54] a a has edited DV Slot 460 - 267 objz 1.2 1.
[2023/10/7 - 13:32:56] a a has edited DV Slot 460 - 267 objz 1.3 1.
[2023/10/7 - 13:33:03] a a has edited DV Slot 460 - 267 objz 1.25 1.
[2023/10/7 - 13:33:09] a a has edited DV Slot 460 - 267 objz 1.1 1.
[2023/10/7 - 13:33:12] a a has edited DV Slot 460 - 267 objz 1.15 1.
[2023/10/7 - 13:33:56] a a has edited DV Slot 460 - 267 groupid 2.
[2023/10/7 - 13:34:08] a a has edited DV Slot 432 - 261 objmodel 11701 1.
[2023/10/7 - 13:34:22] a a has edited DV Slot 432 - 261 disabled.
[2023/10/7 - 13:34:24] a a has edited DV Slot 432 - 261 disabled.
[2023/10/7 - 13:34:26] a a has edited DV Slot 432 - 261 disabled 1.
[2023/10/7 - 13:34:34] a a has created a dynamic vehicle.
[2023/10/7 - 13:34:34] a a's DV Creation query has returned - attempting to spawn vehicle - SQL ID 461
[2023/10/7 - 13:35:13] a a has edited DV Slot 461 - 261 objmodel 11701 1.
[2023/10/7 - 13:35:21] a a has edited DV Slot 461 - 261 objy 0.5 1.
[2023/10/7 - 13:35:24] a a has edited DV Slot 461 - 261 objx 0.5 1.
[2023/10/7 - 13:35:27] a a has edited DV Slot 461 - 261 objy 0.5 1.
[2023/10/7 - 13:35:38] a a has edited DV Slot 461 - 261 objx -0.5 1.
[2023/10/7 - 13:35:42] a a has edited DV Slot 461 - 261 objx -0.2 1.
[2023/10/7 - 13:35:52] a a has edited DV Slot 461 - 261 objz 0.5 1.
[2023/10/7 - 13:35:56] a a has edited DV Slot 461 - 261 objz 1.15 1.
[2023/10/7 - 13:36:14] a a has edited DV Slot 461 - 261 objx -0.1 1.
[2023/10/7 - 13:36:35] a a has edited DV Slot 461 - 261 groupid 267 2.
[2023/10/7 - 13:36:38] a a has edited DV Slot 461 - 261 groupid 2.
[2023/10/7 - 13:36:43] a a has edited DV Slot 460 - 267 groupid 2.
[2023/10/7 - 14:00:01] a a has created a dynamic vehicle.
[2023/10/7 - 14:00:01] a a's DV Creation query has returned - attempting to spawn vehicle - SQL ID 462
[2023/10/7 - 14:00:16] a a has edited DV Slot 462 - 273 groupid 2.
[2023/10/7 - 21:16:49] a a has edited DV Slot 454 - 266 delete.
[2023/10/14 - 0:27:12] CouNil WisDom has edited DV Slot 265 - 188 delete.
[2023/10/14 - 0:27:18] CouNil WisDom has edited DV Slot 295 - 194 delete.
[2023/11/30 - 16:11:05] Phat Bentree has created a dynamic vehicle.
[2023/11/30 - 16:11:11] Phat Bentree's DV Creation query has returned - attempting to spawn vehicle - SQL ID 199
[2023/11/30 - 16:11:29] Phat Bentree has created a dynamic vehicle.
[2023/11/30 - 16:11:29] Phat Bentree's DV Creation query has returned - attempting to spawn vehicle - SQL ID 466
[2023/11/30 - 16:11:43] Phat Bentree has edited DV Slot 466 - 253 objmodel 995 1.
[2023/11/30 - 16:11:48] Phat Bentree has edited DV Slot 466 - 253 objy -2 1.
[2023/11/30 - 16:11:52] Phat Bentree has edited DV Slot 466 - 253 objy 0 1.
[2023/11/30 - 16:11:55] Phat Bentree has edited DV Slot 466 - 253 objz -2 1.
[2023/11/30 - 16:12:00] Phat Bentree has edited DV Slot 466 - 253 objz 0 1.
[2023/11/30 - 16:12:03] Phat Bentree has edited DV Slot 466 - 253 objx -2 1.
[2023/11/30 - 16:12:10] Phat Bentree has edited DV Slot 466 - 253 objy -2 1.
[2023/11/30 - 16:12:14] Phat Bentree has edited DV Slot 466 - 253 objx 0 1.
[2023/11/30 - 16:12:19] Phat Bentree has edited DV Slot 466 - 253 objrz 180 1.
[2023/11/30 - 16:12:25] Phat Bentree has edited DV Slot 466 - 253 objx -5 1.
[2023/11/30 - 16:12:28] Phat Bentree has edited DV Slot 466 - 253 objx 2 1.
[2023/11/30 - 16:12:46] Phat Bentree has edited DV Slot 466 - 253 objmodel 997 1.
[2023/11/30 - 16:12:52] Phat Bentree has edited DV Slot 466 - 253 objrx 90 1.
[2023/11/30 - 16:12:56] Phat Bentree has edited DV Slot 466 - 253 objrx -90 1.
[2023/11/30 - 16:13:05] Phat Bentree has edited DV Slot 466 - 253 objy -1 1.
[2023/11/30 - 16:13:07] Phat Bentree has edited DV Slot 466 - 253 objy -3 1.
[2023/11/30 - 16:14:33] Phat Bentree has edited DV Slot 466 - 253 delete.
[2023/11/30 - 16:14:39] Phat Bentree has created a dynamic vehicle.
[2023/11/30 - 16:14:40] Phat Bentree's DV Creation query has returned - attempting to spawn vehicle - SQL ID 466
[2023/11/30 - 16:14:46] Phat Bentree has edited DV Slot 466 - 253 delete.
[2023/11/30 - 16:14:51] Phat Bentree has created a dynamic vehicle.
[2023/11/30 - 16:14:51] Phat Bentree's DV Creation query has returned - attempting to spawn vehicle - SQL ID 466
[2023/11/30 - 16:15:12] Phat Bentree has edited DV Slot 466 - 253 delete.
[2023/11/30 - 16:15:36] Phat Bentree has created a dynamic vehicle.
[2023/11/30 - 16:15:37] Phat Bentree's DV Creation query has returned - attempting to spawn vehicle - SQL ID 466
[2023/11/30 - 16:15:43] Phat Bentree has edited DV Slot 466 - 253 delete.
[2023/11/30 - 16:16:03] Phat Bentree has created a dynamic vehicle.
[2023/11/30 - 16:16:03] Phat Bentree's DV Creation query has returned - attempting to spawn vehicle - SQL ID 466
[2023/11/30 - 16:16:07] Phat Bentree has edited DV Slot 466 - 253 delete.
[2023/11/30 - 16:16:44] Phat Bentree has created a dynamic vehicle.
[2023/11/30 - 16:16:44] Phat Bentree's DV Creation query has returned - attempting to spawn vehicle - SQL ID 466
[2023/11/30 - 16:16:49] Phat Bentree has edited DV Slot 466 - 253 delete.
[2023/11/30 - 16:17:34] Phat Bentree has created a dynamic vehicle.
[2023/11/30 - 16:17:35] Phat Bentree's DV Creation query has returned - attempting to spawn vehicle - SQL ID 466
[2023/11/30 - 16:17:47] Phat Bentree has edited DV Slot 466 - 253 delete.
[2023/11/30 - 16:18:19] Phat Bentree has created a dynamic vehicle.
[2023/11/30 - 16:18:19] Phat Bentree's DV Creation query has returned - attempting to spawn vehicle - SQL ID 466
[2023/11/30 - 16:18:23] Phat Bentree has edited DV Slot 466 - 253 delete.
[2023/11/30 - 16:18:31] Phat Bentree has created a dynamic vehicle.
[2023/11/30 - 16:18:31] Phat Bentree's DV Creation query has returned - attempting to spawn vehicle - SQL ID 466
[2023/11/30 - 16:18:44] Phat Bentree has edited DV Slot 466 - 253 delete.
[2023/11/30 - 16:19:32] Phat Bentree has created a dynamic vehicle.
[2023/11/30 - 16:19:32] Phat Bentree's DV Creation query has returned - attempting to spawn vehicle - SQL ID 466
[2023/11/30 - 16:20:19] Phat Bentree has edited DV Slot 466 - 253 objmodel 1358 1.
[2023/11/30 - 16:20:23] Phat Bentree has edited DV Slot 466 - 253 objrx 0 1.
[2023/11/30 - 16:20:25] Phat Bentree has edited DV Slot 466 - 253 objrxz0 1.
[2023/11/30 - 16:20:27] Phat Bentree has edited DV Slot 466 - 253 objrz 0 1.
[2023/11/30 - 16:20:28] Phat Bentree has edited DV Slot 466 - 253 objrz 0 1.
[2023/11/30 - 16:20:30] Phat Bentree has edited DV Slot 466 - 253 objz 0 1.
[2023/11/30 - 16:20:32] Phat Bentree has edited DV Slot 466 - 253 objx 0 1.
[2023/11/30 - 16:20:33] Phat Bentree has edited DV Slot 466 - 253 objy 0 1.
[2023/11/30 - 16:20:42] Phat Bentree has edited DV Slot 466 - 253 objrz 90 1.
[2023/11/30 - 16:20:49] Phat Bentree has edited DV Slot 466 - 253 objy -1 1.
[2023/11/30 - 16:20:51] Phat Bentree has edited DV Slot 466 - 253 objy -1 2.
[2023/11/30 - 16:20:54] Phat Bentree has edited DV Slot 466 - 253 objy -3 2.
[2023/11/30 - 16:20:55] Phat Bentree has edited DV Slot 466 - 253 objy -3 1.
[2023/11/30 - 16:21:01] Phat Bentree has edited DV Slot 466 - 253 objy -2 1.
[2023/11/30 - 16:21:05] Phat Bentree has edited DV Slot 466 - 253 objz 1 1.
[2023/11/30 - 16:21:09] Phat Bentree has edited DV Slot 466 - 253 objz 1.5 1.
[2023/11/30 - 16:21:37] Phat Bentree has edited DV Slot 466 - 253 delete.
[2023/11/30 - 16:22:02] Phat Bentree has created a dynamic vehicle.
[2023/11/30 - 16:22:04] Phat Bentree's DV Creation query has returned - attempting to spawn vehicle - SQL ID 466
[2023/11/30 - 16:22:44] Phat Bentree has edited DV Slot 466 - 253 objx 0 1.
[2023/11/30 - 16:22:46] Phat Bentree has edited DV Slot 466 - 253 objy 0 1.
[2023/11/30 - 16:22:48] Phat Bentree has edited DV Slot 466 - 253 objz 0 1.
[2023/11/30 - 16:22:49] Phat Bentree has edited DV Slot 466 - 253 objrz 0 1.
[2023/11/30 - 16:22:53] Phat Bentree has edited DV Slot 466 - 253 objmodel 19940 1.
[2023/11/30 - 16:22:58] Phat Bentree has edited DV Slot 466 - 253 objy -2 1.
[2023/11/30 - 16:23:01] Phat Bentree has edited DV Slot 466 - 253 objy -3 1.
[2023/11/30 - 16:23:05] Phat Bentree has edited DV Slot 466 - 253 objy -5 1.
[2023/11/30 - 16:23:11] Phat Bentree has edited DV Slot 466 - 253 objy -3 1.
[2023/11/30 - 16:23:15] Phat Bentree has edited DV Slot 466 - 253 objy -5 1.
[2023/11/30 - 16:23:20] Phat Bentree has edited DV Slot 466 - 253 objrz 90 1.
[2023/11/30 - 16:24:21] Phat Bentree has edited DV Slot 466 - 253 objmodel 19939 1.
[2023/11/30 - 16:24:24] Phat Bentree has edited DV Slot 466 - 253 objmodel 19940 1.
[2023/11/30 - 16:24:27] Phat Bentree has edited DV Slot 466 - 253 objy -4 1.
[2023/11/30 - 16:24:33] Phat Bentree has edited DV Slot 466 - 253 objz -1 1.
[2023/11/30 - 16:25:12] Phat Bentree has edited DV Slot 466 - 253 objmodel 19848 1.
[2023/11/30 - 16:25:18] Phat Bentree has edited DV Slot 466 - 253 objy -3 1.
[2023/11/30 - 16:25:24] Phat Bentree has edited DV Slot 466 - 253 objy -4 1.
[2023/11/30 - 16:25:47] Phat Bentree has edited DV Slot 466 - 253 objmodel 19796 1.
[2023/11/30 - 16:25:52] Phat Bentree has edited DV Slot 466 - 253 objrx 90 1.
[2023/11/30 - 16:25:54] Phat Bentree has edited DV Slot 466 - 253 objry 90 1.
[2023/11/30 - 16:25:57] Phat Bentree has edited DV Slot 466 - 253 objry 0 1.
[2023/11/30 - 16:25:58] Phat Bentree has edited DV Slot 466 - 253 objrx 90 1.
[2023/11/30 - 16:26:02] Phat Bentree has edited DV Slot 466 - 253 objry 0 1.
[2023/11/30 - 16:26:06] Phat Bentree has edited DV Slot 466 - 253 objrx 0 1.
[2023/11/30 - 16:26:08] Phat Bentree has edited DV Slot 466 - 253 objrx 90 1.
[2023/11/30 - 16:26:10] Phat Bentree has edited DV Slot 466 - 253 objry 90 1.
[2023/11/30 - 16:26:13] Phat Bentree has edited DV Slot 466 - 253 objry 0 1.
[2023/11/30 - 16:26:15] Phat Bentree has edited DV Slot 466 - 253 objrz 90 1.
[2023/11/30 - 16:26:20] Phat Bentree has edited DV Slot 466 - 253 objrz 0 1.
[2023/11/30 - 16:26:24] Phat Bentree has edited DV Slot 466 - 253 objry 90 1.
[2023/11/30 - 16:26:27] Phat Bentree has edited DV Slot 466 - 253 objrx 0 1.
[2023/11/30 - 16:26:37] Phat Bentree has edited DV Slot 466 - 253 objrx 180 1.
[2023/11/30 - 16:26:44] Phat Bentree has edited DV Slot 466 - 253 objz -0.5 0 1.
[2023/11/30 - 16:26:47] Phat Bentree has edited DV Slot 466 - 253 objz -0.5  1.
[2023/11/30 - 16:26:55] Phat Bentree has edited DV Slot 466 - 253 objy -4 1.
[2023/11/30 - 16:26:58] Phat Bentree has edited DV Slot 466 - 253 objy -5 1.
[2023/11/30 - 16:27:05] Phat Bentree has edited DV Slot 466 - 253 objy -6 1.
[2023/11/30 - 16:27:11] Phat Bentree has edited DV Slot 466 - 253 objy -5 1.
[2023/11/30 - 16:27:15] Phat Bentree has edited DV Slot 466 - 253 objy -4 1.
[2023/11/30 - 16:27:17] Phat Bentree has edited DV Slot 466 - 253 objy -4.5 1.
[2023/11/30 - 16:27:29] Phat Bentree has edited DV Slot 466 - 253 objz 1 1.
[2023/11/30 - 16:27:32] Phat Bentree has edited DV Slot 466 - 253 objz -1 1.
[2023/11/30 - 16:27:37] Phat Bentree has edited DV Slot 466 - 253 objz -0.5 1.
[2023/11/30 - 16:27:40] Phat Bentree has edited DV Slot 466 - 253 objz -0.3 1.
[2023/11/30 - 16:28:40] Phat Bentree has edited DV Slot 466 - 253 objmodel  19810 1.
[2023/11/30 - 16:28:57] Phat Bentree has edited DV Slot 466 - 253 objmodel 19848 1.
[2023/11/30 - 16:29:00] Phat Bentree has edited DV Slot 466 - 253 objrx 0.
[2023/11/30 - 16:29:01] Phat Bentree has edited DV Slot 466 - 253 objrx 0 1.
[2023/11/30 - 16:29:03] Phat Bentree has edited DV Slot 466 - 253 objry 0 1.
[2023/11/30 - 16:29:04] Phat Bentree has edited DV Slot 466 - 253 objrz 0 1.
[2023/11/30 - 16:29:06] Phat Bentree has edited DV Slot 466 - 253 objx 0 1.
[2023/11/30 - 16:29:07] Phat Bentree has edited DV Slot 466 - 253 objy 0 1.
[2023/11/30 - 16:29:09] Phat Bentree has edited DV Slot 466 - 253 objz 0 1.
[2023/11/30 - 16:29:12] Phat Bentree has edited DV Slot 466 - 253 objx 1 1.
[2023/11/30 - 16:29:16] Phat Bentree has edited DV Slot 466 - 253 objx 2 1.
[2023/11/30 - 16:29:20] Phat Bentree has edited DV Slot 466 - 253 objx -2 1.
[2023/11/30 - 16:29:24] Phat Bentree has edited DV Slot 466 - 253 objx -1 1.
[2023/11/30 - 16:29:26] Phat Bentree has edited DV Slot 466 - 253 objx -1.5 1.
[2023/11/30 - 16:29:56] Phat Bentree has edited DV Slot 466 - 253 objz -1 1.
[2023/11/30 - 16:29:59] Phat Bentree has edited DV Slot 466 - 253 objz -0.5 1.
[2023/11/30 - 16:30:07] Phat Bentree has edited DV Slot 466 - 253 objz -0.3 1.
[2023/11/30 - 16:30:10] Phat Bentree has edited DV Slot 466 - 253 objz -0.8 1.
[2023/11/30 - 16:30:15] Phat Bentree has edited DV Slot 466 - 253 objz -1 1.
[2023/12/2 - 19:18:30] Phat Bentree has created a dynamic vehicle.
[2023/12/2 - 19:18:30] Phat Bentree's DV Creation query has returned - attempting to spawn vehicle - SQL ID 470
[2023/12/2 - 19:18:37] Phat Bentree has edited DV Slot 470 - 256 objz 0.
[2023/12/2 - 19:18:38] Phat Bentree has edited DV Slot 470 - 256 objz 0 1.
[2023/12/2 - 19:18:40] Phat Bentree has edited DV Slot 470 - 256 objy 0 1.
[2023/12/2 - 19:18:41] Phat Bentree has edited DV Slot 470 - 256 objx 0 1.
[2023/12/2 - 19:18:43] Phat Bentree has edited DV Slot 470 - 256 objry 0 1.
[2023/12/2 - 19:18:45] Phat Bentree has edited DV Slot 470 - 256 objrx 0 1.
[2023/12/2 - 19:18:46] Phat Bentree has edited DV Slot 470 - 256 objrz 0 1.
[2023/12/2 - 19:18:50] Phat Bentree has edited DV Slot 470 - 256 objmodel 19848 1.
[2023/12/2 - 19:18:59] Phat Bentree has edited DV Slot 470 - 256 objx -2 1.
[2023/12/2 - 19:19:03] Phat Bentree has edited DV Slot 470 - 256 objx -1.5 1.
[2023/12/2 - 19:19:15] Phat Bentree has edited DV Slot 470 - 256 objx -1.8 1.
[2023/12/2 - 19:19:25] Phat Bentree has edited DV Slot 470 - 256 objz -1 1.
[2023/12/2 - 19:19:37] Phat Bentree has edited DV Slot 470 - 256 objz -1.3 1.
[2023/12/2 - 19:19:40] Phat Bentree has edited DV Slot 470 - 256 objz -1.2 1.
[2023/12/2 - 19:19:55] Phat Bentree has edited DV Slot 470 - 256 objx -1.6 1.
[2023/12/2 - 19:19:58] Phat Bentree has edited DV Slot 470 - 256 objx -1.5 1.
[2023/12/2 - 19:20:06] Phat Bentree has edited DV Slot 470 - 256 objz -1.3 1.
[2023/12/2 - 19:20:09] Phat Bentree has edited DV Slot 470 - 256 objz -1 1.
[2023/12/2 - 19:20:19] Phat Bentree has edited DV Slot 470 - 256 objz -1.1 1.
[2023/12/2 - 19:22:37] Phat Bentree has edited DV Slot 470 - 256 objy -1 1.
[2023/12/2 - 19:23:15] Phat Bentree has edited DV Slot 470 - 256 objy -1.5 1.
[2023/12/2 - 19:23:19] Phat Bentree has edited DV Slot 470 - 256 objy -2 1.
[2023/12/2 - 19:23:50] Phat Bentree has edited DV Slot 470 - 256 objx -1.3 1.
[2023/12/2 - 19:24:06] Phat Bentree has edited DV Slot 470 - 256 objz  -1.2 1.
[2023/12/2 - 19:24:10] Phat Bentree has edited DV Slot 470 - 256 objz  -1.231.
[2023/12/2 - 19:24:12] Phat Bentree has edited DV Slot 470 - 256 objz  -1.23 1.
[2023/12/2 - 19:24:14] Phat Bentree has edited DV Slot 470 - 256 objz  -1.4 1.
[2023/12/2 - 19:24:18] Phat Bentree has edited DV Slot 470 - 256 objz  -1.3 1.
[2023/12/2 - 19:24:31] Phat Bentree has edited DV Slot 470 - 256 objz  -1.1 1.
[2023/12/2 - 19:24:34] Phat Bentree has edited DV Slot 470 - 256 objz  -1.1 1.
[2023/12/2 - 19:24:35] Phat Bentree has edited DV Slot 470 - 256 objz  -1.1 1.
