[2023/10/5 - 13:37:31] a a has disbanded Test (1)
[2023/10/5 - 13:40:48] a a has changed group 1's name from  to San Andreas Sheriff
[2023/10/5 - 13:41:18] a a has changed group 1's type to Law Enforcement
[2023/10/5 - 13:41:23] a a has changed group 1's allegiance to None
[2023/10/5 - 13:41:56] a a has set the duty color to 2B942E in San Andreas Sheriff (1)
[2023/10/5 - 13:42:22] a a has set the radio color to 66FF99 in San Andreas Sheriff (1)
[2023/10/5 - 13:44:10] a a da thiet lap cap bac toi thieu vao radio (/r) den 0 (CSO) trong nhom 19 (San Andreas Sheiff's Department)
[2023/10/5 - 13:51:09] a a has disbanded San Andreas Sheiff's Department (19)
[2023/10/5 - 13:51:11] a a has disbanded DAGD (20)
[2023/10/5 - 16:52:15] a a has set the radio color to FFBB33 in San Andreas Sheriff (1)
[2023/10/5 - 17:21:54] a a has changed group 1's allegiance to Los Santos
[2023/10/5 - 17:33:57] a a da thiet lap cap bac toi thieu vao radio (/r) den 0 (Sheriff Trainees) trong nhom 1 (San Andreas Sheriff)
[2023/10/5 - 17:34:06] a a da chinh sua cap bac toi thieu su dung dept radio (/dept) den 0 (Sheriff Trainees) trong nhom 1 (San Andreas Sheriff)
[2023/10/5 - 17:34:08] a a da chinh sua cap bac toi thieu cho int radio (/int) den 0 (Sheriff Trainees) trong nhom 1 (San Andreas Sheriff)
[2023/10/5 - 17:34:15] a a da chinh sua cap bac toi thieu de dat barrels (/deploybarrel) to 0 (Sheriff Trainees) trong nhom 1 (San Andreas Sheriff)
[2023/10/5 - 17:34:16] a a da chinh sua cap bac toi thieu de dat cones (/deploycone) to 0 (Sheriff Trainees) trong nhom 1 (San Andreas Sheriff)
[2023/10/5 - 17:34:17] a a da chinh sua cap bac toi thieu de dat flares (/deployflares) to 0 (Sheriff Trainees) trong nhom 1 (San Andreas Sheriff)
[2023/10/5 - 17:34:18] a a da chinh sua cap bac toi thieu de dat cades (/deploycades) to 0 (Sheriff Trainees) trong nhom 1 (San Andreas Sheriff)
[2023/10/5 - 17:34:19] a a da chinh sua cap bac toi thieu de dat spikes (/deployspikes) deb 0 (Sheriff Trainees) trong nhom 1 (San Andreas Sheriff)
[2023/10/5 - 17:34:26] a a da thiet lap cap bac toi thieu de thong bao cho chinh phu (/gov) den 0 (Sheriff Trainees) trong nhom 1 (San Andreas Sheriff)
[2023/10/5 - 17:34:28] a a da chinh sua cap bac toi thieu duoc mien phi doi ten 0 (Sheriff Trainees) trong nhom 1 (San Andreas Sheriff)
[2023/10/5 - 18:08:40] [Mask 32613_47] has changed group 2's type to Fire/Medic
[2023/10/5 - 18:08:43] [Mask 32613_47] has changed group 2's name from  to Test
[2023/10/6 - 11:25:46] a a has changed group 2's name from Test to San Andreas Medical Center
[2023/10/6 - 11:25:51] a a has changed group 2's allegiance to Los Santos
[2023/10/6 - 11:27:46] a a has set the duty color to FFCCCC in San Andreas Medical Center (2)
[2023/10/6 - 11:27:56] a a has set the radio color to FF8080 in San Andreas Medical Center (2)
[2023/10/6 - 11:28:13] a a da thiet lap cap bac toi thieu vao radio (/r) den 0 () trong nhom 2 (San Andreas Medical Center)
[2023/10/6 - 12:19:29] a a da chinh sua cap bac toi thieu su dung dept radio (/dept) den 0 () trong nhom 2 (San Andreas Medical Center)
[2023/10/6 - 12:19:35] a a da thiet lap cap bac toi thieu de thong bao cho chinh phu (/gov) den 9 () trong nhom 2 (San Andreas Medical Center)
[2023/10/6 - 12:22:04] a a da chinh sua cap bac toi thieu de dat spikes (/deployspikes) deb 0 () trong nhom 2 (San Andreas Medical Center)
[2023/10/6 - 12:22:06] a a da chinh sua cap bac toi thieu de dat cades (/deploycades) to 0 () trong nhom 2 (San Andreas Medical Center)
[2023/10/6 - 12:22:07] a a da chinh sua cap bac toi thieu de dat cones (/deploycone) to 0 () trong nhom 2 (San Andreas Medical Center)
[2023/10/6 - 12:22:08] a a da chinh sua cap bac toi thieu de dat flares (/deployflares) to 0 () trong nhom 2 (San Andreas Medical Center)
[2023/10/6 - 12:22:09] a a da chinh sua cap bac toi thieu de dat barrels (/deploybarrel) to 0 () trong nhom 2 (San Andreas Medical Center)
[2023/10/6 - 13:47:33] a a has changed the garage position to X:1527.276000, Y:-1677.745117, Z:5.890625 in San Andreas Sheriff (1)
[2023/10/6 - 13:47:47] a a has changed the crate position to X:1526.851806, Y:-1678.116821, Z:5.890625 in San Andreas Sheriff (1)
[2023/10/6 - 13:48:18] a a has changed the crate position to X:1526.977783, Y:-1679.599365, Z:5.890625 in San Andreas Sheriff (1)
[2023/10/6 - 22:14:28] Loren Roman has set the duty color to FF99 in San Andreas Sheriff (1)
[2023/10/6 - 22:16:03] Loren Roman has set the duty color to 33FF99 in San Andreas Sheriff (1)
[2023/10/6 - 22:16:28] Loren Roman has set the duty color to 663366 in San Andreas Sheriff (1)
[2023/10/6 - 22:17:15] Loren Roman has set the duty color to 330066 in San Andreas Sheriff (1)
[2023/10/6 - 22:17:50] Loren Roman has set the duty color to 330099 in San Andreas Sheriff (1)
[2023/10/6 - 22:20:54] Loren Roman has set the duty color to 3300CC in San Andreas Sheriff (1)
[2023/10/19 - 4:51:20] CouNil WisDom has changed group 3's allegiance to Los Santos
[2023/10/19 - 4:51:23] CouNil WisDom has changed group 3's type to Law Enforcement
