----------------------------------------
Ngay: 7/11/2019 - Thoi gian: 14:0
(1) : 0
(2) None: 0
(3) None: 0
(4) None: 0
(5) None: 0
(6) None: 0
(7) None: 0
(8) None: 0
(9) None: 0
(10) None: 0
(11) None: 0
(12) None: 0
(13) None: 0
(14) None: 0
(15) None: 0
(16) None: 0
(17) None: 0
----------------------------------------
Ngay: 7/11/2019 - Thoi gian: 15:0
(1) : 0
(2) None: 0
(3) None: 0
(4) None: 0
(5) None: 0
(6) None: 0
(7) None: 0
(8) None: 0
(9) None: 0
(10) None: 0
(11) None: 0
(12) None: 0
(13) None: 0
(14) None: 0
(15) None: 0
(16) None: 0
(17) None: 0
----------------------------------------
Ngay: 7/4/2022 - Thoi gian: 21:0
(1) : 0
(2) None: 0
(3) None: 0
(4) None: 0
(5) None: 0
(6) None: 0
(7) None: 0
(8) None: 0
(9) None: 0
(10) None: 0
(11) None: 0
(12) None: 0
(13) None: 0
(14) None: 0
(15) None: 0
(16) None: 0
(17) None: 0
----------------------------------------
Ngay: 7/4/2022 - Thoi gian: 22:0
(1) : 0
(2) None: 0
(3) None: 0
(4) None: 0
(5) None: 0
(6) None: 0
(7) None: 0
(8) None: 0
(9) None: 0
(10) None: 0
(11) None: 0
(12) None: 0
(13) None: 0
(14) None: 0
(15) None: 0
(16) None: 0
(17) None: 0
----------------------------------------
Ngay: 7/4/2022 - Thoi gian: 23:0
(1) : 0
(2) None: 0
(3) None: 0
(4) None: 0
(5) None: 0
(6) None: 0
(7) None: 0
(8) None: 0
(9) None: 0
(10) None: 0
(11) None: 0
(12) None: 0
(13) None: 0
(14) None: 0
(15) None: 0
(16) None: 0
(17) None: 0
----------------------------------------
Ngay: 7/5/2022 - Thoi gian: 2:0
(1) : 0
(2) None: 0
(3) None: 0
(4) None: 0
(5) None: 0
(6) None: 0
(7) None: 0
(8) None: 0
(9) None: 0
(10) None: 0
(11) None: 0
(12) None: 0
(13) None: 0
(14) None: 0
(15) None: 0
(16) None: 0
(17) None: 0
----------------------------------------
Ngay: 7/5/2022 - Thoi gian: 13:0
(1) : 0
(2) None: 0
(3) None: 0
(4) None: 0
(5) None: 0
(6) None: 0
(7) None: 0
(8) None: 0
(9) None: 0
(10) None: 0
(11) None: 0
(12) None: 0
(13) None: 0
(14) None: 0
(15) None: 0
(16) None: 0
(17) None: 0
----------------------------------------
Ngay: 7/5/2022 - Thoi gian: 15:0
(1) : 0
(2) None: 0
(3) None: 0
(4) None: 0
(5) None: 0
(6) None: 0
(7) None: 0
(8) None: 0
(9) None: 0
(10) None: 0
(11) None: 0
(12) None: 0
(13) None: 0
(14) None: 0
(15) None: 0
(16) None: 0
(17) None: 0
----------------------------------------
Ngay: 7/6/2022 - Thoi gian: 13:0
(1) : 0
(2) None: 0
(3) None: 0
(4) None: 0
(5) None: 0
(6) None: 0
(7) None: 0
(8) None: 0
(9) None: 0
(10) None: 0
(11) None: 0
(12) None: 0
(13) None: 0
(14) None: 0
(15) None: 0
(16) None: 0
(17) None: 0
----------------------------------------
Ngay: 7/6/2022 - Thoi gian: 14:0
(1) : 0
(2) None: 0
(3) None: 0
(4) None: 0
(5) None: 0
(6) None: 0
(7) None: 0
(8) None: 0
(9) None: 0
(10) None: 0
(11) None: 0
(12) None: 0
(13) None: 0
(14) None: 0
(15) None: 0
(16) None: 0
(17) None: 0
----------------------------------------
Ngay: 7/6/2022 - Thoi gian: 22:0
(1) : 0
(2) None: 0
(3) None: 0
(4) None: 0
(5) None: 0
(6) None: 0
(7) None: 0
(8) None: 0
(9) None: 0
(10) None: 0
(11) None: 0
(12) None: 0
(13) None: 0
(14) None: 0
(15) None: 0
(16) None: 0
(17) None: 0
----------------------------------------
Ngay: 7/6/2022 - Thoi gian: 23:0
(1) : 0
(2) None: 0
(3) None: 0
(4) None: 0
(5) None: 0
(6) None: 0
(7) None: 0
(8) None: 0
(9) None: 0
(10) None: 0
(11) None: 0
(12) None: 0
(13) None: 0
(14) None: 0
(15) None: 0
(16) None: 0
(17) None: 0
----------------------------------------
Ngay: 7/8/2022 - Thoi gian: 14:0
(1) : 0
(2) None: 0
(3) None: 0
(4) None: 0
(5) None: 0
(6) None: 0
(7) None: 0
(8) None: 0
(9) None: 0
(10) None: 0
(11) None: 0
(12) None: 0
(13) None: 0
(14) None: 0
(15) None: 0
(16) None: 0
(17) None: 0
----------------------------------------
Ngay: 7/8/2022 - Thoi gian: 22:0
(1) : 0
(2) None: 0
(3) None: 0
(4) None: 0
(5) None: 0
(6) None: 0
(7) None: 0
(8) None: 0
(9) None: 0
(10) None: 0
(11) None: 0
(12) None: 0
(13) None: 0
(14) None: 0
(15) None: 0
(16) None: 0
(17) None: 0
----------------------------------------
Ngay: 7/8/2022 - Thoi gian: 23:0
(1) : 0
(2) None: 0
(3) None: 0
(4) None: 0
(5) None: 0
(6) None: 0
(7) None: 0
(8) None: 0
(9) None: 0
(10) None: 0
(11) None: 0
(12) None: 0
(13) None: 0
(14) None: 0
(15) None: 0
(16) None: 0
(17) None: 0
----------------------------------------
Ngay: 7/12/2022 - Thoi gian: 17:0
(1) : 0
(2) None: 0
(3) None: 0
(4) None: 0
(5) None: 0
(6) None: 0
(7) None: 0
(8) None: 0
(9) None: 0
(10) None: 0
(11) None: 0
(12) None: 0
(13) None: 0
(14) None: 0
(15) None: 0
(16) None: 0
(17) None: 0
----------------------------------------
Ngay: 7/13/2022 - Thoi gian: 19:0
(1) : 0
(2) None: 0
(3) None: 0
(4) None: 0
(5) None: 0
(6) None: 0
(7) None: 0
(8) None: 0
(9) None: 0
(10) None: 0
(11) None: 0
(12) None: 0
(13) None: 0
(14) None: 0
(15) None: 0
(16) None: 0
(17) None: 0
----------------------------------------
Ngay: 7/13/2022 - Thoi gian: 20:0
(1) : 0
(2) None: 0
(3) None: 0
(4) None: 0
(5) None: 0
(6) None: 0
(7) None: 0
(8) None: 0
(9) None: 0
(10) None: 0
(11) None: 0
(12) None: 0
(13) None: 0
(14) None: 0
(15) None: 0
(16) None: 0
(17) None: 0
----------------------------------------
Ngay: 7/13/2022 - Thoi gian: 21:1
(1) : 0
(2) None: 0
(3) None: 0
(4) None: 0
(5) None: 0
(6) None: 0
(7) None: 0
(8) None: 0
(9) None: 0
(10) None: 0
(11) None: 0
(12) None: 0
(13) None: 0
(14) None: 0
(15) None: 0
(16) None: 0
(17) None: 0
----------------------------------------
Ngay: 7/14/2022 - Thoi gian: 18:11
(1) : 0
(2) None: 0
(3) None: 0
(4) None: 0
(5) None: 0
(6) None: 0
(7) None: 0
(8) None: 0
(9) None: 0
(10) None: 0
(11) None: 0
(12) None: 0
(13) None: 0
(14) None: 0
(15) None: 0
(16) None: 0
(17) None: 0
----------------------------------------
Ngay: 7/14/2022 - Thoi gian: 19:0
(1) : 0
(2) None: 0
(3) None: 0
(4) None: 0
(5) None: 0
(6) None: 0
(7) None: 0
(8) None: 0
(9) None: 0
(10) None: 0
(11) None: 0
(12) None: 0
(13) None: 0
(14) None: 0
(15) None: 0
(16) None: 0
(17) None: 0
----------------------------------------
Ngay: 7/14/2022 - Thoi gian: 20:0
(1) : 0
(2) None: 0
(3) None: 0
(4) None: 0
(5) None: 0
(6) None: 0
(7) None: 0
(8) None: 0
(9) None: 0
(10) None: 0
(11) None: 0
(12) None: 0
(13) None: 0
(14) None: 0
(15) None: 0
(16) None: 0
(17) None: 0
----------------------------------------
Ngay: 7/14/2022 - Thoi gian: 21:0
(1) : 0
(2) None: 0
(3) None: 0
(4) None: 0
(5) None: 0
(6) None: 0
(7) None: 0
(8) None: 0
(9) None: 0
(10) None: 0
(11) None: 0
(12) None: 0
(13) None: 0
(14) None: 0
(15) None: 0
(16) None: 0
(17) None: 0
----------------------------------------
Ngay: 7/14/2022 - Thoi gian: 22:0
(1) : 0
(2) None: 0
(3) None: 0
(4) None: 0
(5) None: 0
(6) None: 0
(7) None: 0
(8) None: 0
(9) None: 0
(10) None: 0
(11) None: 0
(12) None: 0
(13) None: 0
(14) None: 0
(15) None: 0
(16) None: 0
(17) None: 0
----------------------------------------
Ngay: 7/14/2022 - Thoi gian: 23:0
(1) : 0
(2) None: 0
(3) None: 0
(4) None: 0
(5) None: 0
(6) None: 0
(7) None: 0
(8) None: 0
(9) None: 0
(10) None: 0
(11) None: 0
(12) None: 0
(13) None: 0
(14) None: 0
(15) None: 0
(16) None: 0
(17) None: 0
----------------------------------------
Ngay: 7/15/2022 - Thoi gian: 0:0
(1) : 0
(2) None: 0
(3) None: 0
(4) None: 0
(5) None: 0
(6) None: 0
(7) None: 0
(8) None: 0
(9) None: 0
(10) None: 0
(11) None: 0
(12) None: 0
(13) None: 0
(14) None: 0
(15) None: 0
(16) None: 0
(17) None: 0
----------------------------------------
Ngay: 7/15/2022 - Thoi gian: 1:0
(1) : 0
(2) None: 0
(3) None: 0
(4) None: 0
(5) None: 0
(6) None: 0
(7) None: 0
(8) None: 0
(9) None: 0
(10) None: 0
(11) None: 0
(12) None: 0
(13) None: 0
(14) None: 0
(15) None: 0
(16) None: 0
(17) None: 0
----------------------------------------
Ngay: 7/15/2022 - Thoi gian: 2:0
(1) : 0
(2) None: 0
(3) None: 0
(4) None: 0
(5) None: 0
(6) None: 0
(7) None: 0
(8) None: 0
(9) None: 0
(10) None: 0
(11) None: 0
(12) None: 0
(13) None: 0
(14) None: 0
(15) None: 0
(16) None: 0
(17) None: 0
----------------------------------------
Ngay: 7/15/2022 - Thoi gian: 9:0
(1) : 0
(2) None: 0
(3) None: 0
(4) None: 0
(5) None: 0
(6) None: 0
(7) None: 0
(8) None: 0
(9) None: 0
(10) None: 0
(11) None: 0
(12) None: 0
(13) None: 0
(14) None: 0
(15) None: 0
(16) None: 0
(17) None: 0
----------------------------------------
Ngay: 7/15/2022 - Thoi gian: 10:0
(1) : 0
(2) None: 0
(3) None: 0
(4) None: 0
(5) None: 0
(6) None: 0
(7) None: 0
(8) None: 0
(9) None: 0
(10) None: 0
(11) None: 0
(12) None: 0
(13) None: 0
(14) None: 0
(15) None: 0
(16) None: 0
(17) None: 0
----------------------------------------
Ngay: 7/18/2022 - Thoi gian: 1:0
(1) : 0
(2) None: 0
(3) Destroy All: 0
(4) None: 0
(5) None: 0
(6) None: 0
(7) None: 0
(8) None: 0
(9) None: 0
(10) None: 0
(11) None: 0
(12) None: 0
(13) None: 0
(14) None: 0
(15) None: 0
(16) None: 0
(17) None: 0
----------------------------------------
Ngay: 7/18/2022 - Thoi gian: 8:0
(1) : 0
(2) None: 0
(3) Destroy All: 0
(4) None: 0
(5) None: 0
(6) None: 0
(7) None: 0
(8) None: 0
(9) None: 0
(10) None: 0
(11) None: 0
(12) None: 0
(13) None: 0
(14) None: 0
(15) None: 0
(16) None: 0
(17) None: 0
----------------------------------------
Ngay: 7/18/2022 - Thoi gian: 9:0
(1) : 0
(2) None: 0
(3) Destroy All: 0
(4) None: 0
(5) None: 0
(6) None: 0
(7) None: 0
(8) None: 0
(9) None: 0
(10) None: 0
(11) None: 0
(12) None: 0
(13) None: 0
(14) None: 0
(15) None: 0
(16) None: 0
(17) None: 0
----------------------------------------
Ngay: 7/19/2022 - Thoi gian: 15:0
(1) : 0
(2) None: 0
(3) Destroy All: 0
(4) None: 0
(5) None: 0
(6) None: 0
(7) None: 0
(8) None: 0
(9) None: 0
(10) None: 0
(11) None: 0
(12) None: 0
(13) None: 0
(14) None: 0
(15) None: 0
(16) None: 0
(17) None: 0
----------------------------------------
Ngay: 7/19/2022 - Thoi gian: 16:0
(1) : 0
(2) None: 0
(3) Destroy All: 0
(4) None: 0
(5) None: 0
(6) None: 0
(7) None: 0
(8) None: 0
(9) None: 0
(10) None: 0
(11) None: 0
(12) None: 0
(13) None: 0
(14) None: 0
(15) None: 0
(16) None: 0
(17) None: 0
----------------------------------------
Ngay: 7/19/2022 - Thoi gian: 17:0
(1) : 0
(2) None: 0
(3) Destroy All: 0
(4) None: 0
(5) None: 0
(6) None: 0
(7) None: 0
(8) None: 0
(9) None: 0
(10) None: 0
(11) None: 0
(12) None: 0
(13) None: 0
(14) None: 0
(15) None: 0
(16) None: 0
(17) None: 0
----------------------------------------
Ngay: 7/19/2022 - Thoi gian: 21:0
(1) : 0
(2) None: 0
(3) Destroy All: 0
(4) None: 0
(5) None: 0
(6) None: 0
(7) None: 0
(8) None: 0
(9) None: 0
(10) None: 0
(11) None: 0
(12) None: 0
(13) None: 0
(14) None: 0
(15) None: 0
(16) None: 0
(17) None: 0
----------------------------------------
Ngay: 7/19/2022 - Thoi gian: 22:0
(1) : 0
(2) None: 0
(3) Destroy All: 0
(4) None: 0
(5) None: 0
(6) None: 0
(7) None: 0
(8) None: 0
(9) None: 0
(10) None: 0
(11) None: 0
(12) None: 0
(13) None: 0
(14) None: 0
(15) None: 0
(16) None: 0
(17) None: 0
----------------------------------------
Ngay: 7/19/2022 - Thoi gian: 23:1
(1) : 0
(2) None: 0
(3) Destroy All: 0
(4) None: 0
(5) None: 0
(6) None: 0
(7) None: 0
(8) None: 0
(9) None: 0
(10) None: 0
(11) None: 0
(12) None: 0
(13) None: 0
(14) None: 0
(15) None: 0
(16) None: 0
(17) None: 0
----------------------------------------
Ngay: 7/20/2022 - Thoi gian: 0:0
(1) : 0
(2) None: 0
(3) Destroy All: 0
(4) None: 0
(5) None: 0
(6) None: 0
(7) None: 0
(8) None: 0
(9) None: 0
(10) None: 0
(11) None: 0
(12) None: 0
(13) None: 0
(14) None: 0
(15) None: 0
(16) None: 0
(17) None: 0
----------------------------------------
Ngay: 7/20/2022 - Thoi gian: 11:0
(1) : 0
(2) None: 0
(3) Destroy All: 0
(4) None: 0
(5) None: 0
(6) None: 0
(7) None: 0
(8) None: 0
(9) None: 0
(10) None: 0
(11) None: 0
(12) None: 0
(13) None: 0
(14) None: 0
(15) None: 0
(16) None: 0
(17) None: 0
----------------------------------------
Ngay: 7/20/2022 - Thoi gian: 12:0
(1) : 0
(2) None: 0
(3) Destroy All: 0
(4) None: 0
(5) None: 0
(6) None: 0
(7) None: 0
(8) None: 0
(9) None: 0
(10) None: 0
(11) None: 0
(12) None: 0
(13) None: 0
(14) None: 0
(15) None: 0
(16) None: 0
(17) None: 0
----------------------------------------
Ngay: 7/20/2022 - Thoi gian: 13:0
(1) : 0
(2) None: 0
(3) Destroy All: 0
(4) None: 0
(5) None: 0
(6) None: 0
(7) None: 0
(8) None: 0
(9) None: 0
(10) None: 0
(11) None: 0
(12) None: 0
(13) None: 0
(14) None: 0
(15) None: 0
(16) None: 0
(17) None: 0
----------------------------------------
Ngay: 7/20/2022 - Thoi gian: 18:0
(1) : 0
(2) None: 0
(3) Destroy All: 0
(4) None: 0
(5) None: 0
(6) None: 0
(7) None: 0
(8) None: 0
(9) None: 0
(10) None: 0
(11) None: 0
(12) None: 0
(13) None: 0
(14) None: 0
(15) None: 0
(16) None: 0
(17) None: 0
----------------------------------------
Ngay: 7/20/2022 - Thoi gian: 19:0
(1) : 0
(2) None: 0
(3) Destroy All: 0
(4) None: 0
(5) None: 0
(6) None: 0
(7) None: 0
(8) None: 0
(9) None: 0
(10) None: 0
(11) None: 0
(12) None: 0
(13) None: 0
(14) None: 0
(15) None: 0
(16) None: 0
(17) None: 0
----------------------------------------
Ngay: 7/20/2022 - Thoi gian: 20:0
(1) : 0
(2) None: 0
(3) Destroy All: 0
(4) None: 0
(5) None: 0
(6) None: 0
(7) None: 0
(8) None: 0
(9) None: 0
(10) None: 0
(11) None: 0
(12) None: 0
(13) None: 0
(14) None: 0
(15) None: 0
(16) None: 0
(17) None: 0
----------------------------------------
Ngay: 7/21/2022 - Thoi gian: 0:0
(1) : 0
(2) None: 0
(3) Destroy All: 0
(4) None: 0
(5) None: 0
(6) None: 0
(7) None: 0
(8) None: 0
(9) None: 0
(10) None: 0
(11) None: 0
(12) None: 0
(13) None: 0
(14) None: 0
(15) None: 0
(16) None: 0
(17) None: 0
----------------------------------------
Ngay: 7/22/2022 - Thoi gian: 0:0
(1) : 0
(2) None: 0
(3) Destroy All: 0
(4) None: 0
(5) None: 0
(6) None: 0
(7) None: 0
(8) None: 0
(9) None: 0
(10) None: 0
(11) None: 0
(12) None: 0
(13) None: 0
(14) None: 0
(15) None: 0
(16) None: 0
(17) None: 0
----------------------------------------
Ngay: 7/22/2022 - Thoi gian: 19:1
(1) : 0
(2) None: 0
(3) Destroy All: 0
(4) None: 0
(5) None: 0
(6) None: 0
(7) None: 0
(8) None: 0
(9) None: 0
(10) None: 0
(11) None: 0
(12) None: 0
(13) None: 0
(14) None: 0
(15) None: 0
(16) None: 0
(17) None: 0
----------------------------------------
Ngay: 7/22/2022 - Thoi gian: 20:0
(1) : 0
(2) None: 0
(3) Destroy All: 0
(4) None: 0
(5) None: 0
(6) None: 0
(7) None: 0
(8) None: 0
(9) None: 0
(10) None: 0
(11) None: 0
(12) None: 0
(13) None: 0
(14) None: 0
(15) None: 0
(16) None: 0
(17) None: 0
----------------------------------------
Ngay: 7/23/2022 - Thoi gian: 12:0
(1) : 0
(2) None: 0
(3) Destroy All: 0
(4) None: 0
(5) None: 0
(6) None: 0
(7) None: 0
(8) None: 0
(9) None: 0
(10) None: 0
(11) None: 0
(12) None: 0
(13) None: 0
(14) None: 0
(15) None: 0
(16) None: 0
(17) None: 0
----------------------------------------
Ngay: 7/23/2022 - Thoi gian: 13:0
(1) : 0
(2) None: 0
(3) Destroy All: 0
(4) None: 0
(5) None: 0
(6) None: 0
(7) None: 0
(8) None: 0
(9) None: 0
(10) None: 0
(11) None: 0
(12) None: 0
(13) None: 0
(14) None: 0
(15) None: 0
(16) None: 0
(17) None: 0
----------------------------------------
Ngay: 7/23/2022 - Thoi gian: 14:0
(1) : 0
(2) None: 0
(3) Destroy All: 0
(4) None: 0
(5) None: 0
(6) None: 0
(7) None: 0
(8) None: 0
(9) None: 0
(10) None: 0
(11) None: 0
(12) None: 0
(13) None: 0
(14) None: 0
(15) None: 0
(16) None: 0
(17) None: 0
----------------------------------------
Ngay: 7/24/2022 - Thoi gian: 14:0
(1) : 0
(2) None: 0
(3) Destroy All: 0
(4) None: 0
(5) None: 0
(6) None: 0
(7) None: 0
(8) None: 0
(9) None: 0
(10) None: 0
(11) None: 0
(12) None: 0
(13) None: 0
(14) None: 0
(15) None: 0
(16) None: 0
(17) None: 0
----------------------------------------
Ngay: 7/24/2022 - Thoi gian: 15:0
(1) : 0
(2) None: 0
(3) Destroy All: 0
(4) None: 0
(5) None: 0
(6) None: 0
(7) None: 0
(8) None: 0
(9) None: 0
(10) None: 0
(11) None: 0
(12) None: 0
(13) None: 0
(14) None: 0
(15) None: 0
(16) None: 0
(17) None: 0
----------------------------------------
Ngay: 7/24/2022 - Thoi gian: 19:0
(1) : 0
(2) None: 0
(3) Destroy All: 0
(4) None: 0
(5) None: 0
(6) None: 0
(7) None: 0
(8) None: 0
(9) None: 0
(10) None: 0
(11) None: 0
(12) None: 0
(13) None: 0
(14) None: 0
(15) None: 0
(16) None: 0
(17) None: 0
----------------------------------------
Ngay: 7/24/2022 - Thoi gian: 20:0
(1) : 0
(2) None: 0
(3) Destroy All: 0
(4) None: 0
(5) None: 0
(6) None: 0
(7) None: 0
(8) None: 0
(9) None: 0
(10) None: 0
(11) None: 0
(12) None: 0
(13) None: 0
(14) None: 0
(15) None: 0
(16) None: 0
(17) None: 0
----------------------------------------
Ngay: 7/24/2022 - Thoi gian: 21:0
(1) : 0
(2) None: 0
(3) Destroy All: 0
(4) None: 0
(5) None: 0
(6) None: 0
(7) None: 0
(8) None: 0
(9) None: 0
(10) None: 0
(11) None: 0
(12) None: 0
(13) None: 0
(14) None: 0
(15) None: 0
(16) None: 0
(17) None: 0
----------------------------------------
Ngay: 7/24/2022 - Thoi gian: 22:0
(1) : 0
(2) None: 0
(3) Destroy All: 0
(4) None: 0
(5) None: 0
(6) None: 0
(7) None: 0
(8) None: 0
(9) None: 0
(10) None: 0
(11) None: 0
(12) None: 0
(13) None: 0
(14) None: 0
(15) None: 0
(16) None: 0
(17) None: 0
----------------------------------------
Ngay: 7/24/2022 - Thoi gian: 23:0
(1) : 0
(2) None: 0
(3) Destroy All: 0
(4) None: 0
(5) None: 0
(6) None: 0
(7) None: 0
(8) None: 0
(9) None: 0
(10) None: 0
(11) None: 0
(12) None: 0
(13) None: 0
(14) None: 0
(15) None: 0
(16) None: 0
(17) None: 0
----------------------------------------
Ngay: 7/25/2022 - Thoi gian: 0:0
(1) : 0
(2) None: 0
(3) Destroy All: 0
(4) None: 0
(5) None: 0
(6) None: 0
(7) None: 0
(8) None: 0
(9) None: 0
(10) None: 0
(11) None: 0
(12) None: 0
(13) None: 0
(14) None: 0
(15) None: 0
(16) None: 0
(17) None: 0
----------------------------------------
Ngay: 7/26/2022 - Thoi gian: 0:0
(1) : 0
(2) None: 0
(3) Destroy All: 0
(4) None: 0
(5) None: 0
(6) None: 0
(7) None: 0
(8) None: 0
(9) None: 0
(10) None: 0
(11) None: 0
(12) None: 0
(13) None: 0
(14) None: 0
(15) None: 0
(16) None: 0
(17) None: 0
----------------------------------------
Ngay: 7/26/2022 - Thoi gian: 12:0
(1) : 0
(2) None: 0
(3) Destroy All: 0
(4) None: 0
(5) None: 0
(6) None: 0
(7) None: 0
(8) None: 0
(9) None: 0
(10) None: 0
(11) None: 0
(12) None: 0
(13) None: 0
(14) None: 0
(15) None: 0
(16) None: 0
(17) None: 0
----------------------------------------
Ngay: 7/26/2022 - Thoi gian: 21:0
(1) : 0
(2) None: 0
(3) Destroy All: 0
(4) None: 0
(5) None: 0
(6) None: 0
(7) None: 0
(8) None: 0
(9) None: 0
(10) None: 0
(11) None: 0
(12) None: 0
(13) None: 0
(14) None: 0
(15) None: 0
(16) None: 0
(17) None: 0
----------------------------------------
Ngay: 7/26/2022 - Thoi gian: 22:0
(1) : 0
(2) None: 0
(3) Destroy All: 0
(4) None: 0
(5) None: 0
(6) None: 0
(7) None: 0
(8) None: 0
(9) None: 0
(10) None: 0
(11) None: 0
(12) None: 0
(13) None: 0
(14) None: 0
(15) None: 0
(16) None: 0
(17) None: 0
----------------------------------------
Ngay: 7/28/2022 - Thoi gian: 11:0
(1) : 0
(2) None: 0
(3) Destroy All: 0
(4) None: 0
(5) None: 0
(6) None: 0
(7) None: 0
(8) None: 0
(9) None: 0
(10) None: 0
(11) None: 0
(12) None: 0
(13) None: 0
(14) None: 0
(15) None: 0
(16) None: 0
(17) None: 0
----------------------------------------
Ngay: 7/28/2022 - Thoi gian: 12:0
(1) : 0
(2) None: 0
(3) Destroy All: 0
(4) None: 0
(5) None: 0
(6) None: 0
(7) None: 0
(8) None: 0
(9) None: 0
(10) None: 0
(11) None: 0
(12) None: 0
(13) None: 0
(14) None: 0
(15) None: 0
(16) None: 0
(17) None: 0
----------------------------------------
Ngay: 7/28/2022 - Thoi gian: 22:1
(1) : 0
(2) None: 0
(3) Destroy All: 0
(4) None: 0
(5) None: 0
(6) None: 0
(7) None: 0
(8) None: 0
(9) None: 0
(10) None: 0
(11) None: 0
(12) None: 0
(13) None: 0
(14) None: 0
(15) None: 0
(16) None: 0
(17) None: 0
----------------------------------------
Ngay: 7/28/2022 - Thoi gian: 23:0
(1) : 0
(2) None: 0
(3) Destroy All: 0
(4) None: 0
(5) None: 0
(6) None: 0
(7) None: 0
(8) None: 0
(9) None: 0
(10) None: 0
(11) None: 0
(12) None: 0
(13) None: 0
(14) None: 0
(15) None: 0
(16) None: 0
(17) None: 0
----------------------------------------
Ngay: 8/6/2022 - Thoi gian: 20:0
(1) : 0
(2) None: 0
(3) Yakuza: 0
(4) BEN THUONG HAI: 0
(5) None "X": 0
(6) None: 0
(7) None: 0
(8) Marula: 0
(9) None: 0
(10) None: 0
(11) C H J N A T 0 W N: 0
(12) None: 0
(13) None: 0
(14) None: 0
(15) None: 0
(16) *  bUi. Doi Cho. Lon *: 0
(17) None: 0
----------------------------------------
Ngay: 8/6/2022 - Thoi gian: 21:0
(1) : 0
(2) None: 0
(3) Yakuza: 0
(4) BEN THUONG HAI: 0
(5) None "X": 0
(6) None: 0
(7) None: 0
(8) Marula: 0
(9) None: 0
(10) None: 0
(11) C H J N A T 0 W N: 0
(12) None: 0
(13) None: 0
(14) None: 0
(15) None: 0
(16) *  bUi. Doi Cho. Lon *: 0
(17) None: 0
----------------------------------------
Ngay: 4/18/2023 - Thoi gian: 15:0
(1) : 0
(2) None: 0
(3) None: 0
(4) BEN THUONG HAI: 0
(5) None "X": 0
(6) None: 0
(7) 418 Vagos Criminals: 0
(8) Marula: 0
(9) None: 0
(10) None: 0
(11) C H J N A T 0 W N: 0
(12) None: 0
(13) None: 0
(14) None: 0
(15) None: 0
(16) *  bUi. Doi Cho. Lon *: 0
(17) None: 0
----------------------------------------
Ngay: 4/18/2023 - Thoi gian: 16:0
(1) : 0
(2) None: 0
(3) None: 0
(4) BEN THUONG HAI: 0
(5) None "X": 0
(6) None: 0
(7) 418 Vagos Criminals: 0
(8) Marula: 0
(9) None: 0
(10) None: 0
(11) C H J N A T 0 W N: 0
(12) None: 0
(13) None: 0
(14) None: 0
(15) None: 0
(16) *  bUi. Doi Cho. Lon *: 0
(17) None: 0
----------------------------------------
Ngay: 4/18/2023 - Thoi gian: 17:1
(1) : 0
(2) None: 0
(3) None: 0
(4) BEN THUONG HAI: 0
(5) None "X": 0
(6) None: 0
(7) 418 Vagos Criminals: 0
(8) Marula: 0
(9) None: 0
(10) None: 0
(11) C H J N A T 0 W N: 0
(12) None: 0
(13) None: 0
(14) None: 0
(15) None: 0
(16) *  bUi. Doi Cho. Lon *: 0
(17) None: 0
----------------------------------------
Ngay: 4/18/2023 - Thoi gian: 18:0
(1) : 0
(2) None: 0
(3) None: 0
(4) BEN THUONG HAI: 0
(5) None "X": 0
(6) None: 0
(7) 418 Vagos Criminals: 0
(8) Marula: 0
(9) None: 0
(10) None: 0
(11) C H J N A T 0 W N: 0
(12) None: 0
(13) None: 0
(14) None: 0
(15) None: 0
(16) *  bUi. Doi Cho. Lon *: 0
(17) None: 0
----------------------------------------
Ngay: 4/18/2023 - Thoi gian: 19:0
(1) : 0
(2) None: 0
(3) None: 0
(4) BEN THUONG HAI: 0
(5) None "X": 0
(6) None: 0
(7) 418 Vagos Criminals: 0
(8) Marula: 0
(9) None: 0
(10) None: 0
(11) C H J N A T 0 W N: 0
(12) None: 0
(13) None: 0
(14) None: 0
(15) None: 0
(16) *  bUi. Doi Cho. Lon *: 0
(17) None: 0
----------------------------------------
Ngay: 4/18/2023 - Thoi gian: 21:0
(1) : 0
(2) None: 0
(3) None: 0
(4) BEN THUONG HAI: 0
(5) None "X": 0
(6) None: 0
(7) 418 Vagos Criminals: 0
(8) Marula: 0
(9) None: 0
(10) None: 0
(11) C H J N A T 0 W N: 0
(12) None: 0
(13) None: 0
(14) None: 0
(15) None: 0
(16) *  bUi. Doi Cho. Lon *: 0
(17) None: 0
----------------------------------------
Ngay: 4/20/2023 - Thoi gian: 0:0
(1) : 0
(2) None: 0
(3) None: 0
(4) BEN THUONG HAI: 0
(5) None "X": 0
(6) None: 0
(7) 418 Vagos Criminals: 0
(8) Marula: 0
(9) None: 0
(10) None: 0
(11) C H J N A T 0 W N: 0
(12) None: 0
(13) None: 0
(14) None: 0
(15) None: 0
(16) *  bUi. Doi Cho. Lon *: 0
(17) None: 0
----------------------------------------
Ngay: 4/22/2023 - Thoi gian: 22:0
(1) : 0
(2) None: 0
(3) None: 0
(4) BEN THUONG HAI: 0
(5) None "X": 0
(6) None: 0
(7) 418 Vagos Criminals: 0
(8) Marula: 0
(9) None: 0
(10) None: 0
(11) C H J N A T 0 W N: 0
(12) None: 0
(13) None: 0
(14) None: 0
(15) None: 0
(16) *  bUi. Doi Cho. Lon *: 0
(17) None: 0
----------------------------------------
Ngay: 4/22/2023 - Thoi gian: 23:0
(1) : 0
(2) None: 0
(3) None: 0
(4) BEN THUONG HAI: 0
(5) None "X": 0
(6) None: 0
(7) 418 Vagos Criminals: 0
(8) Marula: 0
(9) None: 0
(10) None: 0
(11) C H J N A T 0 W N: 0
(12) None: 0
(13) None: 0
(14) None: 0
(15) None: 0
(16) *  bUi. Doi Cho. Lon *: 0
(17) None: 0
----------------------------------------
Ngay: 4/23/2023 - Thoi gian: 15:0
(1) : 0
(2) None: 0
(3) None: 0
(4) BEN THUONG HAI: 0
(5) None "X": 0
(6) None: 0
(7) 418 Vagos Criminals: 0
(8) Marula: 0
(9) None: 0
(10) None: 0
(11) C H J N A T 0 W N: 0
(12) None: 0
(13) None: 0
(14) None: 0
(15) None: 0
(16) *  bUi. Doi Cho. Lon *: 0
(17) None: 0
----------------------------------------
Ngay: 4/23/2023 - Thoi gian: 16:0
(1) : 0
(2) None: 0
(3) None: 0
(4) BEN THUONG HAI: 0
(5) None "X": 0
(6) None: 0
(7) 418 Vagos Criminals: 0
(8) Marula: 0
(9) None: 0
(10) None: 0
(11) C H J N A T 0 W N: 0
(12) None: 0
(13) None: 0
(14) None: 0
(15) None: 0
(16) *  bUi. Doi Cho. Lon *: 0
(17) None: 0
----------------------------------------
Ngay: 4/23/2023 - Thoi gian: 18:1
(1) : 0
(2) None: 0
(3) None: 0
(4) BEN THUONG HAI: 0
(5) None "X": 0
(6) None: 0
(7) 418 Vagos Criminals: 0
(8) Marula: 0
(9) None: 0
(10) None: 0
(11) C H J N A T 0 W N: 0
(12) None: 0
(13) None: 0
(14) None: 0
(15) None: 0
(16) *  bUi. Doi Cho. Lon *: 0
(17) None: 0
----------------------------------------
Ngay: 4/23/2023 - Thoi gian: 22:0
(1) : 0
(2) None: 0
(3) None: 0
(4) BEN THUONG HAI: 0
(5) None "X": 0
(6) None: 0
(7) 418 Vagos Criminals: 0
(8) Marula: 0
(9) None: 0
(10) None: 0
(11) C H J N A T 0 W N: 0
(12) None: 0
(13) None: 0
(14) None: 0
(15) None: 0
(16) *  bUi. Doi Cho. Lon *: 0
(17) None: 0
----------------------------------------
Ngay: 4/24/2023 - Thoi gian: 21:0
(1) : 0
(2) None: 0
(3) None: 0
(4) BEN THUONG HAI: 0
(5) None "X": 0
(6) None: 0
(7) 418 Vagos Criminals: 0
(8) Marula: 0
(9) None: 0
(10) None: 0
(11) C H J N A T 0 W N: 0
(12) None: 0
(13) None: 0
(14) None: 0
(15) None: 0
(16) *  bUi. Doi Cho. Lon *: 0
(17) None: 0
----------------------------------------
Ngay: 4/24/2023 - Thoi gian: 22:1
(1) : 0
(2) None: 0
(3) None: 0
(4) BEN THUONG HAI: 0
(5) None "X": 0
(6) None: 0
(7) 418 Vagos Criminals: 0
(8) Marula: 0
(9) None: 0
(10) None: 0
(11) C H J N A T 0 W N: 0
(12) None: 0
(13) None: 0
(14) None: 0
(15) None: 0
(16) *  bUi. Doi Cho. Lon *: 0
(17) None: 0
