[2023/4/17 - 15:48:29] Jon Hien has edited GateID 5's Position.
[2023/4/17 - 15:48:34] Jon Hien has edited GateID 5's Model to 18762.
[2023/4/17 - 15:50:17] Jon Hien has edited GateID 5's Speed to 0.100.
[2023/4/17 - 15:50:25] Jon Hien has edited GateID 5's Speed to -0.500.
[2023/4/17 - 15:50:33] Jon Hien has edited GateID 5's Speed to -1.000.
[2023/4/17 - 15:50:50] Jon Hien has edited GateID 5's Position.
[2023/4/17 - 15:50:52] Jon Hien has edited GateID 5's Position.
[2023/4/17 - 20:42:22] Jon Hien has edited GateID 5's Position.
[2023/4/17 - 20:42:27] Jon Hien has edited GateID 5's Model to 0.
[2023/4/17 - 20:52:20] Jon Hien has edited GateID 5's Position.
[2023/4/17 - 20:52:23] Jon Hien has edited GateID 5's Model to 0.
[2023/4/17 - 20:52:25] Jon Hien has edited GateID 5's Model to -5100.
[2023/4/17 - 20:52:26] Jon Hien has edited GateID 5's Model to 0.
[2023/4/17 - 20:52:27] Jon Hien has edited GateID 5's Model to -5100.
[2023/4/17 - 20:52:28] Jon Hien has edited GateID 5's Position.
[2023/4/17 - 20:54:02] Jon Hien has edited GateID 5's Speed to 0.001.
[2023/4/17 - 20:54:28] Jon Hien has edited GateID 5's Speed to 0.019.
[2023/4/17 - 20:54:33] Jon Hien has edited GateID 5's Speed to 0.009.
[2023/4/17 - 20:55:28] Jon Hien has edited GateID 21's Position.
[2023/4/17 - 20:55:33] Jon Hien has edited GateID 21's Model to -5100.
[2023/4/17 - 21:00:33] Jon Hien has edited GateID 5's Position.
[2023/4/17 - 21:09:22] Jon Hien has edited GateID 5's VW to 1.
[2023/4/17 - 21:29:59] Jon Hien has edited GateID 5's Position.
[2023/4/17 - 21:30:01] Jon Hien has edited GateID 5's Position.
[2023/4/17 - 21:30:03] Jon Hien has edited GateID 5's Position.
[2023/4/17 - 21:30:04] Jon Hien has edited GateID 5's Position.
[2023/4/17 - 22:12:00] Jon Hien has edited GateID 5's Position.
[2023/4/17 - 22:12:09] Jon Hien has edited GateID 5's Model to -5101.
[2023/4/17 - 22:13:45] Jon Hien has edited GateID 21's Position.
[2023/4/17 - 22:13:56] Jon Hien has edited GateID 21's Model to -5102.
[2023/4/17 - 22:21:20] Jon Hien has edited GateID 5's VW to 1.
[2023/4/17 - 22:21:21] Jon Hien has edited GateID 21's VW to 1.
[2023/9/28 - 2:32:06] CouNil WisDom has edited GateID 0's Model to 1762.
[2023/9/28 - 2:32:10] CouNil WisDom has edited GateID 0's Position.
