[2019/7/4 - 20:39:42] Mr Son da roi khoi nhom FDSA rank 6 (/quitgroup)
[2019/7/4 - 21:04:39] Mr Son have made Mr Son the leader of the LSPD.
[2019/7/4 - 21:08:52] Mr Sona chap nhan Chief of Police Mr Son's tham gia LSPD (1).
[2019/7/4 - 21:17:24] Administrator Mr Son has group-kicked Mr Sona from LSPD (1)
[2019/7/4 - 21:17:25] Administrator Mr Son has group-kicked Mr Son from LSPD (1)
[2019/7/4 - 21:27:31] Mr Son have made Mr Son the leader of the LSPD.
[2019/7/4 - 21:28:03] Mr Sona Chap Nhan Loi Moi Vao To Chuc Mr Son (Group ID: 76)
[2019/7/4 - 21:32:52] Mr Son da roi khoi nhom LSPD rank 9 (/quitgroup)
[2019/7/4 - 21:33:08] Mr Son have made Mr Son the leader of the LSPD.
[2019/7/4 - 21:33:09] Mr Son da roi khoi nhom LSPD rank 9 (/quitgroup)
[2019/7/4 - 21:38:51] Mr Son have made Mr Son the leader of the LSPD.
[2019/7/4 - 21:39:01] Mr Son Da Roi Khoi To Chuc LSPD Rank 9
[2019/7/4 - 21:39:29] Mr Son have made Mr Son the leader of the LSPD.
[2019/7/4 - 21:39:32] Mr Son Da Roi Khoi To Chuc LSPD Rank 9
[2019/7/4 - 21:39:33] Mr Son have made Mr Son the leader of the LSPD.
[2019/7/4 - 21:39:36] Mr Sona Da Roi Khoi To Chuc LSPD Rank 0
[2023/4/22 - 22:29:44] Douglas Davidson have made Douglas Davidson the leader of the LSPD.
[2023/9/29 - 17:08:34] Con Cac have made Con Cac the leader of the LSPD.
[2023/10/1 - 13:34:25] zxczxc zxc have made zxczxc zxc the leader of the LSPD.
[2023/10/1 - 13:38:49] ABC CBA have made ABC CBA the leader of the LSPD.
[2023/10/1 - 14:11:49] vzxcv zxc have made vzxcv zxc the leader of the LSPD.
[2023/10/1 - 14:12:28] Chief of Police vzxcv zxc da dua vzxcv zxc's DIV den SWAT trong LSPD (1).
[2023/10/1 - 14:12:32] Chief of Police vzxcv zxc (rank 9) da cho vzxcv zxc rank 6 (Lieutenant) trong LSPD (1).
[2023/10/1 - 14:12:38] Lieutenant vzxcv zxc (rank 6) da cho vzxcv zxc rank 2 (Officer II) trong LSPD (1).
[2023/10/1 - 14:12:48] Officer II vzxcv zxc da dua vzxcv zxc's DIV den H.R trong LSPD (1).
[2023/10/1 - 14:12:50] Officer II vzxcv zxc da dua vzxcv zxc's DIV den Patrol trong LSPD (1).
[2023/10/1 - 14:14:59] vzxcv zxc have made vzxcv zxc the leader of the LSPD.
[2023/10/1 - 14:27:44] Hidan Sebastian have made Hidan Sebastian the leader of the LSPD.
[2023/10/1 - 14:29:16] Hidan Sebastian have made Hidan Sebastian the leader of the LSPD.
[2023/10/1 - 14:32:50] Hidan Sebastian have made Hidan Sebastian the leader of the LSPD.
[2023/10/1 - 14:35:25] Hidan Sebastian have made Hidan Sebastian the leader of the LSPD.
[2023/10/1 - 14:37:34] Hidan Sebastian have made Hidan Sebastian the leader of the LSPD.
[2023/10/1 - 14:40:06] Hidan Sebastian have made Hidan Sebastian the leader of the LSPD.
[2023/10/1 - 14:49:58] Hidan Sebastian have made Hidan Sebastian the leader of the LSPD.
[2023/10/1 - 15:03:29] Hidan Sebastian have made Hidan Sebastian the leader of the LSPD.
[2023/10/1 - 15:07:45] ZXC ZXZ have made ZXC ZXZ the leader of the LSPD.
[2023/10/1 - 15:49:40] Chief of Police Hidan Sebastian (rank 9) da cho Hidan Sebastian rank 3 (Corporal) trong LSPD (1).
[2023/10/1 - 15:49:42] Corporal Hidan Sebastian (rank 3) da cho Hidan Sebastian rank 6 (Lieutenant) trong LSPD (1).
[2023/10/1 - 15:49:45] Lieutenant Hidan Sebastian (rank 6) da cho Hidan Sebastian rank 8 (Deputy Police) trong LSPD (1).
[2023/10/1 - 15:49:45] Deputy Police Hidan Sebastian (rank 8) da cho Hidan Sebastian rank 7 (Captain) trong LSPD (1).
[2023/10/1 - 16:07:00] Chief of Police Hidan Sebastian (rank 9) da cho Hidan Sebastian rank 3 (Corporal) trong LSPD (1).
[2023/10/1 - 16:07:01] Corporal Hidan Sebastian (rank 3) da cho Hidan Sebastian rank 8 (Deputy Police) trong LSPD (1).
[2023/10/1 - 16:07:03] Deputy Police Hidan Sebastian (rank 8) da cho Hidan Sebastian rank 7 (Captain) trong LSPD (1).
[2023/10/1 - 16:07:12] Captain Hidan Sebastian (rank 7) da cho Hidan Sebastian rank 5 (Decetive) trong LSPD (1).
[2023/10/1 - 16:07:18] Decetive Hidan Sebastian (rank 5) da cho Hidan Sebastian rank 1 (Officer I) trong LSPD (1).
[2023/10/1 - 18:54:33] Hidan Sebastian has respawned group ID 1 dynamic group vehicles.
[2023/10/1 - 18:59:03] Con ca have made Con ca the leader of the LSPD.
[2023/10/1 - 19:09:38] Hidan Sebastian have made Hidan Sebastian the leader of the San Andreas Fire Department.
[2023/10/3 - 19:47:36] ABC ZXC have made ABC ZXC the leader of the San Andreas Fire Department.
[2023/10/3 - 20:13:53] ZXC ZXZ have made ZXC ZXZ the leader of the LSPD.
[2023/10/3 - 20:14:37] Stanley Taellious have made Stanley Taellious the leader of the LSPD.
[2023/10/3 - 20:27:43] Stanley Taellious have made Stanley Taellious the leader of the LSPD.
[2023/10/3 - 20:27:59] Stanley Taellious have made Stanley Taellious the leader of the San Andreas Fire Department.
[2023/10/3 - 20:37:28] Stanley Taellious have made Stanley Taellious the leader of the San Andreas Fire Department.
[2023/10/3 - 20:47:53] Stanley Taellious have made Stanley Taellious the leader of the San Andreas Fire Department.
[2023/10/3 - 20:48:15] Stanley Taellious have made Stanley Taellious the leader of the LSPD.
[2023/10/5 - 14:53:30] Stanley Taellious have made Stanley Taellious the leader of the FBI.
[2023/10/5 - 14:53:38] Stanley Taellious have made Stanley Taellious the leader of the FBI.
[2023/10/5 - 14:53:46] Stanley Taellious have made Stanley Taellious the leader of the LSPD.
[2023/10/5 - 14:56:50] ABC CA have made ABC CA the leader of the LSPD.
[2023/10/5 - 15:04:23] ABC CA have made ABC CA the leader of the San Andreas Fire Department.
[2023/10/5 - 15:20:01] ABC CA have made ABC CA the leader of the LSPD.
[2023/10/5 - 15:25:47] Stanley Taellious have made Stanley Taellious the leader of the LSPD.
[2023/10/5 - 15:26:39] ABC CA have made ABC CA the leader of the LSPD.
[2023/10/5 - 15:47:53] Stanley Taellious have made Stanley Taellious the leader of the LSPD.
[2023/10/5 - 16:00:37] vzxcv zxc have made vzxcv zxc the leader of the LSPD.
[2023/10/5 - 13:42:29] a a have made a a the leader of the San Andreas Sheriff.
[2023/10/5 - 14:44:59] Martin RCRP have made Martin RCRP the leader of the San Andreas Sheriff.
[2023/10/5 - 14:45:39] Big Dick have made Big Dick the leader of the San Andreas Sheriff.
[2023/10/5 - 14:46:28] Big Dick have made Big Dick the leader of the San Andreas Sheriff.
[2023/10/5 - 14:46:41] Big Dick have made Big Dick the leader of the San Andreas Sheriff.
[2023/10/5 - 14:46:48] Big Dick have made Big Dick the leader of the San Andreas Sheriff.
[2023/10/5 - 17:03:32] A B da roi khoi nhom San Andreas Sheriff rank 9 (/quitgroup)
[2023/10/5 - 17:07:04] A B have made A B the leader of the San Andreas Sheriff.
[2023/10/5 - 17:09:54] A B da roi khoi nhom San Andreas Sheriff rank 9 (/quitgroup)
[2023/10/5 - 17:34:34] a a have made a a the leader of the San Andreas Sheriff.
[2023/10/5 - 17:34:55] The Sheriff a a (rank 9) da cho a a rank 9 (The Sheriff) trong San Andreas Sheriff (1).
[2023/10/5 - 17:35:15] The Sheriff a a (rank 9) da cho a a rank 9 (The Sheriff) trong San Andreas Sheriff (1).
[2023/10/5 - 18:05:54] f1nnie have made f1nnie the leader of the San Andreas Sheriff.
[2023/10/5 - 18:06:21] [Mask 72317_66] have made [Mask 72317_66] the leader of the San Andreas Sheriff.
[2023/10/6 - 11:28:06] a a have made a a the leader of the San Andreas Medical Center.
[2023/10/6 - 12:21:08]  a a (rank 9) da cho a a rank 1 () trong San Andreas Medical Center (2).
[2023/10/6 - 12:34:34] a a da roi khoi nhom San Andreas Medical Center rank 1 (/quitgroup)
[2023/10/6 - 12:58:16] a a have made a a the leader of the San Andreas Medical Center.
[2023/10/6 - 12:58:18] a a have made a a the leader of the San Andreas Sheriff.
[2023/10/6 - 13:35:56] a a da roi khoi nhom San Andreas Sheriff rank 9 (/quitgroup)
[2023/10/6 - 14:11:50] a a have made a a the leader of the San Andreas Sheriff.
[2023/10/6 - 20:21:38] Dua have made Dua the leader of the San Andreas Sheriff.
[2023/10/6 - 20:41:26] Gennedy Garrett chap nhan The Sheriff Big Dick's tham gia San Andreas Sheriff (1).
[2023/10/6 - 20:41:48] Martin RCRP have made Martin RCRP the leader of the San Andreas Sheriff.
[2023/10/6 - 20:44:18] Martin RCRP have made Martin RCRP the leader of the San Andreas Sheriff.
[2023/10/6 - 20:44:48] Loren Roman chap nhan The Sheriff Big Dick's tham gia San Andreas Sheriff (1).
[2023/10/6 - 20:45:13] Martin RCRP have made Martin RCRP the leader of the San Andreas Sheriff.
[2023/10/6 - 20:55:53] Big Dick da roi khoi nhom San Andreas Sheriff rank 9 (/quitgroup)
[2023/10/6 - 20:56:26] Big Dick have made Big Dick the leader of the San Andreas Sheriff.
[2023/10/6 - 21:14:23] Big Dick da roi khoi nhom San Andreas Sheriff rank 9 (/quitgroup)
[2023/10/6 - 21:16:49] Big Dick have made Big Dick the leader of the San Andreas Sheriff.
[2023/10/6 - 21:22:43] f1nnie have made f1nnie the leader of the San Andreas Sheriff.
[2023/10/6 - 21:23:22] a a have made a a the leader of the San Andreas Sheriff.
[2023/10/6 - 21:24:30] The Sheriff Loren Roman (rank 9) da bi duoi Ton Wuyen (rank 9) tu San Andreas Sheriff (1).
[2023/10/6 - 21:24:37] Ton Wuyen chap nhan The Sheriff Loren Roman's tham gia San Andreas Sheriff (1).
[2023/10/6 - 21:25:08] The Sheriff Loren Roman (rank 9) da cho Ton Wuyen rank 9 (The Sheriff) trong San Andreas Sheriff (1).
[2023/10/6 - 21:25:12] The Sheriff Loren Roman (rank 9) da cho Ton Wuyen rank 3 (Deputy Sheriff Master) trong San Andreas Sheriff (1).
[2023/10/6 - 21:25:14] The Sheriff Loren Roman (rank 9) da cho Ton Wuyen rank 4 (Sergeants) trong San Andreas Sheriff (1).
[2023/10/6 - 21:25:14] The Sheriff Loren Roman (rank 9) da cho Ton Wuyen rank 5 (Lieutenants) trong San Andreas Sheriff (1).
[2023/10/6 - 21:25:17] The Sheriff Loren Roman (rank 9) da cho Ton Wuyen rank 6 (Captains) trong San Andreas Sheriff (1).
[2023/10/6 - 21:25:18] The Sheriff Loren Roman (rank 9) da cho Ton Wuyen rank 7 (Assistant Sheriffs) trong San Andreas Sheriff (1).
[2023/10/6 - 21:25:21] The Sheriff Loren Roman (rank 9) da cho Ton Wuyen rank 8 (The Undersheriff) trong San Andreas Sheriff (1).
[2023/10/6 - 21:25:25] The Sheriff Loren Roman (rank 9) da cho Ton Wuyen rank 0 (Sheriff Trainees) trong San Andreas Sheriff (1).
[2023/10/6 - 21:25:39] The Sheriff Loren Roman (rank 9) da cho Gennedy Garrett rank 0 (Sheriff Trainees) trong San Andreas Sheriff (1).
[2023/10/6 - 21:25:39] The Sheriff Loren Roman (rank 9) da cho Gennedy Garrett rank 1 (Sheriffs Deputy) trong San Andreas Sheriff (1).
[2023/10/6 - 21:25:40] The Sheriff Loren Roman (rank 9) da cho Gennedy Garrett rank 2 (Bonus  Deputies) trong San Andreas Sheriff (1).
[2023/10/6 - 21:25:41] The Sheriff huu QuanG (rank 9) da bi duoi Loren Roman (rank 9) tu San Andreas Sheriff (1).
[2023/10/6 - 21:25:50] Loren Roman chap nhan The Sheriff huu QuanG's tham gia San Andreas Sheriff (1).
[2023/10/6 - 21:25:53] f1nnie have made f1nnie the leader of the San Andreas Sheriff.
[2023/10/6 - 21:26:03] The Sheriff huu QuanG (rank 9) da cho Loren Roman rank 1 (Sheriffs Deputy) trong San Andreas Sheriff (1).
[2023/10/6 - 21:26:04] The Sheriff huu QuanG (rank 9) da cho Loren Roman rank 2 (Bonus  Deputies) trong San Andreas Sheriff (1).
[2023/10/6 - 21:26:05] The Sheriff huu QuanG (rank 9) da cho Loren Roman rank 3 (Deputy Sheriff Master) trong San Andreas Sheriff (1).
[2023/10/6 - 21:26:07] The Sheriff huu QuanG (rank 9) da cho Loren Roman rank 4 (Sergeants) trong San Andreas Sheriff (1).
[2023/10/6 - 21:26:08] The Sheriff huu QuanG (rank 9) da cho Loren Roman rank 5 (Lieutenants) trong San Andreas Sheriff (1).
[2023/10/6 - 21:26:09] The Sheriff huu QuanG (rank 9) da cho Loren Roman rank 6 (Captains) trong San Andreas Sheriff (1).
[2023/10/6 - 21:26:10] The Sheriff huu QuanG (rank 9) da cho Loren Roman rank 7 (Assistant Sheriffs) trong San Andreas Sheriff (1).
[2023/10/6 - 21:26:11] The Sheriff huu QuanG (rank 9) da cho Loren Roman rank 8 (The Undersheriff) trong San Andreas Sheriff (1).
[2023/10/6 - 21:26:13] The Sheriff huu QuanG (rank 9) da cho Loren Roman rank 8 (The Undersheriff) trong San Andreas Sheriff (1).
[2023/10/6 - 21:28:06] Loren Roman have made Loren Roman the leader of the San Andreas Sheriff.
[2023/10/6 - 21:28:21] The Sheriff Ton Wuyen da dua Ton Wuyen's DIV den IA trong San Andreas Sheriff (1).
[2023/10/6 - 21:28:22] Martin RCRP have made Martin RCRP the leader of the San Andreas Sheriff.
[2023/10/6 - 21:28:25] Martin RCRP have made Martin RCRP the leader of the San Andreas Sheriff.
[2023/10/6 - 21:28:28] Martin RCRP have made Martin RCRP the leader of the San Andreas Sheriff.
[2023/10/6 - 21:28:31] The Sheriff Ton Wuyen da dua Ton Wuyen's DIV den SEB trong San Andreas Sheriff (1).
[2023/10/6 - 21:28:36] Martin RCRP have made Martin RCRP the leader of the San Andreas Sheriff.
[2023/10/6 - 21:28:48] Martin RCRP have made Martin RCRP the leader of the San Andreas Sheriff.
[2023/10/6 - 21:29:00] Martin RCRP have made Martin RCRP the leader of the San Andreas Sheriff.
[2023/10/6 - 21:48:32] huu QuanG chap nhan The Sheriff Gennedy Garrett's tham gia San Andreas Sheriff (1).
[2023/10/6 - 21:57:04] huu QuanG chap nhan The Sheriff Gennedy Garrett's tham gia San Andreas Sheriff (1).
[2023/10/6 - 22:11:47] Loren Roman have made Loren Roman the leader of the San Andreas Sheriff.
[2023/10/6 - 22:11:50] Loren Roman have made Loren Roman the leader of the San Andreas Medical Center.
[2023/10/6 - 22:11:52] Loren Roman have made Loren Roman the leader of the San Andreas Sheriff.
[2023/10/6 - 22:12:00] Loren Roman have made Loren Roman the leader of the San Andreas Sheriff.
[2023/10/6 - 22:12:00] The Sheriff Gennedy Garrett (rank 9) da cho huu QuanG rank 0 (Sheriff Trainees) trong San Andreas Sheriff (1).
[2023/10/6 - 22:12:01] The Sheriff Gennedy Garrett (rank 9) da cho huu QuanG rank 1 (Sheriffs Deputy) trong San Andreas Sheriff (1).
[2023/10/6 - 22:12:02] The Sheriff Gennedy Garrett (rank 9) da cho huu QuanG rank 2 (Bonus  Deputies) trong San Andreas Sheriff (1).
[2023/10/6 - 22:12:04] The Sheriff Gennedy Garrett (rank 9) da cho huu QuanG rank 3 (Deputy Sheriff Master) trong San Andreas Sheriff (1).
[2023/10/6 - 22:12:04] The Sheriff Gennedy Garrett (rank 9) da cho huu QuanG rank 4 (Sergeants) trong San Andreas Sheriff (1).
[2023/10/6 - 22:12:05] The Sheriff Gennedy Garrett (rank 9) da cho huu QuanG rank 5 (Lieutenants) trong San Andreas Sheriff (1).
[2023/10/6 - 22:12:07] The Sheriff Gennedy Garrett (rank 9) da cho huu QuanG rank 6 (Captains) trong San Andreas Sheriff (1).
[2023/10/6 - 22:12:08] The Sheriff Gennedy Garrett (rank 9) da cho huu QuanG rank 7 (Assistant Sheriffs) trong San Andreas Sheriff (1).
[2023/10/6 - 22:12:10] The Sheriff Gennedy Garrett (rank 9) da cho huu QuanG rank 8 (The Undersheriff) trong San Andreas Sheriff (1).
[2023/10/6 - 22:12:12] The Sheriff Gennedy Garrett (rank 9) da cho huu QuanG rank 9 (The Sheriff) trong San Andreas Sheriff (1).
[2023/10/6 - 22:12:13] The Sheriff huu QuanG (rank 9) da bi duoi Loren Roman (rank 9) tu San Andreas Sheriff (1).
[2023/10/6 - 22:12:24] Loren Roman have made Loren Roman the leader of the San Andreas Sheriff.
[2023/10/6 - 22:18:41] huu QuanG chap nhan The Sheriff Gennedy Garrett's tham gia San Andreas Sheriff (1).
[2023/10/6 - 22:20:35] The Sheriff Ton Wuyen da dua Ton Wuyen's DIV den IA trong San Andreas Sheriff (1).
[2023/10/7 - 12:18:12] a a have made a a the leader of the San Andreas Medical Center.
[2023/10/7 - 21:02:30] a a da roi khoi nhom San Andreas Medical Center rank 9 (/quitgroup)
[2023/10/7 - 21:04:58] a a have made a a the leader of the San Andreas Sheriff.
[2023/10/7 - 21:05:10] a a da roi khoi nhom San Andreas Sheriff rank 9 (/quitgroup)
[2023/10/7 - 23:27:32] Finn have made Finn the leader of the San Andreas Sheriff.
[2023/10/7 - 23:40:52] Finn da roi khoi nhom San Andreas Sheriff rank 6 (/quitgroup)
