[2019/7/4 - 21:27:08]    Mr Son's Hunger has been set to 100. by Mr Son
[2019/7/11 - 12:14:51]    Mr Son's Job has been set to 29. by Mr Son
[2019/7/11 - 12:44:55] Mr Son da dieu chinh tien Mr Son's thanh $0 (/setmoney)
[2019/7/11 - 13:30:08]    Mr Son's Hunger has been set to 100. by Mr Son
[2019/7/11 - 14:54:53]    Mr Son's Job has been set to 29. by Mr Son
[2019/7/11 - 15:05:20]    Mr Son's Job has been set to 29. by Mr Son
[2022/7/6 - 13:06:15]    cuozg z's Playing Hours have been set to 2. by cuozg z
[2022/7/6 - 13:06:19]    cuozg z's Box Tokens have been set to 3. by cuozg z
[2022/7/6 - 13:06:26]    cuozg z's Playing Hours have been set to 20. by cuozg z
[2022/7/6 - 13:12:01]    cuozg z's Playing Hours have been set to 2. by cuozg z
[2022/7/6 - 13:13:29]    cuozg z's Playing Hours have been set to 2. by cuozg z
[2022/7/8 - 22:06:29]    cuozg ng's Playing Hours have been set to 2. by cuozg ng
[2022/7/10 - 13:08:51]    cuozg ng's Playing Hours have been set to 2. by cuozg ng
[2022/7/13 - 18:46:11]    cuozg ng's Pot has been set to 9. by cuozg ng
[2022/7/13 - 18:46:20]    cuozg ng's Job has been set to 9. by cuozg ng
[2022/7/13 - 19:50:34]    cuozg ng's Hunger has been set to 100. by cuozg ng
[2022/7/14 - 17:16:36]    cuozg ng's Level has been set to 2. by cuozg ng
[2022/7/14 - 17:16:43] cuozg ng has given cuozg ng $10,000 (/givemoney)
[2022/7/14 - 17:16:44] cuozg ng has given cuozg ng $10,000,000 (/givemoney)
[2022/7/14 - 21:03:20]    cuozg ng's Hunger has been set to 10. by cuozg ng
[2022/7/14 - 21:03:27]    cuozg ng's Hunger has been set to 14. by cuozg ng
[2022/7/14 - 21:03:28]    cuozg ng's Hunger has been set to 4. by cuozg ng
[2022/7/14 - 21:03:30]    cuozg ng's Hunger has been set to 5. by cuozg ng
[2022/7/14 - 21:03:32]    cuozg ng's Hunger has been set to 6. by cuozg ng
[2022/7/14 - 21:03:34]    cuozg ng's Hunger has been set to 2. by cuozg ng
[2022/7/14 - 21:03:39]    cuozg ng's Hunger has been set to 1. by cuozg ng
[2022/7/14 - 21:46:42] cuozg ng has given cuozg ng $200 (/givemoney)
[2022/7/14 - 21:46:43] cuozg ng has given cuozg ng $200 (/givemoney)
[2022/7/14 - 21:46:43] cuozg ng has given cuozg ng $200 (/givemoney)
[2022/7/14 - 21:47:05]    cuozg ng's Hunger has been set to 100. by cuozg ng
[2022/7/15 - 1:14:17]    cuozg ng's Level has been set to 2. by cuozg ng
[2022/7/15 - 1:18:11] cuozg ng has given cuozg ng $1,000,000 (/givemoney)
[2022/7/15 - 1:36:54]    cuozg ng's Upgrade Points has been set 1. by cuozg ng
[2022/7/15 - 1:53:00] cuozg ng has given cuozg ng $1,000,000 (/givemoney)
[2022/7/19 - 22:02:17]    cuozg ng's Job has been set to 32. by cuozg ng
[2023/4/18 - 23:14:22] Jon Hien changed Jon_Hien's name to Jonhien
[2023/4/19 - 23:49:47] Simon N changed Simon_N's name to Simon
[2023/10/5 - 15:31:03]    ABC CA's Playing Hours have been set to 9999. by ABC CA
