[2023/10/13 - 0:49:05] [VEHICLELOAD] [User: CouNil WisDom(12)] [Model: 422] [Vehicle ID: 28]
[2023/10/13 - 0:49:05] [VEHICLELOAD] [User: CouNil WisDom(12)] [Model: 499] [Vehicle ID: 34]
[2023/10/13 - 21:30:56] [VEHICLELOAD] [User: CouNil WisDom(12)] [Model: 422] [Vehicle ID: 28]
[2023/10/13 - 21:30:56] [VEHICLELOAD] [User: CouNil WisDom(12)] [Model: 499] [Vehicle ID: 34]
[2023/10/13 - 21:40:08] [VEHICLELOAD] [User: CouNil WisDom(12)] [Model: 422] [Vehicle ID: 28]
[2023/10/13 - 21:40:08] [VEHICLELOAD] [User: CouNil WisDom(12)] [Model: 499] [Vehicle ID: 34]
[2023/10/13 - 22:08:12] [VEHICLELOAD] [User: CouNil WisDom(12)] [Model: 422] [Vehicle ID: 28]
[2023/10/13 - 22:08:12] [VEHICLELOAD] [User: CouNil WisDom(12)] [Model: 499] [Vehicle ID: 34]
[2023/10/13 - 22:18:44] [VEHICLELOAD] [User: CouNil WisDom(12)] [Model: 422] [Vehicle ID: 28]
[2023/10/13 - 22:18:44] [VEHICLELOAD] [User: CouNil WisDom(12)] [Model: 499] [Vehicle ID: 34]
[2023/10/13 - 23:06:54] [VEHICLELOAD] [User: CouNil WisDom(12)] [Model: 422] [Vehicle ID: 28]
[2023/10/13 - 23:06:54] [VEHICLELOAD] [User: CouNil WisDom(12)] [Model: 499] [Vehicle ID: 34]
[2023/10/13 - 23:48:34] [VEHICLELOAD] [User: CouNil WisDom(12)] [Model: 422] [Vehicle ID: 28]
[2023/10/13 - 23:48:34] [VEHICLELOAD] [User: CouNil WisDom(12)] [Model: 499] [Vehicle ID: 34]
[2023/10/13 - 23:49:16] [VEHICLESAVE] [User: CouNil WisDom(12)] [Model: 422] [Vehicle ID: 28]
[2023/10/13 - 23:49:59] [VEHICLESAVE] [User: CouNil WisDom(12)] [Model: 422] [Vehicle ID: 28]
[2023/10/14 - 0:19:01] [VEHICLELOAD] [User: CouNil WisDom(12)] [Model: 422] [Vehicle ID: 28]
[2023/10/14 - 0:19:01] [VEHICLELOAD] [User: CouNil WisDom(12)] [Model: 499] [Vehicle ID: 34]
[2023/10/15 - 1:51:37] [VEHICLELOAD] [User: CouNil WisDom(12)] [Model: 422] [Vehicle ID: 28]
[2023/10/15 - 1:51:37] [VEHICLELOAD] [User: CouNil WisDom(12)] [Model: 422] [Vehicle ID: 37]
[2023/10/15 - 1:51:37] [VEHICLELOAD] [User: CouNil WisDom(12)] [Model: 422] [Vehicle ID: 70]
[2023/10/15 - 2:15:34] [VEHICLELOAD] [User: CouNil WisDom(12)] [Model: 422] [Vehicle ID: 28]
[2023/10/15 - 2:15:34] [VEHICLELOAD] [User: CouNil WisDom(12)] [Model: 422] [Vehicle ID: 37]
[2023/10/15 - 2:15:34] [VEHICLELOAD] [User: CouNil WisDom(12)] [Model: 422] [Vehicle ID: 70]
[2023/10/15 - 4:35:43] [VEHICLELOAD] [User: CouNil WisDom(12)] [Model: 422] [Vehicle ID: 28]
[2023/10/15 - 4:35:43] [VEHICLELOAD] [User: CouNil WisDom(12)] [Model: 422] [Vehicle ID: 37]
[2023/10/15 - 4:35:43] [VEHICLELOAD] [User: CouNil WisDom(12)] [Model: 422] [Vehicle ID: 70]
[2023/10/15 - 22:28:20] [VEHICLELOAD] [User: WISDOM CA(1)] [Model: 467] [Vehicle ID: 21]
[2023/10/15 - 22:28:20] [VEHICLELOAD] [User: WISDOM CA(1)] [Model: 467] [Vehicle ID: 22]
[2023/10/15 - 22:28:20] [VEHICLELOAD] [User: WISDOM CA(1)] [Model: 467] [Vehicle ID: 23]
[2023/10/15 - 22:28:20] [VEHICLELOAD] [User: WISDOM CA(1)] [Model: 475] [Vehicle ID: 24]
[2023/10/15 - 22:28:20] [VEHICLELOAD] [User: WISDOM CA(1)] [Model: 475] [Vehicle ID: 25]
[2023/10/17 - 18:22:38] [VEHICLELOAD] [User: WISDOM CA(1)] [Model: 467] [Vehicle ID: 21]
[2023/10/17 - 18:22:38] [VEHICLELOAD] [User: WISDOM CA(1)] [Model: 467] [Vehicle ID: 22]
[2023/10/17 - 18:22:38] [VEHICLELOAD] [User: WISDOM CA(1)] [Model: 467] [Vehicle ID: 23]
[2023/10/17 - 18:22:38] [VEHICLELOAD] [User: WISDOM CA(1)] [Model: 475] [Vehicle ID: 24]
[2023/10/17 - 18:22:38] [VEHICLELOAD] [User: WISDOM CA(1)] [Model: 475] [Vehicle ID: 25]
[2023/10/17 - 18:35:45] [VEHICLELOAD] [User: WISDOM CA(1)] [Model: 467] [Vehicle ID: 21]
[2023/10/17 - 18:35:45] [VEHICLELOAD] [User: WISDOM CA(1)] [Model: 467] [Vehicle ID: 22]
[2023/10/17 - 18:35:45] [VEHICLELOAD] [User: WISDOM CA(1)] [Model: 467] [Vehicle ID: 23]
[2023/10/17 - 18:35:45] [VEHICLELOAD] [User: WISDOM CA(1)] [Model: 475] [Vehicle ID: 24]
[2023/10/17 - 18:35:45] [VEHICLELOAD] [User: WISDOM CA(1)] [Model: 475] [Vehicle ID: 25]
[2023/10/17 - 18:45:14] [VEHICLELOAD] [User: WISDOM CA(1)] [Model: 467] [Vehicle ID: 21]
[2023/10/17 - 18:45:14] [VEHICLELOAD] [User: WISDOM CA(1)] [Model: 467] [Vehicle ID: 22]
[2023/10/17 - 18:45:14] [VEHICLELOAD] [User: WISDOM CA(1)] [Model: 467] [Vehicle ID: 23]
[2023/10/17 - 18:45:14] [VEHICLELOAD] [User: WISDOM CA(1)] [Model: 475] [Vehicle ID: 24]
[2023/10/17 - 18:45:14] [VEHICLELOAD] [User: WISDOM CA(1)] [Model: 475] [Vehicle ID: 25]
[2023/10/17 - 18:55:01] [VEHICLELOAD] [User: WISDOM CA(1)] [Model: 467] [Vehicle ID: 21]
[2023/10/17 - 18:55:01] [VEHICLELOAD] [User: WISDOM CA(1)] [Model: 467] [Vehicle ID: 22]
[2023/10/17 - 18:55:01] [VEHICLELOAD] [User: WISDOM CA(1)] [Model: 467] [Vehicle ID: 23]
[2023/10/17 - 18:55:01] [VEHICLELOAD] [User: WISDOM CA(1)] [Model: 475] [Vehicle ID: 24]
[2023/10/17 - 18:55:01] [VEHICLELOAD] [User: WISDOM CA(1)] [Model: 475] [Vehicle ID: 25]
[2023/10/17 - 18:56:31] [VEHICLELOAD] [User: WISDOM CA(1)] [Model: 467] [Vehicle ID: 21]
[2023/10/17 - 18:56:31] [VEHICLELOAD] [User: WISDOM CA(1)] [Model: 467] [Vehicle ID: 22]
[2023/10/17 - 18:56:31] [VEHICLELOAD] [User: WISDOM CA(1)] [Model: 467] [Vehicle ID: 23]
[2023/10/17 - 18:56:31] [VEHICLELOAD] [User: WISDOM CA(1)] [Model: 475] [Vehicle ID: 24]
[2023/10/17 - 18:56:31] [VEHICLELOAD] [User: WISDOM CA(1)] [Model: 475] [Vehicle ID: 25]
[2023/10/17 - 19:10:53] [VEHICLELOAD] [User: WISDOM CA(1)] [Model: 467] [Vehicle ID: 21]
[2023/10/17 - 19:10:53] [VEHICLELOAD] [User: WISDOM CA(1)] [Model: 467] [Vehicle ID: 22]
[2023/10/17 - 19:10:53] [VEHICLELOAD] [User: WISDOM CA(1)] [Model: 467] [Vehicle ID: 23]
[2023/10/17 - 19:10:53] [VEHICLELOAD] [User: WISDOM CA(1)] [Model: 475] [Vehicle ID: 24]
[2023/10/17 - 19:10:53] [VEHICLELOAD] [User: WISDOM CA(1)] [Model: 475] [Vehicle ID: 25]
[2023/10/17 - 19:25:31] [VEHICLELOAD] [User: WISDOM CA(1)] [Model: 467] [Vehicle ID: 21]
[2023/10/17 - 19:25:31] [VEHICLELOAD] [User: WISDOM CA(1)] [Model: 467] [Vehicle ID: 22]
[2023/10/17 - 19:25:31] [VEHICLELOAD] [User: WISDOM CA(1)] [Model: 467] [Vehicle ID: 23]
[2023/10/17 - 19:25:31] [VEHICLELOAD] [User: WISDOM CA(1)] [Model: 475] [Vehicle ID: 24]
[2023/10/17 - 19:25:31] [VEHICLELOAD] [User: WISDOM CA(1)] [Model: 475] [Vehicle ID: 25]
[2023/10/17 - 19:28:23] [VEHICLELOAD] [User: WISDOM CA(1)] [Model: 467] [Vehicle ID: 21]
[2023/10/17 - 19:28:23] [VEHICLELOAD] [User: WISDOM CA(1)] [Model: 467] [Vehicle ID: 22]
[2023/10/17 - 19:28:23] [VEHICLELOAD] [User: WISDOM CA(1)] [Model: 467] [Vehicle ID: 23]
[2023/10/17 - 19:28:23] [VEHICLELOAD] [User: WISDOM CA(1)] [Model: 475] [Vehicle ID: 24]
[2023/10/17 - 19:28:23] [VEHICLELOAD] [User: WISDOM CA(1)] [Model: 475] [Vehicle ID: 25]
[2023/10/17 - 19:30:57] [VEHICLELOAD] [User: WISDOM CA(1)] [Model: 467] [Vehicle ID: 21]
[2023/10/17 - 19:30:57] [VEHICLELOAD] [User: WISDOM CA(1)] [Model: 467] [Vehicle ID: 22]
[2023/10/17 - 19:30:57] [VEHICLELOAD] [User: WISDOM CA(1)] [Model: 467] [Vehicle ID: 23]
[2023/10/17 - 19:30:57] [VEHICLELOAD] [User: WISDOM CA(1)] [Model: 475] [Vehicle ID: 24]
[2023/10/17 - 19:30:57] [VEHICLELOAD] [User: WISDOM CA(1)] [Model: 475] [Vehicle ID: 25]
[2023/10/18 - 5:40:36] [VEHICLELOAD] [User: WISDOM CA(1)] [Model: 467] [Vehicle ID: 21]
[2023/10/18 - 5:40:36] [VEHICLELOAD] [User: WISDOM CA(1)] [Model: 467] [Vehicle ID: 22]
[2023/10/18 - 5:40:36] [VEHICLELOAD] [User: WISDOM CA(1)] [Model: 467] [Vehicle ID: 23]
[2023/10/18 - 5:40:36] [VEHICLELOAD] [User: WISDOM CA(1)] [Model: 475] [Vehicle ID: 24]
[2023/10/18 - 5:40:36] [VEHICLELOAD] [User: WISDOM CA(1)] [Model: 475] [Vehicle ID: 25]
[2023/10/18 - 5:44:14] [VEHICLELOAD] [User: WISDOM CA(1)] [Model: 467] [Vehicle ID: 21]
[2023/10/18 - 5:44:14] [VEHICLELOAD] [User: WISDOM CA(1)] [Model: 467] [Vehicle ID: 22]
[2023/10/18 - 5:44:14] [VEHICLELOAD] [User: WISDOM CA(1)] [Model: 467] [Vehicle ID: 23]
[2023/10/18 - 5:44:14] [VEHICLELOAD] [User: WISDOM CA(1)] [Model: 475] [Vehicle ID: 24]
[2023/10/18 - 5:44:14] [VEHICLELOAD] [User: WISDOM CA(1)] [Model: 475] [Vehicle ID: 25]
[2023/10/18 - 5:48:16] [VEHICLELOAD] [User: WISDOM CA(1)] [Model: 467] [Vehicle ID: 21]
[2023/10/18 - 5:48:16] [VEHICLELOAD] [User: WISDOM CA(1)] [Model: 467] [Vehicle ID: 22]
[2023/10/18 - 5:48:16] [VEHICLELOAD] [User: WISDOM CA(1)] [Model: 467] [Vehicle ID: 23]
[2023/10/18 - 5:48:16] [VEHICLELOAD] [User: WISDOM CA(1)] [Model: 475] [Vehicle ID: 24]
[2023/10/18 - 5:48:16] [VEHICLELOAD] [User: WISDOM CA(1)] [Model: 475] [Vehicle ID: 25]
[2023/10/18 - 5:54:19] [VEHICLELOAD] [User: WISDOM CA(1)] [Model: 467] [Vehicle ID: 21]
[2023/10/18 - 5:54:19] [VEHICLELOAD] [User: WISDOM CA(1)] [Model: 467] [Vehicle ID: 22]
[2023/10/18 - 5:54:19] [VEHICLELOAD] [User: WISDOM CA(1)] [Model: 467] [Vehicle ID: 23]
[2023/10/18 - 5:54:19] [VEHICLELOAD] [User: WISDOM CA(1)] [Model: 475] [Vehicle ID: 24]
[2023/10/18 - 5:54:19] [VEHICLELOAD] [User: WISDOM CA(1)] [Model: 475] [Vehicle ID: 25]
[2023/10/18 - 6:01:48] [VEHICLELOAD] [User: WISDOM CA(1)] [Model: 467] [Vehicle ID: 21]
[2023/10/18 - 6:01:48] [VEHICLELOAD] [User: WISDOM CA(1)] [Model: 467] [Vehicle ID: 22]
[2023/10/18 - 6:01:48] [VEHICLELOAD] [User: WISDOM CA(1)] [Model: 467] [Vehicle ID: 23]
[2023/10/18 - 6:01:48] [VEHICLELOAD] [User: WISDOM CA(1)] [Model: 475] [Vehicle ID: 24]
[2023/10/18 - 6:01:48] [VEHICLELOAD] [User: WISDOM CA(1)] [Model: 475] [Vehicle ID: 25]
[2023/10/18 - 6:19:09] [VEHICLELOAD] [User: WISDOM CA(1)] [Model: 467] [Vehicle ID: 21]
[2023/10/18 - 6:19:09] [VEHICLELOAD] [User: WISDOM CA(1)] [Model: 467] [Vehicle ID: 22]
[2023/10/18 - 6:19:09] [VEHICLELOAD] [User: WISDOM CA(1)] [Model: 467] [Vehicle ID: 23]
[2023/10/18 - 6:19:09] [VEHICLELOAD] [User: WISDOM CA(1)] [Model: 475] [Vehicle ID: 24]
[2023/10/18 - 6:19:09] [VEHICLELOAD] [User: WISDOM CA(1)] [Model: 475] [Vehicle ID: 25]
[2023/10/18 - 6:35:17] [VEHICLELOAD] [User: WISDOM CA(1)] [Model: 467] [Vehicle ID: 21]
[2023/10/18 - 6:35:17] [VEHICLELOAD] [User: WISDOM CA(1)] [Model: 467] [Vehicle ID: 22]
[2023/10/18 - 6:35:17] [VEHICLELOAD] [User: WISDOM CA(1)] [Model: 467] [Vehicle ID: 23]
[2023/10/18 - 6:35:17] [VEHICLELOAD] [User: WISDOM CA(1)] [Model: 475] [Vehicle ID: 24]
[2023/10/18 - 6:35:17] [VEHICLELOAD] [User: WISDOM CA(1)] [Model: 475] [Vehicle ID: 25]
[2023/10/18 - 6:45:29] [VEHICLELOAD] [User: CouNil WisDom(1)] [Model: 467] [Vehicle ID: 21]
[2023/10/18 - 6:45:29] [VEHICLELOAD] [User: CouNil WisDom(1)] [Model: 467] [Vehicle ID: 22]
[2023/10/18 - 6:45:29] [VEHICLELOAD] [User: CouNil WisDom(1)] [Model: 467] [Vehicle ID: 23]
[2023/10/18 - 6:45:29] [VEHICLELOAD] [User: CouNil WisDom(1)] [Model: 475] [Vehicle ID: 24]
[2023/10/18 - 6:45:29] [VEHICLELOAD] [User: CouNil WisDom(1)] [Model: 475] [Vehicle ID: 25]
[2023/10/18 - 6:55:32] [VEHICLELOAD] [User: CouNil WisDom(1)] [Model: 467] [Vehicle ID: 21]
[2023/10/18 - 6:55:32] [VEHICLELOAD] [User: CouNil WisDom(1)] [Model: 467] [Vehicle ID: 22]
[2023/10/18 - 6:55:32] [VEHICLELOAD] [User: CouNil WisDom(1)] [Model: 467] [Vehicle ID: 23]
[2023/10/18 - 6:55:32] [VEHICLELOAD] [User: CouNil WisDom(1)] [Model: 475] [Vehicle ID: 24]
[2023/10/18 - 6:55:32] [VEHICLELOAD] [User: CouNil WisDom(1)] [Model: 475] [Vehicle ID: 25]
[2023/10/18 - 7:07:50] [VEHICLELOAD] [User: CouNil WisDom(1)] [Model: 467] [Vehicle ID: 21]
[2023/10/18 - 7:07:50] [VEHICLELOAD] [User: CouNil WisDom(1)] [Model: 467] [Vehicle ID: 22]
[2023/10/18 - 7:07:50] [VEHICLELOAD] [User: CouNil WisDom(1)] [Model: 467] [Vehicle ID: 23]
[2023/10/18 - 7:07:50] [VEHICLELOAD] [User: CouNil WisDom(1)] [Model: 475] [Vehicle ID: 24]
[2023/10/18 - 7:07:50] [VEHICLELOAD] [User: CouNil WisDom(1)] [Model: 475] [Vehicle ID: 25]
[2023/10/18 - 7:22:13] [VEHICLESAVE] [User: [Mask 25959_91](1)] [Model: 422] [Vehicle ID: 79]
[2023/10/18 - 7:22:35] [VEHICLESAVE] [User: [Mask 25959_91](1)] [Model: 422] [Vehicle ID: 79]
[2023/10/18 - 7:30:27] [VEHICLELOAD] [User: CouNil WisDom(1)] [Model: 422] [Vehicle ID: 79]
[2023/10/18 - 7:30:29] [VEHICLESAVE] [User: CouNil WisDom(1)] [Model: 422] [Vehicle ID: 79]
[2023/10/19 - 3:29:43] [VEHICLELOAD] [User: CouNil WisDom(1)] [Model: 422] [Vehicle ID: 79]
[2023/10/19 - 3:41:13] [VEHICLESAVE] [User: CouNil WisDom(1)] [Model: 422] [Vehicle ID: 79]
[2023/10/19 - 4:33:07] [VEHICLELOAD] [User: CouNil WisDom(1)] [Model: 422] [Vehicle ID: 79]
[2023/10/19 - 4:33:10] [VEHICLESAVE] [User: CouNil WisDom(1)] [Model: 422] [Vehicle ID: 79]
[2023/10/19 - 5:14:53] [VEHICLELOAD] [User: CouNil WisDom(1)] [Model: 422] [Vehicle ID: 79]
[2023/10/19 - 5:22:21] [VEHICLELOAD] [User: CouNil WisDom(1)] [Model: 422] [Vehicle ID: 79]
[2023/10/19 - 5:31:51] [VEHICLELOAD] [User: CouNil WisDom(1)] [Model: 422] [Vehicle ID: 79]
[2023/10/19 - 22:22:30] [VEHICLELOAD] [User: CouNil WisDom(1)] [Model: 422] [Vehicle ID: 79]
[2023/10/19 - 22:28:57] [VEHICLELOAD] [User: CouNil WisDom(1)] [Model: 422] [Vehicle ID: 79]
[2023/10/19 - 22:34:37] [VEHICLELOAD] [User: CouNil WisDom(1)] [Model: 422] [Vehicle ID: 79]
[2023/10/19 - 22:45:13] [VEHICLELOAD] [User: CouNil WisDom(1)] [Model: 422] [Vehicle ID: 79]
[2023/10/19 - 22:50:12] [VEHICLELOAD] [User: CouNil WisDom(1)] [Model: 422] [Vehicle ID: 79]
[2023/10/19 - 23:01:45] [VEHICLELOAD] [User: CouNil WisDom(1)] [Model: 422] [Vehicle ID: 79]
[2023/10/20 - 1:45:33] [VEHICLELOAD] [User: CouNil WisDom(1)] [Model: 422] [Vehicle ID: 79]
[2023/10/20 - 1:56:59] [VEHICLELOAD] [User: CouNil WisDom(1)] [Model: 422] [Vehicle ID: 79]
[2023/10/20 - 2:10:06] [VEHICLELOAD] [User: CouNil WisDom(1)] [Model: 422] [Vehicle ID: 79]
[2023/10/20 - 2:10:35] [VEHICLESAVE] [User: CouNil WisDom(1)] [Model: 422] [Vehicle ID: 79]
[2023/10/20 - 2:57:33] [VEHICLELOAD] [User: CouNil WisDom(1)] [Model: 422] [Vehicle ID: 79]
[2023/10/20 - 3:05:25] [VEHICLELOAD] [User: CouNil WisDom(1)] [Model: 422] [Vehicle ID: 79]
[2023/10/20 - 3:08:56] [VEHICLELOAD] [User: CouNil WisDom(1)] [Model: 422] [Vehicle ID: 79]
[2023/10/21 - 4:42:30] [VEHICLELOAD] [User: CouNil WisDom(1)] [Model: 422] [Vehicle ID: 79]
[2023/10/21 - 5:45:24] [VEHICLELOAD] [User: CouNil WisDom(1)] [Model: 422] [Vehicle ID: 79]
[2023/10/21 - 6:13:09] [VEHICLELOAD] [User: CouNil WisDom(1)] [Model: 422] [Vehicle ID: 79]
[2023/10/21 - 6:16:27] [VEHICLELOAD] [User: CouNil WisDom(1)] [Model: 422] [Vehicle ID: 79]
[2023/10/23 - 4:03:59] [VEHICLELOAD] [User: CouNil WisDom(1)] [Model: 422] [Vehicle ID: 79]
[2023/10/23 - 4:10:17] [VEHICLELOAD] [User: CouNil WisDom(1)] [Model: 422] [Vehicle ID: 79]
[2023/10/23 - 4:22:14] [VEHICLELOAD] [User: CouNil WisDom(1)] [Model: 422] [Vehicle ID: 79]
[2023/10/23 - 4:42:30] [VEHICLELOAD] [User: CouNil WisDom(1)] [Model: 422] [Vehicle ID: 79]
[2023/10/23 - 4:46:03] [VEHICLELOAD] [User: CouNil WisDom(1)] [Model: 422] [Vehicle ID: 79]
[2023/10/23 - 4:52:21] [VEHICLELOAD] [User: CouNil WisDom(1)] [Model: 422] [Vehicle ID: 79]
[2023/10/23 - 4:57:38] [VEHICLELOAD] [User: CouNil WisDom(1)] [Model: 422] [Vehicle ID: 79]
[2023/10/23 - 5:02:11] [VEHICLELOAD] [User: CouNil WisDom(1)] [Model: 422] [Vehicle ID: 79]
[2023/10/23 - 5:07:18] [VEHICLELOAD] [User: CouNil WisDom(1)] [Model: 422] [Vehicle ID: 79]
[2023/10/23 - 5:09:06] [VEHICLELOAD] [User: CouNil WisDom(1)] [Model: 422] [Vehicle ID: 79]
[2023/10/23 - 5:27:15] [VEHICLELOAD] [User: CouNil WisDom(1)] [Model: 422] [Vehicle ID: 79]
[2023/10/23 - 23:52:18] [VEHICLELOAD] [User: CouNil WisDom(1)] [Model: 422] [Vehicle ID: 79]
[2023/10/24 - 0:25:11] [VEHICLELOAD] [User: CouNil WisDom(1)] [Model: 422] [Vehicle ID: 79]
[2023/10/27 - 7:31:51] [VEHICLESAVE] [User: CouNil WisDom(169)] [Model: 422] [Vehicle ID: 155]
[2023/10/28 - 19:45:08] [VEHICLELOAD] [User: CouNil WisDom(169)] [Model: 422] [Vehicle ID: 155]
[2023/10/28 - 19:45:08] [VEHICLELOAD] [User: CouNil WisDom(169)] [Model: 422] [Vehicle ID: 192]
[2023/10/28 - 19:45:12] [VEHICLELOAD] [User: CouNil WisDom(169)] [Model: 422] [Vehicle ID: 155]
[2023/10/28 - 19:45:12] [VEHICLELOAD] [User: CouNil WisDom(169)] [Model: 422] [Vehicle ID: 192]
[2023/10/29 - 8:16:26] [VEHICLELOAD] [User: CouNil WisDom(169)] [Model: 422] [Vehicle ID: 155]
[2023/10/29 - 8:16:26] [VEHICLELOAD] [User: CouNil WisDom(169)] [Model: 422] [Vehicle ID: 192]
[2023/10/29 - 8:16:29] [VEHICLELOAD] [User: CouNil WisDom(169)] [Model: 422] [Vehicle ID: 155]
[2023/10/29 - 8:16:29] [VEHICLELOAD] [User: CouNil WisDom(169)] [Model: 422] [Vehicle ID: 192]
[2023/10/29 - 8:28:37] [VEHICLELOAD] [User: CouNil WisDom(169)] [Model: 422] [Vehicle ID: 155]
[2023/10/29 - 8:28:37] [VEHICLELOAD] [User: CouNil WisDom(169)] [Model: 422] [Vehicle ID: 192]
[2023/10/29 - 8:28:40] [VEHICLELOAD] [User: CouNil WisDom(169)] [Model: 422] [Vehicle ID: 155]
[2023/10/29 - 8:28:40] [VEHICLELOAD] [User: CouNil WisDom(169)] [Model: 422] [Vehicle ID: 192]
[2023/10/29 - 8:30:41] [VEHICLELOAD] [User: CouNil WisDom(169)] [Model: 422] [Vehicle ID: 155]
[2023/10/29 - 8:30:41] [VEHICLELOAD] [User: CouNil WisDom(169)] [Model: 422] [Vehicle ID: 192]
[2023/10/29 - 8:30:45] [VEHICLELOAD] [User: CouNil WisDom(169)] [Model: 422] [Vehicle ID: 155]
[2023/10/29 - 8:30:45] [VEHICLELOAD] [User: CouNil WisDom(169)] [Model: 422] [Vehicle ID: 192]
[2023/10/30 - 7:40:02] [VEHICLELOAD] [User: CouNil WisDom(169)] [Model: 422] [Vehicle ID: 155]
[2023/10/30 - 7:40:02] [VEHICLELOAD] [User: CouNil WisDom(169)] [Model: 422] [Vehicle ID: 192]
[2023/10/30 - 7:40:06] [VEHICLELOAD] [User: CouNil WisDom(169)] [Model: 422] [Vehicle ID: 155]
[2023/10/30 - 7:40:06] [VEHICLELOAD] [User: CouNil WisDom(169)] [Model: 422] [Vehicle ID: 192]
[2023/10/30 - 7:40:26] [VEHICLESAVE] [User: CouNil WisDom(169)] [Model: 422] [Vehicle ID: 155]
[2023/10/31 - 8:08:10] [VEHICLELOAD] [User: CouNil WisDom(169)] [Model: 422] [Vehicle ID: 155]
[2023/10/31 - 8:08:10] [VEHICLELOAD] [User: CouNil WisDom(169)] [Model: 422] [Vehicle ID: 192]
[2023/10/31 - 8:08:13] [VEHICLELOAD] [User: CouNil WisDom(169)] [Model: 422] [Vehicle ID: 155]
[2023/10/31 - 8:08:13] [VEHICLELOAD] [User: CouNil WisDom(169)] [Model: 422] [Vehicle ID: 192]
[2023/10/31 - 8:08:39] [VEHICLESAVE] [User: CouNil WisDom(169)] [Model: 554] [Vehicle ID: 193]
[2023/10/31 - 8:08:47] [VEHICLESAVE] [User: CouNil WisDom(169)] [Model: 554] [Vehicle ID: 193]
[2023/10/31 - 8:08:47] [VEHICLESAVE] [User: CouNil WisDom(169)] [Model: 554] [Vehicle ID: 193]
[2023/10/31 - 8:09:30] [VEHICLESAVE] [User: CouNil WisDom(169)] [Model: 554] [Vehicle ID: 193]
[2023/10/31 - 14:19:24] [VEHICLELOAD] [User: CouNil WisDom(169)] [Model: 422] [Vehicle ID: 155]
[2023/10/31 - 14:19:24] [VEHICLELOAD] [User: CouNil WisDom(169)] [Model: 422] [Vehicle ID: 192]
[2023/10/31 - 14:19:24] [VEHICLELOAD] [User: CouNil WisDom(169)] [Model: 554] [Vehicle ID: 193]
[2023/10/31 - 14:19:27] [VEHICLELOAD] [User: CouNil WisDom(169)] [Model: 422] [Vehicle ID: 155]
[2023/10/31 - 14:19:27] [VEHICLELOAD] [User: CouNil WisDom(169)] [Model: 422] [Vehicle ID: 192]
[2023/10/31 - 14:19:27] [VEHICLELOAD] [User: CouNil WisDom(169)] [Model: 554] [Vehicle ID: 193]
[2023/10/31 - 14:19:41] [VEHICLESAVE] [User: CouNil WisDom(169)] [Model: 554] [Vehicle ID: 193]
[2023/10/31 - 14:25:00] [VEHICLELOAD] [User: CouNil WisDom(169)] [Model: 422] [Vehicle ID: 155]
[2023/10/31 - 14:25:00] [VEHICLELOAD] [User: CouNil WisDom(169)] [Model: 422] [Vehicle ID: 192]
[2023/10/31 - 14:25:00] [VEHICLELOAD] [User: CouNil WisDom(169)] [Model: 554] [Vehicle ID: 193]
[2023/10/31 - 14:25:03] [VEHICLELOAD] [User: CouNil WisDom(169)] [Model: 422] [Vehicle ID: 155]
[2023/10/31 - 14:25:03] [VEHICLELOAD] [User: CouNil WisDom(169)] [Model: 422] [Vehicle ID: 192]
[2023/10/31 - 14:25:03] [VEHICLELOAD] [User: CouNil WisDom(169)] [Model: 554] [Vehicle ID: 193]
[2023/10/31 - 14:25:24] [VEHICLESAVE] [User: CouNil WisDom(169)] [Model: 554] [Vehicle ID: 193]
[2023/11/1 - 0:45:53] [VEHICLELOAD] [User: CouNil WisDom(169)] [Model: 422] [Vehicle ID: 155]
[2023/11/1 - 0:45:53] [VEHICLELOAD] [User: CouNil WisDom(169)] [Model: 422] [Vehicle ID: 192]
[2023/11/1 - 0:45:53] [VEHICLELOAD] [User: CouNil WisDom(169)] [Model: 554] [Vehicle ID: 193]
[2023/11/1 - 0:45:57] [VEHICLELOAD] [User: CouNil WisDom(169)] [Model: 422] [Vehicle ID: 155]
[2023/11/1 - 0:45:57] [VEHICLELOAD] [User: CouNil WisDom(169)] [Model: 422] [Vehicle ID: 192]
[2023/11/1 - 0:45:57] [VEHICLELOAD] [User: CouNil WisDom(169)] [Model: 554] [Vehicle ID: 193]
[2023/11/1 - 1:04:30] [VEHICLELOAD] [User: CouNil WisDom(169)] [Model: 422] [Vehicle ID: 155]
[2023/11/1 - 1:04:30] [VEHICLELOAD] [User: CouNil WisDom(169)] [Model: 422] [Vehicle ID: 192]
[2023/11/1 - 1:04:30] [VEHICLELOAD] [User: CouNil WisDom(169)] [Model: 554] [Vehicle ID: 193]
[2023/11/1 - 1:04:34] [VEHICLELOAD] [User: CouNil WisDom(169)] [Model: 422] [Vehicle ID: 155]
[2023/11/1 - 1:04:34] [VEHICLELOAD] [User: CouNil WisDom(169)] [Model: 422] [Vehicle ID: 192]
[2023/11/1 - 1:04:34] [VEHICLELOAD] [User: CouNil WisDom(169)] [Model: 554] [Vehicle ID: 193]
[2023/11/1 - 1:11:27] [VEHICLELOAD] [User: CouNil WisDom(169)] [Model: 422] [Vehicle ID: 155]
[2023/11/1 - 1:11:27] [VEHICLELOAD] [User: CouNil WisDom(169)] [Model: 422] [Vehicle ID: 192]
[2023/11/1 - 1:11:27] [VEHICLELOAD] [User: CouNil WisDom(169)] [Model: 554] [Vehicle ID: 193]
[2023/11/1 - 1:11:30] [VEHICLELOAD] [User: CouNil WisDom(169)] [Model: 422] [Vehicle ID: 155]
[2023/11/1 - 1:11:30] [VEHICLELOAD] [User: CouNil WisDom(169)] [Model: 422] [Vehicle ID: 192]
[2023/11/1 - 1:11:30] [VEHICLELOAD] [User: CouNil WisDom(169)] [Model: 554] [Vehicle ID: 193]
[2023/11/1 - 1:13:48] [VEHICLELOAD] [User: CouNil WisDom(169)] [Model: 422] [Vehicle ID: 155]
[2023/11/1 - 1:13:48] [VEHICLELOAD] [User: CouNil WisDom(169)] [Model: 422] [Vehicle ID: 192]
[2023/11/1 - 1:13:48] [VEHICLELOAD] [User: CouNil WisDom(169)] [Model: 554] [Vehicle ID: 193]
[2023/11/1 - 1:13:52] [VEHICLELOAD] [User: CouNil WisDom(169)] [Model: 422] [Vehicle ID: 155]
[2023/11/1 - 1:13:52] [VEHICLELOAD] [User: CouNil WisDom(169)] [Model: 422] [Vehicle ID: 192]
[2023/11/1 - 1:13:52] [VEHICLELOAD] [User: CouNil WisDom(169)] [Model: 554] [Vehicle ID: 193]
[2023/11/1 - 1:22:23] [VEHICLELOAD] [User: CouNil WisDom(169)] [Model: 422] [Vehicle ID: 155]
[2023/11/1 - 1:22:23] [VEHICLELOAD] [User: CouNil WisDom(169)] [Model: 422] [Vehicle ID: 192]
[2023/11/1 - 1:22:23] [VEHICLELOAD] [User: CouNil WisDom(169)] [Model: 554] [Vehicle ID: 193]
[2023/11/1 - 1:22:26] [VEHICLELOAD] [User: CouNil WisDom(169)] [Model: 422] [Vehicle ID: 155]
[2023/11/1 - 1:22:26] [VEHICLELOAD] [User: CouNil WisDom(169)] [Model: 422] [Vehicle ID: 192]
[2023/11/1 - 1:22:26] [VEHICLELOAD] [User: CouNil WisDom(169)] [Model: 554] [Vehicle ID: 193]
[2023/11/1 - 1:34:41] [VEHICLELOAD] [User: CouNil WisDom(169)] [Model: 422] [Vehicle ID: 155]
[2023/11/1 - 1:34:41] [VEHICLELOAD] [User: CouNil WisDom(169)] [Model: 422] [Vehicle ID: 192]
[2023/11/1 - 1:34:41] [VEHICLELOAD] [User: CouNil WisDom(169)] [Model: 554] [Vehicle ID: 193]
[2023/11/1 - 1:34:44] [VEHICLELOAD] [User: CouNil WisDom(169)] [Model: 422] [Vehicle ID: 155]
[2023/11/1 - 1:34:44] [VEHICLELOAD] [User: CouNil WisDom(169)] [Model: 422] [Vehicle ID: 192]
[2023/11/1 - 1:34:44] [VEHICLELOAD] [User: CouNil WisDom(169)] [Model: 554] [Vehicle ID: 193]
[2023/11/1 - 1:40:44] [VEHICLELOAD] [User: CouNil WisDom(169)] [Model: 422] [Vehicle ID: 155]
[2023/11/1 - 1:40:44] [VEHICLELOAD] [User: CouNil WisDom(169)] [Model: 422] [Vehicle ID: 192]
[2023/11/1 - 1:40:44] [VEHICLELOAD] [User: CouNil WisDom(169)] [Model: 554] [Vehicle ID: 193]
[2023/11/1 - 1:40:47] [VEHICLELOAD] [User: CouNil WisDom(169)] [Model: 422] [Vehicle ID: 155]
[2023/11/1 - 1:40:47] [VEHICLELOAD] [User: CouNil WisDom(169)] [Model: 422] [Vehicle ID: 192]
[2023/11/1 - 1:40:47] [VEHICLELOAD] [User: CouNil WisDom(169)] [Model: 554] [Vehicle ID: 193]
[2023/11/1 - 2:21:17] [VEHICLELOAD] [User: CouNil WisDom(169)] [Model: 422] [Vehicle ID: 155]
[2023/11/1 - 2:21:17] [VEHICLELOAD] [User: CouNil WisDom(169)] [Model: 422] [Vehicle ID: 192]
[2023/11/1 - 2:21:17] [VEHICLELOAD] [User: CouNil WisDom(169)] [Model: 554] [Vehicle ID: 193]
[2023/11/1 - 2:21:20] [VEHICLELOAD] [User: CouNil WisDom(169)] [Model: 422] [Vehicle ID: 155]
[2023/11/1 - 2:21:20] [VEHICLELOAD] [User: CouNil WisDom(169)] [Model: 422] [Vehicle ID: 192]
[2023/11/1 - 2:21:20] [VEHICLELOAD] [User: CouNil WisDom(169)] [Model: 554] [Vehicle ID: 193]
[2023/11/1 - 2:25:56] [VEHICLELOAD] [User: CouNil WisDom(169)] [Model: 422] [Vehicle ID: 155]
[2023/11/1 - 2:25:56] [VEHICLELOAD] [User: CouNil WisDom(169)] [Model: 422] [Vehicle ID: 192]
[2023/11/1 - 2:25:56] [VEHICLELOAD] [User: CouNil WisDom(169)] [Model: 554] [Vehicle ID: 193]
[2023/11/1 - 2:26:00] [VEHICLELOAD] [User: CouNil WisDom(169)] [Model: 422] [Vehicle ID: 155]
[2023/11/1 - 2:26:00] [VEHICLELOAD] [User: CouNil WisDom(169)] [Model: 422] [Vehicle ID: 192]
[2023/11/1 - 2:26:00] [VEHICLELOAD] [User: CouNil WisDom(169)] [Model: 554] [Vehicle ID: 193]
[2023/11/1 - 2:28:10] [VEHICLELOAD] [User: CouNil WisDom(169)] [Model: 422] [Vehicle ID: 155]
[2023/11/1 - 2:28:10] [VEHICLELOAD] [User: CouNil WisDom(169)] [Model: 422] [Vehicle ID: 192]
[2023/11/1 - 2:28:10] [VEHICLELOAD] [User: CouNil WisDom(169)] [Model: 554] [Vehicle ID: 193]
[2023/11/1 - 2:28:14] [VEHICLELOAD] [User: CouNil WisDom(169)] [Model: 422] [Vehicle ID: 155]
[2023/11/1 - 2:28:14] [VEHICLELOAD] [User: CouNil WisDom(169)] [Model: 422] [Vehicle ID: 192]
[2023/11/1 - 2:28:14] [VEHICLELOAD] [User: CouNil WisDom(169)] [Model: 554] [Vehicle ID: 193]
[2023/11/1 - 2:30:58] [VEHICLELOAD] [User: CouNil WisDom(169)] [Model: 422] [Vehicle ID: 155]
[2023/11/1 - 2:30:58] [VEHICLELOAD] [User: CouNil WisDom(169)] [Model: 422] [Vehicle ID: 192]
[2023/11/1 - 2:30:58] [VEHICLELOAD] [User: CouNil WisDom(169)] [Model: 554] [Vehicle ID: 193]
[2023/11/1 - 2:31:01] [VEHICLELOAD] [User: CouNil WisDom(169)] [Model: 422] [Vehicle ID: 155]
[2023/11/1 - 2:31:01] [VEHICLELOAD] [User: CouNil WisDom(169)] [Model: 422] [Vehicle ID: 192]
[2023/11/1 - 2:31:01] [VEHICLELOAD] [User: CouNil WisDom(169)] [Model: 554] [Vehicle ID: 193]
[2023/11/1 - 2:40:59] [VEHICLELOAD] [User: CouNil WisDom(169)] [Model: 422] [Vehicle ID: 155]
[2023/11/1 - 2:40:59] [VEHICLELOAD] [User: CouNil WisDom(169)] [Model: 422] [Vehicle ID: 192]
[2023/11/1 - 2:40:59] [VEHICLELOAD] [User: CouNil WisDom(169)] [Model: 554] [Vehicle ID: 193]
[2023/11/1 - 2:41:03] [VEHICLELOAD] [User: CouNil WisDom(169)] [Model: 422] [Vehicle ID: 155]
[2023/11/1 - 2:41:03] [VEHICLELOAD] [User: CouNil WisDom(169)] [Model: 422] [Vehicle ID: 192]
[2023/11/1 - 2:41:03] [VEHICLELOAD] [User: CouNil WisDom(169)] [Model: 554] [Vehicle ID: 193]
[2023/11/1 - 2:43:08] [VEHICLELOAD] [User: CouNil WisDom(169)] [Model: 422] [Vehicle ID: 155]
[2023/11/1 - 2:43:08] [VEHICLELOAD] [User: CouNil WisDom(169)] [Model: 422] [Vehicle ID: 192]
[2023/11/1 - 2:43:08] [VEHICLELOAD] [User: CouNil WisDom(169)] [Model: 554] [Vehicle ID: 193]
[2023/11/1 - 2:43:12] [VEHICLELOAD] [User: CouNil WisDom(169)] [Model: 422] [Vehicle ID: 155]
[2023/11/1 - 2:43:12] [VEHICLELOAD] [User: CouNil WisDom(169)] [Model: 422] [Vehicle ID: 192]
[2023/11/1 - 2:43:12] [VEHICLELOAD] [User: CouNil WisDom(169)] [Model: 554] [Vehicle ID: 193]
[2023/11/1 - 11:59:03] [VEHICLELOAD] [User: CouNil WisDom(169)] [Model: 422] [Vehicle ID: 155]
[2023/11/1 - 11:59:03] [VEHICLELOAD] [User: CouNil WisDom(169)] [Model: 422] [Vehicle ID: 192]
[2023/11/1 - 11:59:03] [VEHICLELOAD] [User: CouNil WisDom(169)] [Model: 554] [Vehicle ID: 193]
[2023/11/1 - 11:59:07] [VEHICLELOAD] [User: CouNil WisDom(169)] [Model: 422] [Vehicle ID: 155]
[2023/11/1 - 11:59:07] [VEHICLELOAD] [User: CouNil WisDom(169)] [Model: 422] [Vehicle ID: 192]
[2023/11/1 - 11:59:07] [VEHICLELOAD] [User: CouNil WisDom(169)] [Model: 554] [Vehicle ID: 193]
[2023/11/1 - 12:03:56] [VEHICLELOAD] [User: CouNil WisDom(169)] [Model: 422] [Vehicle ID: 155]
[2023/11/1 - 12:03:56] [VEHICLELOAD] [User: CouNil WisDom(169)] [Model: 422] [Vehicle ID: 192]
[2023/11/1 - 12:03:56] [VEHICLELOAD] [User: CouNil WisDom(169)] [Model: 554] [Vehicle ID: 193]
[2023/11/1 - 12:03:59] [VEHICLELOAD] [User: CouNil WisDom(169)] [Model: 422] [Vehicle ID: 155]
[2023/11/1 - 12:03:59] [VEHICLELOAD] [User: CouNil WisDom(169)] [Model: 422] [Vehicle ID: 192]
[2023/11/1 - 12:03:59] [VEHICLELOAD] [User: CouNil WisDom(169)] [Model: 554] [Vehicle ID: 193]
[2023/11/1 - 12:07:17] [VEHICLELOAD] [User: CouNil WisDom(169)] [Model: 422] [Vehicle ID: 155]
[2023/11/1 - 12:07:17] [VEHICLELOAD] [User: CouNil WisDom(169)] [Model: 422] [Vehicle ID: 192]
[2023/11/1 - 12:07:17] [VEHICLELOAD] [User: CouNil WisDom(169)] [Model: 554] [Vehicle ID: 193]
[2023/11/1 - 12:07:20] [VEHICLELOAD] [User: CouNil WisDom(169)] [Model: 422] [Vehicle ID: 155]
[2023/11/1 - 12:07:20] [VEHICLELOAD] [User: CouNil WisDom(169)] [Model: 422] [Vehicle ID: 192]
[2023/11/1 - 12:07:20] [VEHICLELOAD] [User: CouNil WisDom(169)] [Model: 554] [Vehicle ID: 193]
[2023/11/1 - 12:24:28] [VEHICLELOAD] [User: CouNil WisDom(169)] [Model: 422] [Vehicle ID: 155]
[2023/11/1 - 12:24:28] [VEHICLELOAD] [User: CouNil WisDom(169)] [Model: 422] [Vehicle ID: 192]
[2023/11/1 - 12:24:28] [VEHICLELOAD] [User: CouNil WisDom(169)] [Model: 554] [Vehicle ID: 193]
[2023/11/1 - 12:24:32] [VEHICLELOAD] [User: CouNil WisDom(169)] [Model: 422] [Vehicle ID: 155]
[2023/11/1 - 12:24:32] [VEHICLELOAD] [User: CouNil WisDom(169)] [Model: 422] [Vehicle ID: 192]
[2023/11/1 - 12:24:32] [VEHICLELOAD] [User: CouNil WisDom(169)] [Model: 554] [Vehicle ID: 193]
[2023/11/2 - 12:20:40] [VEHICLELOAD] [User: CouNil WisDom(169)] [Model: 422] [Vehicle ID: 155]
[2023/11/2 - 12:20:40] [VEHICLELOAD] [User: CouNil WisDom(169)] [Model: 422] [Vehicle ID: 192]
[2023/11/2 - 12:20:43] [VEHICLELOAD] [User: CouNil WisDom(169)] [Model: 422] [Vehicle ID: 155]
[2023/11/2 - 12:20:43] [VEHICLELOAD] [User: CouNil WisDom(169)] [Model: 422] [Vehicle ID: 192]
[2023/11/2 - 12:38:36] [VEHICLELOAD] [User: CouNil WisDom(169)] [Model: 422] [Vehicle ID: 155]
[2023/11/2 - 12:38:36] [VEHICLELOAD] [User: CouNil WisDom(169)] [Model: 422] [Vehicle ID: 192]
[2023/11/2 - 12:38:38] [VEHICLELOAD] [User: CouNil WisDom(169)] [Model: 422] [Vehicle ID: 155]
[2023/11/2 - 12:38:38] [VEHICLELOAD] [User: CouNil WisDom(169)] [Model: 422] [Vehicle ID: 192]
[2023/11/2 - 12:45:53] [VEHICLELOAD] [User: CouNil WisDom(169)] [Model: 422] [Vehicle ID: 155]
[2023/11/2 - 12:45:53] [VEHICLELOAD] [User: CouNil WisDom(169)] [Model: 422] [Vehicle ID: 192]
[2023/11/2 - 12:45:56] [VEHICLELOAD] [User: CouNil WisDom(169)] [Model: 422] [Vehicle ID: 155]
[2023/11/2 - 12:45:56] [VEHICLELOAD] [User: CouNil WisDom(169)] [Model: 422] [Vehicle ID: 192]
[2023/11/2 - 12:49:12] [VEHICLELOAD] [User: CouNil WisDom(169)] [Model: 422] [Vehicle ID: 155]
[2023/11/2 - 12:49:12] [VEHICLELOAD] [User: CouNil WisDom(169)] [Model: 422] [Vehicle ID: 192]
[2023/11/2 - 12:49:14] [VEHICLELOAD] [User: CouNil WisDom(169)] [Model: 422] [Vehicle ID: 155]
[2023/11/2 - 12:49:14] [VEHICLELOAD] [User: CouNil WisDom(169)] [Model: 422] [Vehicle ID: 192]
[2023/11/2 - 12:52:22] [VEHICLELOAD] [User: CouNil WisDom(169)] [Model: 422] [Vehicle ID: 155]
[2023/11/2 - 12:52:22] [VEHICLELOAD] [User: CouNil WisDom(169)] [Model: 422] [Vehicle ID: 192]
[2023/11/2 - 12:52:25] [VEHICLELOAD] [User: CouNil WisDom(169)] [Model: 422] [Vehicle ID: 155]
[2023/11/2 - 12:52:25] [VEHICLELOAD] [User: CouNil WisDom(169)] [Model: 422] [Vehicle ID: 192]
[2023/11/2 - 12:57:24] [VEHICLELOAD] [User: CouNil WisDom(169)] [Model: 422] [Vehicle ID: 155]
[2023/11/2 - 12:57:24] [VEHICLELOAD] [User: CouNil WisDom(169)] [Model: 422] [Vehicle ID: 192]
[2023/11/2 - 12:57:27] [VEHICLELOAD] [User: CouNil WisDom(169)] [Model: 422] [Vehicle ID: 155]
[2023/11/2 - 12:57:27] [VEHICLELOAD] [User: CouNil WisDom(169)] [Model: 422] [Vehicle ID: 192]
[2023/11/2 - 13:37:34] [VEHICLELOAD] [User: CouNil WisDom(169)] [Model: 422] [Vehicle ID: 155]
[2023/11/2 - 13:37:34] [VEHICLELOAD] [User: CouNil WisDom(169)] [Model: 422] [Vehicle ID: 192]
[2023/11/2 - 13:37:37] [VEHICLELOAD] [User: CouNil WisDom(169)] [Model: 422] [Vehicle ID: 155]
[2023/11/2 - 13:37:37] [VEHICLELOAD] [User: CouNil WisDom(169)] [Model: 422] [Vehicle ID: 192]
[2023/11/2 - 13:43:18] [VEHICLELOAD] [User: CouNil WisDom(169)] [Model: 422] [Vehicle ID: 155]
[2023/11/2 - 13:43:18] [VEHICLELOAD] [User: CouNil WisDom(169)] [Model: 422] [Vehicle ID: 192]
[2023/11/2 - 13:43:21] [VEHICLELOAD] [User: CouNil WisDom(169)] [Model: 422] [Vehicle ID: 155]
[2023/11/2 - 13:43:21] [VEHICLELOAD] [User: CouNil WisDom(169)] [Model: 422] [Vehicle ID: 192]
[2023/11/2 - 13:56:25] [VEHICLELOAD] [User: CouNil WisDom(169)] [Model: 422] [Vehicle ID: 155]
[2023/11/2 - 13:56:25] [VEHICLELOAD] [User: CouNil WisDom(169)] [Model: 422] [Vehicle ID: 192]
[2023/11/2 - 13:56:28] [VEHICLELOAD] [User: CouNil WisDom(169)] [Model: 422] [Vehicle ID: 155]
[2023/11/2 - 13:56:28] [VEHICLELOAD] [User: CouNil WisDom(169)] [Model: 422] [Vehicle ID: 192]
[2023/11/2 - 14:00:18] [VEHICLELOAD] [User: CouNil WisDom(169)] [Model: 422] [Vehicle ID: 155]
[2023/11/2 - 14:00:18] [VEHICLELOAD] [User: CouNil WisDom(169)] [Model: 422] [Vehicle ID: 192]
[2023/11/2 - 14:00:20] [VEHICLELOAD] [User: CouNil WisDom(169)] [Model: 422] [Vehicle ID: 155]
[2023/11/2 - 14:00:20] [VEHICLELOAD] [User: CouNil WisDom(169)] [Model: 422] [Vehicle ID: 192]
[2023/11/2 - 14:02:34] [VEHICLELOAD] [User: CouNil WisDom(169)] [Model: 422] [Vehicle ID: 155]
[2023/11/2 - 14:02:34] [VEHICLELOAD] [User: CouNil WisDom(169)] [Model: 422] [Vehicle ID: 192]
[2023/11/2 - 14:02:37] [VEHICLELOAD] [User: CouNil WisDom(169)] [Model: 422] [Vehicle ID: 155]
[2023/11/2 - 14:02:37] [VEHICLELOAD] [User: CouNil WisDom(169)] [Model: 422] [Vehicle ID: 192]
[2023/11/4 - 13:46:50] [VEHICLELOAD] [User: CouNil WisDom(169)] [Model: 422] [Vehicle ID: 155]
[2023/11/4 - 13:46:50] [VEHICLELOAD] [User: CouNil WisDom(169)] [Model: 422] [Vehicle ID: 192]
[2023/11/4 - 13:46:53] [VEHICLELOAD] [User: CouNil WisDom(169)] [Model: 422] [Vehicle ID: 155]
[2023/11/4 - 13:46:53] [VEHICLELOAD] [User: CouNil WisDom(169)] [Model: 422] [Vehicle ID: 192]
[2023/11/5 - 9:20:00] [VEHICLELOAD] [User: CouNil WisDom(169)] [Model: 422] [Vehicle ID: 155]
[2023/11/5 - 9:20:00] [VEHICLELOAD] [User: CouNil WisDom(169)] [Model: 422] [Vehicle ID: 192]
[2023/11/5 - 9:20:03] [VEHICLELOAD] [User: CouNil WisDom(169)] [Model: 422] [Vehicle ID: 155]
[2023/11/5 - 9:20:03] [VEHICLELOAD] [User: CouNil WisDom(169)] [Model: 422] [Vehicle ID: 192]
[2023/11/5 - 9:37:13] [VEHICLELOAD] [User: CouNil WisDom(169)] [Model: 422] [Vehicle ID: 155]
[2023/11/5 - 9:37:13] [VEHICLELOAD] [User: CouNil WisDom(169)] [Model: 422] [Vehicle ID: 192]
[2023/11/5 - 9:37:16] [VEHICLELOAD] [User: CouNil WisDom(169)] [Model: 422] [Vehicle ID: 155]
[2023/11/5 - 9:37:16] [VEHICLELOAD] [User: CouNil WisDom(169)] [Model: 422] [Vehicle ID: 192]
[2023/11/5 - 9:52:06] [VEHICLELOAD] [User: CouNil WisDom(169)] [Model: 422] [Vehicle ID: 155]
[2023/11/5 - 9:52:06] [VEHICLELOAD] [User: CouNil WisDom(169)] [Model: 422] [Vehicle ID: 192]
[2023/11/5 - 9:52:09] [VEHICLELOAD] [User: CouNil WisDom(169)] [Model: 422] [Vehicle ID: 155]
[2023/11/5 - 9:52:09] [VEHICLELOAD] [User: CouNil WisDom(169)] [Model: 422] [Vehicle ID: 192]
[2023/11/5 - 10:01:17] [VEHICLELOAD] [User: CouNil WisDom(169)] [Model: 422] [Vehicle ID: 155]
[2023/11/5 - 10:01:17] [VEHICLELOAD] [User: CouNil WisDom(169)] [Model: 422] [Vehicle ID: 192]
[2023/11/5 - 10:01:20] [VEHICLELOAD] [User: CouNil WisDom(169)] [Model: 422] [Vehicle ID: 155]
[2023/11/5 - 10:01:20] [VEHICLELOAD] [User: CouNil WisDom(169)] [Model: 422] [Vehicle ID: 192]
[2023/11/6 - 11:49:38] [VEHICLELOAD] [User: CouNil WisDom(169)] [Model: 422] [Vehicle ID: 155]
[2023/11/6 - 11:49:38] [VEHICLELOAD] [User: CouNil WisDom(169)] [Model: 422] [Vehicle ID: 192]
[2023/11/6 - 11:49:41] [VEHICLELOAD] [User: CouNil WisDom(169)] [Model: 422] [Vehicle ID: 155]
[2023/11/6 - 11:49:41] [VEHICLELOAD] [User: CouNil WisDom(169)] [Model: 422] [Vehicle ID: 192]
[2023/11/6 - 11:56:39] [VEHICLESAVE] [User: Mask 995500(169)] [Model: 422] [Vehicle ID: 155]
[2023/11/6 - 12:36:46] [VEHICLELOAD] [User: CouNil WisDom(169)] [Model: 422] [Vehicle ID: 155]
[2023/11/6 - 12:36:46] [VEHICLELOAD] [User: CouNil WisDom(169)] [Model: 422] [Vehicle ID: 192]
[2023/11/6 - 12:36:48] [VEHICLELOAD] [User: CouNil WisDom(169)] [Model: 422] [Vehicle ID: 155]
[2023/11/6 - 12:36:48] [VEHICLELOAD] [User: CouNil WisDom(169)] [Model: 422] [Vehicle ID: 192]
[2023/11/6 - 12:39:03] [VEHICLESAVE] [User: CouNil WisDom(169)] [Model: 422] [Vehicle ID: 155]
[2023/11/6 - 12:46:05] [VEHICLELOAD] [User: CouNil WisDom(169)] [Model: 422] [Vehicle ID: 155]
[2023/11/6 - 12:46:05] [VEHICLELOAD] [User: CouNil WisDom(169)] [Model: 422] [Vehicle ID: 192]
[2023/11/6 - 12:46:08] [VEHICLELOAD] [User: CouNil WisDom(169)] [Model: 422] [Vehicle ID: 155]
[2023/11/6 - 12:46:08] [VEHICLELOAD] [User: CouNil WisDom(169)] [Model: 422] [Vehicle ID: 192]
[2023/11/6 - 12:46:10] [VEHICLESAVE] [User: CouNil WisDom(169)] [Model: 422] [Vehicle ID: 155]
[2023/11/6 - 12:59:46] [VEHICLELOAD] [User: CouNil WisDom(169)] [Model: 422] [Vehicle ID: 155]
[2023/11/6 - 12:59:46] [VEHICLELOAD] [User: CouNil WisDom(169)] [Model: 422] [Vehicle ID: 192]
[2023/11/6 - 12:59:49] [VEHICLELOAD] [User: CouNil WisDom(169)] [Model: 422] [Vehicle ID: 155]
[2023/11/6 - 12:59:49] [VEHICLELOAD] [User: CouNil WisDom(169)] [Model: 422] [Vehicle ID: 192]
[2023/11/6 - 12:59:52] [VEHICLESAVE] [User: CouNil WisDom(169)] [Model: 422] [Vehicle ID: 155]
[2023/11/6 - 13:04:31] [VEHICLELOAD] [User: CouNil WisDom(169)] [Model: 422] [Vehicle ID: 155]
[2023/11/6 - 13:04:31] [VEHICLELOAD] [User: CouNil WisDom(169)] [Model: 422] [Vehicle ID: 192]
[2023/11/6 - 13:04:34] [VEHICLELOAD] [User: CouNil WisDom(169)] [Model: 422] [Vehicle ID: 155]
[2023/11/6 - 13:04:34] [VEHICLELOAD] [User: CouNil WisDom(169)] [Model: 422] [Vehicle ID: 192]
[2023/11/6 - 13:05:29] [VEHICLESAVE] [User: CouNil WisDom(169)] [Model: 422] [Vehicle ID: 155]
[2023/11/6 - 13:09:27] [VEHICLELOAD] [User: CouNil WisDom(169)] [Model: 422] [Vehicle ID: 155]
[2023/11/6 - 13:09:27] [VEHICLELOAD] [User: CouNil WisDom(169)] [Model: 422] [Vehicle ID: 192]
[2023/11/6 - 13:09:29] [VEHICLELOAD] [User: CouNil WisDom(169)] [Model: 422] [Vehicle ID: 155]
[2023/11/6 - 13:09:29] [VEHICLELOAD] [User: CouNil WisDom(169)] [Model: 422] [Vehicle ID: 192]
[2023/11/6 - 13:09:35] [VEHICLESAVE] [User: CouNil WisDom(169)] [Model: 422] [Vehicle ID: 155]
[2023/11/6 - 13:13:07] [VEHICLELOAD] [User: CouNil WisDom(169)] [Model: 422] [Vehicle ID: 155]
[2023/11/6 - 13:13:07] [VEHICLELOAD] [User: CouNil WisDom(169)] [Model: 422] [Vehicle ID: 192]
[2023/11/6 - 13:13:10] [VEHICLELOAD] [User: CouNil WisDom(169)] [Model: 422] [Vehicle ID: 155]
[2023/11/6 - 13:13:10] [VEHICLELOAD] [User: CouNil WisDom(169)] [Model: 422] [Vehicle ID: 192]
[2023/11/6 - 13:13:12] [VEHICLESAVE] [User: CouNil WisDom(169)] [Model: 422] [Vehicle ID: 155]
[2023/11/6 - 13:20:04] [VEHICLELOAD] [User: CouNil WisDom(169)] [Model: 422] [Vehicle ID: 155]
[2023/11/6 - 13:20:04] [VEHICLELOAD] [User: CouNil WisDom(169)] [Model: 422] [Vehicle ID: 192]
[2023/11/6 - 13:20:07] [VEHICLELOAD] [User: CouNil WisDom(169)] [Model: 422] [Vehicle ID: 155]
[2023/11/6 - 13:20:07] [VEHICLELOAD] [User: CouNil WisDom(169)] [Model: 422] [Vehicle ID: 192]
[2023/11/6 - 13:20:11] [VEHICLESAVE] [User: CouNil WisDom(169)] [Model: 422] [Vehicle ID: 155]
[2023/11/6 - 14:20:38] [VEHICLELOAD] [User: CouNil WisDom(169)] [Model: 422] [Vehicle ID: 155]
[2023/11/6 - 14:20:38] [VEHICLELOAD] [User: CouNil WisDom(169)] [Model: 422] [Vehicle ID: 192]
[2023/11/6 - 14:20:41] [VEHICLELOAD] [User: CouNil WisDom(169)] [Model: 422] [Vehicle ID: 155]
[2023/11/6 - 14:20:41] [VEHICLELOAD] [User: CouNil WisDom(169)] [Model: 422] [Vehicle ID: 192]
[2023/11/6 - 14:28:01] [VEHICLELOAD] [User: CouNil WisDom(169)] [Model: 422] [Vehicle ID: 155]
[2023/11/6 - 14:28:01] [VEHICLELOAD] [User: CouNil WisDom(169)] [Model: 422] [Vehicle ID: 192]
[2023/11/6 - 14:28:04] [VEHICLELOAD] [User: CouNil WisDom(169)] [Model: 422] [Vehicle ID: 155]
[2023/11/6 - 14:28:04] [VEHICLELOAD] [User: CouNil WisDom(169)] [Model: 422] [Vehicle ID: 192]
[2023/11/6 - 14:30:31] [VEHICLELOAD] [User: CouNil WisDom(169)] [Model: 422] [Vehicle ID: 155]
[2023/11/6 - 14:30:31] [VEHICLELOAD] [User: CouNil WisDom(169)] [Model: 422] [Vehicle ID: 192]
[2023/11/6 - 14:30:34] [VEHICLELOAD] [User: CouNil WisDom(169)] [Model: 422] [Vehicle ID: 155]
[2023/11/6 - 14:30:34] [VEHICLELOAD] [User: CouNil WisDom(169)] [Model: 422] [Vehicle ID: 192]
[2023/11/6 - 14:43:01] [VEHICLELOAD] [User: CouNil WisDom(169)] [Model: 422] [Vehicle ID: 155]
[2023/11/6 - 14:43:01] [VEHICLELOAD] [User: CouNil WisDom(169)] [Model: 422] [Vehicle ID: 192]
[2023/11/6 - 14:43:04] [VEHICLELOAD] [User: CouNil WisDom(169)] [Model: 422] [Vehicle ID: 155]
[2023/11/6 - 14:43:04] [VEHICLELOAD] [User: CouNil WisDom(169)] [Model: 422] [Vehicle ID: 192]
[2023/11/6 - 14:49:26] [VEHICLELOAD] [User: CouNil WisDom(169)] [Model: 422] [Vehicle ID: 155]
[2023/11/6 - 14:49:26] [VEHICLELOAD] [User: CouNil WisDom(169)] [Model: 422] [Vehicle ID: 192]
[2023/11/6 - 14:49:29] [VEHICLELOAD] [User: CouNil WisDom(169)] [Model: 422] [Vehicle ID: 155]
[2023/11/6 - 14:49:29] [VEHICLELOAD] [User: CouNil WisDom(169)] [Model: 422] [Vehicle ID: 192]
[2023/11/8 - 13:24:42] [VEHICLELOAD] [User: CouNil WisDom(169)] [Model: 422] [Vehicle ID: 155]
[2023/11/8 - 13:24:42] [VEHICLELOAD] [User: CouNil WisDom(169)] [Model: 422] [Vehicle ID: 192]
[2023/11/8 - 13:24:45] [VEHICLELOAD] [User: CouNil WisDom(169)] [Model: 422] [Vehicle ID: 155]
[2023/11/8 - 13:24:45] [VEHICLELOAD] [User: CouNil WisDom(169)] [Model: 422] [Vehicle ID: 192]
[2023/11/8 - 13:25:18] [VEHICLESAVE] [User: CouNil WisDom(169)] [Model: 422] [Vehicle ID: 155]
[2023/11/8 - 13:32:33] [VEHICLELOAD] [User: CouNil WisDom(169)] [Model: 422] [Vehicle ID: 155]
[2023/11/8 - 13:32:33] [VEHICLELOAD] [User: CouNil WisDom(169)] [Model: 422] [Vehicle ID: 192]
[2023/11/8 - 13:32:36] [VEHICLELOAD] [User: CouNil WisDom(169)] [Model: 422] [Vehicle ID: 155]
[2023/11/8 - 13:32:36] [VEHICLELOAD] [User: CouNil WisDom(169)] [Model: 422] [Vehicle ID: 192]
[2023/11/8 - 13:37:08] [VEHICLELOAD] [User: CouNil WisDom(169)] [Model: 422] [Vehicle ID: 155]
[2023/11/8 - 13:37:08] [VEHICLELOAD] [User: CouNil WisDom(169)] [Model: 422] [Vehicle ID: 192]
[2023/11/8 - 13:37:11] [VEHICLELOAD] [User: CouNil WisDom(169)] [Model: 422] [Vehicle ID: 155]
[2023/11/8 - 13:37:11] [VEHICLELOAD] [User: CouNil WisDom(169)] [Model: 422] [Vehicle ID: 192]
[2023/11/8 - 13:40:25] [VEHICLELOAD] [User: CouNil WisDom(169)] [Model: 422] [Vehicle ID: 155]
[2023/11/8 - 13:40:25] [VEHICLELOAD] [User: CouNil WisDom(169)] [Model: 422] [Vehicle ID: 192]
[2023/11/8 - 13:40:28] [VEHICLELOAD] [User: CouNil WisDom(169)] [Model: 422] [Vehicle ID: 155]
[2023/11/8 - 13:40:28] [VEHICLELOAD] [User: CouNil WisDom(169)] [Model: 422] [Vehicle ID: 192]
[2023/11/8 - 13:42:27] [VEHICLELOAD] [User: CouNil WisDom(169)] [Model: 422] [Vehicle ID: 155]
[2023/11/8 - 13:42:27] [VEHICLELOAD] [User: CouNil WisDom(169)] [Model: 422] [Vehicle ID: 192]
[2023/11/8 - 13:42:29] [VEHICLELOAD] [User: CouNil WisDom(169)] [Model: 422] [Vehicle ID: 155]
[2023/11/8 - 13:42:29] [VEHICLELOAD] [User: CouNil WisDom(169)] [Model: 422] [Vehicle ID: 192]
[2023/11/8 - 13:44:10] [VEHICLELOAD] [User: CouNil WisDom(169)] [Model: 422] [Vehicle ID: 155]
[2023/11/8 - 13:44:10] [VEHICLELOAD] [User: CouNil WisDom(169)] [Model: 422] [Vehicle ID: 192]
[2023/11/8 - 13:44:13] [VEHICLELOAD] [User: CouNil WisDom(169)] [Model: 422] [Vehicle ID: 155]
[2023/11/8 - 13:44:13] [VEHICLELOAD] [User: CouNil WisDom(169)] [Model: 422] [Vehicle ID: 192]
[2023/11/8 - 13:45:45] [VEHICLELOAD] [User: CouNil WisDom(169)] [Model: 422] [Vehicle ID: 155]
[2023/11/8 - 13:45:45] [VEHICLELOAD] [User: CouNil WisDom(169)] [Model: 422] [Vehicle ID: 192]
[2023/11/8 - 13:45:48] [VEHICLELOAD] [User: CouNil WisDom(169)] [Model: 422] [Vehicle ID: 155]
[2023/11/8 - 13:45:48] [VEHICLELOAD] [User: CouNil WisDom(169)] [Model: 422] [Vehicle ID: 192]
[2023/11/8 - 13:47:56] [VEHICLELOAD] [User: CouNil WisDom(169)] [Model: 422] [Vehicle ID: 155]
[2023/11/8 - 13:47:56] [VEHICLELOAD] [User: CouNil WisDom(169)] [Model: 422] [Vehicle ID: 192]
[2023/11/8 - 13:47:59] [VEHICLELOAD] [User: CouNil WisDom(169)] [Model: 422] [Vehicle ID: 155]
[2023/11/8 - 13:47:59] [VEHICLELOAD] [User: CouNil WisDom(169)] [Model: 422] [Vehicle ID: 192]
[2023/11/8 - 13:50:29] [VEHICLELOAD] [User: CouNil WisDom(169)] [Model: 422] [Vehicle ID: 155]
[2023/11/8 - 13:50:29] [VEHICLELOAD] [User: CouNil WisDom(169)] [Model: 422] [Vehicle ID: 192]
[2023/11/8 - 13:50:32] [VEHICLELOAD] [User: CouNil WisDom(169)] [Model: 422] [Vehicle ID: 155]
[2023/11/8 - 13:50:32] [VEHICLELOAD] [User: CouNil WisDom(169)] [Model: 422] [Vehicle ID: 192]
[2023/11/8 - 13:52:26] [VEHICLELOAD] [User: CouNil WisDom(169)] [Model: 422] [Vehicle ID: 155]
[2023/11/8 - 13:52:26] [VEHICLELOAD] [User: CouNil WisDom(169)] [Model: 422] [Vehicle ID: 192]
[2023/11/8 - 13:52:29] [VEHICLELOAD] [User: CouNil WisDom(169)] [Model: 422] [Vehicle ID: 155]
[2023/11/8 - 13:52:29] [VEHICLELOAD] [User: CouNil WisDom(169)] [Model: 422] [Vehicle ID: 192]
[2023/11/8 - 13:53:17] [VEHICLESAVE] [User: CouNil WisDom(169)] [Model: 422] [Vehicle ID: 155]
[2023/11/8 - 13:56:27] [VEHICLELOAD] [User: CouNil WisDom(169)] [Model: 422] [Vehicle ID: 155]
[2023/11/8 - 13:56:27] [VEHICLELOAD] [User: CouNil WisDom(169)] [Model: 422] [Vehicle ID: 192]
[2023/11/8 - 13:56:30] [VEHICLELOAD] [User: CouNil WisDom(169)] [Model: 422] [Vehicle ID: 155]
[2023/11/8 - 13:56:30] [VEHICLELOAD] [User: CouNil WisDom(169)] [Model: 422] [Vehicle ID: 192]
[2023/11/8 - 13:56:36] [VEHICLESAVE] [User: CouNil WisDom(169)] [Model: 422] [Vehicle ID: 155]
[2023/11/8 - 14:00:40] [VEHICLELOAD] [User: CouNil WisDom(169)] [Model: 422] [Vehicle ID: 155]
[2023/11/8 - 14:00:40] [VEHICLELOAD] [User: CouNil WisDom(169)] [Model: 422] [Vehicle ID: 192]
[2023/11/8 - 14:00:43] [VEHICLELOAD] [User: CouNil WisDom(169)] [Model: 422] [Vehicle ID: 155]
[2023/11/8 - 14:00:43] [VEHICLELOAD] [User: CouNil WisDom(169)] [Model: 422] [Vehicle ID: 192]
[2023/11/8 - 14:03:54] [VEHICLELOAD] [User: CouNil WisDom(169)] [Model: 422] [Vehicle ID: 155]
[2023/11/8 - 14:03:54] [VEHICLELOAD] [User: CouNil WisDom(169)] [Model: 422] [Vehicle ID: 192]
[2023/11/8 - 14:03:57] [VEHICLELOAD] [User: CouNil WisDom(169)] [Model: 422] [Vehicle ID: 155]
[2023/11/8 - 14:03:57] [VEHICLELOAD] [User: CouNil WisDom(169)] [Model: 422] [Vehicle ID: 192]
[2023/11/8 - 14:04:00] [VEHICLESAVE] [User: CouNil WisDom(169)] [Model: 422] [Vehicle ID: 155]
[2023/11/8 - 14:08:05] [VEHICLELOAD] [User: CouNil WisDom(169)] [Model: 422] [Vehicle ID: 155]
[2023/11/8 - 14:08:05] [VEHICLELOAD] [User: CouNil WisDom(169)] [Model: 422] [Vehicle ID: 192]
[2023/11/8 - 14:08:08] [VEHICLELOAD] [User: CouNil WisDom(169)] [Model: 422] [Vehicle ID: 155]
[2023/11/8 - 14:08:08] [VEHICLELOAD] [User: CouNil WisDom(169)] [Model: 422] [Vehicle ID: 192]
[2023/11/8 - 14:08:10] [VEHICLESAVE] [User: CouNil WisDom(169)] [Model: 422] [Vehicle ID: 155]
[2023/11/8 - 14:10:34] [VEHICLELOAD] [User: CouNil WisDom(169)] [Model: 422] [Vehicle ID: 155]
[2023/11/8 - 14:10:34] [VEHICLELOAD] [User: CouNil WisDom(169)] [Model: 422] [Vehicle ID: 192]
[2023/11/8 - 14:10:37] [VEHICLELOAD] [User: CouNil WisDom(169)] [Model: 422] [Vehicle ID: 155]
[2023/11/8 - 14:10:37] [VEHICLELOAD] [User: CouNil WisDom(169)] [Model: 422] [Vehicle ID: 192]
[2023/11/8 - 14:10:44] [VEHICLESAVE] [User: CouNil WisDom(169)] [Model: 422] [Vehicle ID: 155]
[2023/11/8 - 14:12:27] [VEHICLELOAD] [User: CouNil WisDom(169)] [Model: 422] [Vehicle ID: 155]
[2023/11/8 - 14:12:27] [VEHICLELOAD] [User: CouNil WisDom(169)] [Model: 422] [Vehicle ID: 192]
[2023/11/8 - 14:12:30] [VEHICLELOAD] [User: CouNil WisDom(169)] [Model: 422] [Vehicle ID: 155]
[2023/11/8 - 14:12:30] [VEHICLELOAD] [User: CouNil WisDom(169)] [Model: 422] [Vehicle ID: 192]
[2023/11/8 - 14:12:35] [VEHICLESAVE] [User: CouNil WisDom(169)] [Model: 422] [Vehicle ID: 155]
[2023/11/8 - 14:16:27] [VEHICLELOAD] [User: CouNil WisDom(169)] [Model: 422] [Vehicle ID: 155]
[2023/11/8 - 14:16:27] [VEHICLELOAD] [User: CouNil WisDom(169)] [Model: 422] [Vehicle ID: 192]
[2023/11/8 - 14:16:30] [VEHICLELOAD] [User: CouNil WisDom(169)] [Model: 422] [Vehicle ID: 155]
[2023/11/8 - 14:16:30] [VEHICLELOAD] [User: CouNil WisDom(169)] [Model: 422] [Vehicle ID: 192]
[2023/11/8 - 14:16:33] [VEHICLESAVE] [User: CouNil WisDom(169)] [Model: 422] [Vehicle ID: 155]
[2023/11/8 - 14:26:53] [VEHICLELOAD] [User: CouNil WisDom(169)] [Model: 422] [Vehicle ID: 155]
[2023/11/8 - 14:26:53] [VEHICLELOAD] [User: CouNil WisDom(169)] [Model: 422] [Vehicle ID: 192]
[2023/11/8 - 14:26:56] [VEHICLELOAD] [User: CouNil WisDom(169)] [Model: 422] [Vehicle ID: 155]
[2023/11/8 - 14:26:56] [VEHICLELOAD] [User: CouNil WisDom(169)] [Model: 422] [Vehicle ID: 192]
[2023/11/8 - 14:26:58] [VEHICLESAVE] [User: CouNil WisDom(169)] [Model: 422] [Vehicle ID: 155]
[2023/11/8 - 14:32:17] [VEHICLELOAD] [User: CouNil WisDom(169)] [Model: 422] [Vehicle ID: 155]
[2023/11/8 - 14:32:17] [VEHICLELOAD] [User: CouNil WisDom(169)] [Model: 422] [Vehicle ID: 192]
[2023/11/8 - 14:32:19] [VEHICLELOAD] [User: CouNil WisDom(169)] [Model: 422] [Vehicle ID: 155]
[2023/11/8 - 14:32:19] [VEHICLELOAD] [User: CouNil WisDom(169)] [Model: 422] [Vehicle ID: 192]
[2023/11/8 - 14:32:25] [VEHICLESAVE] [User: CouNil WisDom(169)] [Model: 422] [Vehicle ID: 155]
[2023/11/8 - 14:34:26] [VEHICLELOAD] [User: CouNil WisDom(169)] [Model: 422] [Vehicle ID: 155]
[2023/11/8 - 14:34:26] [VEHICLELOAD] [User: CouNil WisDom(169)] [Model: 422] [Vehicle ID: 192]
[2023/11/8 - 14:34:29] [VEHICLELOAD] [User: CouNil WisDom(169)] [Model: 422] [Vehicle ID: 155]
[2023/11/8 - 14:34:29] [VEHICLELOAD] [User: CouNil WisDom(169)] [Model: 422] [Vehicle ID: 192]
[2023/11/8 - 14:34:36] [VEHICLESAVE] [User: CouNil WisDom(169)] [Model: 422] [Vehicle ID: 155]
[2023/11/8 - 14:38:08] [VEHICLELOAD] [User: CouNil WisDom(169)] [Model: 422] [Vehicle ID: 155]
[2023/11/8 - 14:38:08] [VEHICLELOAD] [User: CouNil WisDom(169)] [Model: 422] [Vehicle ID: 192]
[2023/11/8 - 14:38:11] [VEHICLELOAD] [User: CouNil WisDom(169)] [Model: 422] [Vehicle ID: 155]
[2023/11/8 - 14:38:11] [VEHICLELOAD] [User: CouNil WisDom(169)] [Model: 422] [Vehicle ID: 192]
[2023/11/8 - 14:38:13] [VEHICLESAVE] [User: CouNil WisDom(169)] [Model: 422] [Vehicle ID: 155]
[2023/11/8 - 14:49:42] [VEHICLELOAD] [User: CouNil WisDom(169)] [Model: 422] [Vehicle ID: 155]
[2023/11/8 - 14:49:42] [VEHICLELOAD] [User: CouNil WisDom(169)] [Model: 422] [Vehicle ID: 192]
[2023/11/8 - 14:49:45] [VEHICLELOAD] [User: CouNil WisDom(169)] [Model: 422] [Vehicle ID: 155]
[2023/11/8 - 14:49:45] [VEHICLELOAD] [User: CouNil WisDom(169)] [Model: 422] [Vehicle ID: 192]
[2023/11/8 - 14:49:48] [VEHICLESAVE] [User: CouNil WisDom(169)] [Model: 422] [Vehicle ID: 155]
[2023/11/8 - 14:50:13] [VEHICLESAVE] [User: CouNil WisDom(169)] [Model: 422] [Vehicle ID: 192]
[2023/11/8 - 14:53:20] [VEHICLELOAD] [User: CouNil WisDom(169)] [Model: 422] [Vehicle ID: 155]
[2023/11/8 - 14:53:20] [VEHICLELOAD] [User: CouNil WisDom(169)] [Model: 422] [Vehicle ID: 192]
[2023/11/8 - 14:53:23] [VEHICLELOAD] [User: CouNil WisDom(169)] [Model: 422] [Vehicle ID: 155]
[2023/11/8 - 14:53:23] [VEHICLELOAD] [User: CouNil WisDom(169)] [Model: 422] [Vehicle ID: 192]
[2023/11/8 - 14:53:25] [VEHICLESAVE] [User: CouNil WisDom(169)] [Model: 422] [Vehicle ID: 192]
[2023/11/8 - 14:55:41] [VEHICLESAVE] [User: CouNil WisDom(169)] [Model: 422] [Vehicle ID: 155]
