[10/17/23 19:17:05] [plugins/discord-connector] Can't read from Discord websocket gateway: End of file (2)
[10/17/23 19:17:05] [plugins/discord-connector] Can't write to Discord websocket gateway: The I/O operation has been aborted because of either a thread exit or an application request (995)
[10/18/23 07:00:22] [plugins/discord-connector] can't update guild member: user id "807921173555183626" not cached
[10/18/23 07:22:58] [plugins/discord-connector] Error while retrieving HTTP POST response from '/api/v10/channels/1158001303033757716/messages': end of stream
[10/19/23 03:42:15] [plugins/discord-connector] Error while retrieving HTTP POST response from '/api/v10/channels/1157969036848668733/messages': end of stream
[10/19/23 03:58:04] [plugins/discord-connector] Can't read from Discord websocket gateway: An existing connection was forcibly closed by the remote host (10054)
[10/19/23 03:58:04] [plugins/discord-connector] Can't write to Discord websocket gateway: The I/O operation has been aborted because of either a thread exit or an application request (995)
[10/19/23 03:58:05] [plugins/discord-connector] Error while retrieving HTTP GET response from '/api/oauth2/applications/@me': end of stream
[10/19/23 04:07:46] [plugins/discord-connector] Can't read from Discord websocket gateway: An existing connection was forcibly closed by the remote host (10054)
[10/19/23 04:07:46] [plugins/discord-connector] Can't write to Discord websocket gateway: The I/O operation has been aborted because of either a thread exit or an application request (995)
[10/19/23 04:07:47] [plugins/discord-connector] Error while retrieving HTTP GET response from '/api/oauth2/applications/@me': An existing connection was forcibly closed by the remote host
[10/19/23 04:10:48] [plugins/discord-connector] Discord terminated websocket connection; reason:  (1000)
[10/19/23 04:10:48] [plugins/discord-connector] Can't write to Discord websocket gateway: The I/O operation has been aborted because of either a thread exit or an application request (995)
[10/19/23 04:41:43] [plugins/discord-connector] Error while retrieving HTTP POST response from '/api/v10/channels/1158001303033757716/messages': end of stream
[10/19/23 04:51:51] [plugins/discord-connector] Error while retrieving HTTP POST response from '/api/v10/channels/1158001303033757716/messages': end of stream
[10/19/23 04:52:58] [plugins/discord-connector] can't serialize JSON: [json.exception.type_error.316] incomplete UTF-8 string; last byte: 0xBB
[10/19/23 04:52:58] [plugins/discord-connector] can't serialize JSON: [json.exception.type_error.316] incomplete UTF-8 string; last byte: 0xBB
[10/19/23 04:53:10] [plugins/discord-connector] can't serialize JSON: [json.exception.type_error.316] incomplete UTF-8 string; last byte: 0xC6
[10/19/23 04:53:10] [plugins/discord-connector] can't serialize JSON: [json.exception.type_error.316] incomplete UTF-8 string; last byte: 0xC6
[10/19/23 05:13:25] [plugins/discord-connector] Error while retrieving HTTP POST response from '/api/v10/channels/1158001303033757716/messages': end of stream
[10/19/23 05:22:45] [plugins/discord-connector] can't serialize JSON: [json.exception.type_error.316] incomplete UTF-8 string; last byte: 0xBB
[10/19/23 05:22:45] [plugins/discord-connector] can't serialize JSON: [json.exception.type_error.316] incomplete UTF-8 string; last byte: 0xBB
[10/19/23 05:22:47] [plugins/discord-connector] can't serialize JSON: [json.exception.type_error.316] incomplete UTF-8 string; last byte: 0xBB
[10/19/23 05:22:47] [plugins/discord-connector] can't serialize JSON: [json.exception.type_error.316] incomplete UTF-8 string; last byte: 0xBB
[10/19/23 05:38:23] [plugins/discord-connector] Error while retrieving HTTP POST response from '/api/v10/channels/1158001303033757716/messages': end of stream
[10/19/23 22:21:52] [plugins/discord-connector] can't update guild member presence: user id "1128306366524686379" not cached
[10/19/23 22:22:34] [plugins/discord-connector] can't update guild member presence: user id "1128306366524686379" not cached
[10/19/23 22:22:35] [plugins/discord-connector] can't update guild member presence: user id "1128306366524686379" not cached
[10/19/23 22:23:02] [plugins/discord-connector] can't update guild member presence: user id "1128306366524686379" not cached
[10/20/23 02:10:46] [plugins/discord-connector] can't update guild member presence: user id "1012703031042768906" not cached
[10/20/23 02:11:44] [plugins/discord-connector] Error while retrieving HTTP POST response from '/api/v10/channels/1157969036848668733/messages': end of stream
[10/20/23 02:12:46] [plugins/discord-connector] can't update guild member presence: user id "1012703031042768906" not cached
[10/21/23 05:43:52] [plugins/discord-connector] Error while retrieving HTTP POST response from '/api/v10/channels/1157993235776557156/messages': end of stream
[10/21/23 07:14:49] [plugins/discord-connector] Error while retrieving HTTP POST response from '/api/v10/channels/1157993235776557156/messages': end of stream
[10/21/23 07:27:40] [plugins/discord-connector] Can't write to Discord websocket gateway: The I/O operation has been aborted because of either a thread exit or an application request (995)
[10/21/23 07:27:42] [plugins/discord-connector] Error while retrieving HTTP GET response from '/api/oauth2/applications/@me': end of stream
[10/21/23 07:46:46] [plugins/discord-connector] Error while retrieving HTTP POST response from '/api/v10/channels/1158001303033757716/messages': end of stream
[10/23/23 21:42:19] [plugins/discord-connector] can't update guild member presence: user id "958502509725507634" not cached
[10/24/23 00:41:08] [plugins/discord-connector] Error while retrieving HTTP POST response from '/api/v10/channels/1158001303033757716/messages': end of stream
[10/24/23 01:03:05] [plugins/discord-connector] Error while retrieving HTTP POST response from '/api/v10/channels/1158001303033757716/messages': end of stream
[10/24/23 16:42:38] [plugins/discord-connector] Error while retrieving HTTP POST response from '/api/v10/channels/1158001303033757716/messages': end of stream
[10/24/23 17:18:29] [plugins/discord-connector] Error while retrieving HTTP POST response from '/api/v10/channels/1157993235776557156/messages': end of stream
