[04/22/23 23:13:04] [plugins/discord-connector] Unknown gateway event 'GUILD_MEMBERS_CHUNK'
[04/22/23 23:28:55] [plugins/discord-connector] Unknown gateway event 'GUILD_MEMBERS_CHUNK'
[04/22/23 23:29:00] [plugins/discord-connector] Unknown gateway event 'GUILD_MEMBERS_CHUNK'
[04/23/23 01:02:49] [plugins/discord-connector] Unknown gateway event 'GUILD_MEMBERS_CHUNK'
[04/23/23 01:06:18] [plugins/discord-connector] Unknown gateway event 'GUILD_MEMBERS_CHUNK'
[04/23/23 10:35:20] [plugins/discord-connector] Unknown gateway event 'GUILD_MEMBERS_CHUNK'
[04/23/23 14:01:17] [plugins/discord-connector] Unknown gateway event 'GUILD_MEMBERS_CHUNK'
[04/23/23 14:52:03] [plugins/discord-connector] Unknown gateway event 'GUILD_MEMBERS_CHUNK'
[04/23/23 14:52:29] [plugins/discord-connector] Unknown gateway event 'GUILD_MEMBERS_CHUNK'
[04/23/23 14:54:44] [plugins/discord-connector] Unknown gateway event 'GUILD_MEMBERS_CHUNK'
[04/23/23 15:11:41] [plugins/discord-connector] Unknown gateway event 'GUILD_MEMBERS_CHUNK'
[04/23/23 15:29:54] [plugins/discord-connector] Unknown gateway event 'GUILD_MEMBERS_CHUNK'
[04/23/23 15:32:01] [plugins/discord-connector] Unknown gateway event 'GUILD_MEMBERS_CHUNK'
[04/23/23 15:32:57] [plugins/discord-connector] Unknown gateway event 'GUILD_MEMBERS_CHUNK'
[04/23/23 15:33:38] [plugins/discord-connector] Unknown gateway event 'GUILD_MEMBERS_CHUNK'
[04/23/23 15:35:14] [plugins/discord-connector] Unknown gateway event 'GUILD_MEMBERS_CHUNK'
[04/23/23 15:37:06] [plugins/discord-connector] Unknown gateway event 'GUILD_MEMBERS_CHUNK'
[04/23/23 15:40:56] [plugins/discord-connector] Unknown gateway event 'GUILD_MEMBERS_CHUNK'
[04/23/23 15:42:45] [plugins/discord-connector] Unknown gateway event 'GUILD_MEMBERS_CHUNK'
[04/23/23 15:44:26] [plugins/discord-connector] Unknown gateway event 'GUILD_MEMBERS_CHUNK'
[04/23/23 15:49:40] [plugins/discord-connector] Unknown gateway event 'GUILD_MEMBERS_CHUNK'
[04/23/23 15:49:54] [plugins/discord-connector] Unknown gateway event 'GUILD_MEMBERS_CHUNK'
[04/23/23 15:53:35] [plugins/discord-connector] Unknown gateway event 'GUILD_MEMBERS_CHUNK'
[04/23/23 15:55:20] [plugins/discord-connector] Unknown gateway event 'GUILD_MEMBERS_CHUNK'
[04/23/23 15:56:18] [plugins/discord-connector] Unknown gateway event 'GUILD_MEMBERS_CHUNK'
[04/23/23 16:18:12] [plugins/discord-connector] Unknown gateway event 'GUILD_MEMBERS_CHUNK'
[04/23/23 17:23:09] [plugins/discord-connector] Unknown gateway event 'GUILD_MEMBERS_CHUNK'
[04/23/23 17:24:34] [plugins/discord-connector] Unknown gateway event 'GUILD_MEMBERS_CHUNK'
[04/23/23 17:54:17] [plugins/discord-connector] Unknown gateway event 'GUILD_MEMBERS_CHUNK'
[04/23/23 17:55:22] [plugins/discord-connector] Unknown gateway event 'GUILD_MEMBERS_CHUNK'
[04/23/23 21:52:53] [plugins/discord-connector] Unknown gateway event 'GUILD_MEMBERS_CHUNK'
[04/23/23 22:21:08] [plugins/discord-connector] Unknown gateway event 'GUILD_MEMBERS_CHUNK'
[04/23/23 22:21:38] [plugins/discord-connector] Unknown gateway event 'GUILD_MEMBERS_CHUNK'
[04/23/23 22:25:20] [plugins/discord-connector] Unknown gateway event 'GUILD_MEMBERS_CHUNK'
[04/23/23 22:28:38] [plugins/discord-connector] Unknown gateway event 'GUILD_MEMBERS_CHUNK'
[04/23/23 22:39:48] [plugins/discord-connector] Unknown gateway event 'GUILD_MEMBERS_CHUNK'
[04/23/23 22:44:02] [plugins/discord-connector] Unknown gateway event 'GUILD_MEMBERS_CHUNK'
[04/24/23 19:50:48] [plugins/discord-connector] Unknown gateway event 'GUILD_MEMBERS_CHUNK'
[04/24/23 20:18:35] [plugins/discord-connector] Unknown gateway event 'GUILD_MEMBERS_CHUNK'
[04/24/23 20:19:05] [plugins/discord-connector] Unknown gateway event 'GUILD_MEMBERS_CHUNK'
[04/24/23 20:26:37] [plugins/discord-connector] Unknown gateway event 'GUILD_MEMBERS_CHUNK'
[04/24/23 20:34:00] [plugins/discord-connector] Unknown gateway event 'GUILD_MEMBERS_CHUNK'
[04/24/23 20:42:21] [plugins/discord-connector] Unknown gateway event 'GUILD_MEMBERS_CHUNK'
[04/24/23 21:01:38] [plugins/discord-connector] Unknown gateway event 'GUILD_MEMBERS_CHUNK'
[04/24/23 21:06:59] [plugins/discord-connector] Unknown gateway event 'GUILD_MEMBERS_CHUNK'
[04/24/23 21:37:58] [plugins/discord-connector] Unknown gateway event 'GUILD_MEMBERS_CHUNK'
[04/24/23 23:06:45] [plugins/discord-connector] Unknown gateway event 'GUILD_MEMBERS_CHUNK'
[04/24/23 23:08:38] [plugins/discord-connector] Unknown gateway event 'GUILD_MEMBERS_CHUNK'
[04/24/23 23:46:36] [plugins/discord-connector] Unknown gateway event 'GUILD_MEMBERS_CHUNK'
[04/24/23 23:48:15] [plugins/discord-connector] Unknown gateway event 'GUILD_MEMBERS_CHUNK'
[04/24/23 23:49:11] [plugins/discord-connector] Unknown gateway event 'GUILD_MEMBERS_CHUNK'
[04/25/23 00:00:12] [plugins/discord-connector] Unknown gateway event 'GUILD_MEMBERS_CHUNK'
[04/25/23 00:04:25] [plugins/discord-connector] Unknown gateway event 'GUILD_MEMBERS_CHUNK'
[04/25/23 00:07:44] [plugins/discord-connector] Unknown gateway event 'GUILD_MEMBERS_CHUNK'
[04/25/23 00:10:01] [plugins/discord-connector] Unknown gateway event 'GUILD_MEMBERS_CHUNK'
[04/25/23 00:36:30] [plugins/discord-connector] Unknown gateway event 'GUILD_MEMBERS_CHUNK'
[04/25/23 00:37:24] [plugins/discord-connector] Unknown gateway event 'GUILD_MEMBERS_CHUNK'
[04/25/23 10:18:22] [plugins/discord-connector] Unknown gateway event 'GUILD_MEMBERS_CHUNK'
[04/26/23 22:41:12] [plugins/discord-connector] Unknown gateway event 'GUILD_MEMBERS_CHUNK'
[04/26/23 22:48:39] [plugins/discord-connector] Unknown gateway event 'GUILD_MEMBERS_CHUNK'
[04/26/23 22:50:31] [plugins/discord-connector] Unknown gateway event 'GUILD_MEMBERS_CHUNK'
[09/27/23 04:28:30] [plugins/discord-connector] Unknown gateway event 'GUILD_MEMBERS_CHUNK'
[09/27/23 04:29:19] [plugins/discord-connector] Unknown gateway event 'GUILD_MEMBERS_CHUNK'
[09/27/23 04:36:56] [plugins/discord-connector] Unknown gateway event 'GUILD_MEMBERS_CHUNK'
[09/27/23 04:41:11] [plugins/discord-connector] Unknown gateway event 'GUILD_MEMBERS_CHUNK'
[09/27/23 04:45:20] [plugins/discord-connector] Unknown gateway event 'GUILD_MEMBERS_CHUNK'
[09/27/23 04:49:59] [plugins/discord-connector] Unknown gateway event 'GUILD_MEMBERS_CHUNK'
[09/27/23 04:56:38] [plugins/discord-connector] Unknown gateway event 'GUILD_MEMBERS_CHUNK'
[09/27/23 04:59:54] [plugins/discord-connector] Unknown gateway event 'GUILD_MEMBERS_CHUNK'
[09/27/23 05:00:11] [plugins/discord-connector] Unknown gateway event 'GUILD_MEMBERS_CHUNK'
[09/27/23 05:03:36] [plugins/discord-connector] Unknown gateway event 'GUILD_MEMBERS_CHUNK'
[10/01/23 13:17:46] [plugins/discord-connector] Error while shutting down SSL on HTTP connection: An established connection was aborted by the software in your host machine (10053)
[10/01/23 17:51:55] [plugins/discord-connector] Unknown gateway event 'CHANNEL_TOPIC_UPDATE'
[10/01/23 17:51:55] [plugins/discord-connector] Unknown gateway event 'VOICE_CHANNEL_STATUS_UPDATE'
[10/03/23 05:33:37] [plugins/discord-connector] Unknown gateway event 'GUILD_MEMBERS_CHUNK'
[10/03/23 05:34:23] [plugins/discord-connector] Unknown gateway event 'GUILD_MEMBERS_CHUNK'
[10/03/23 05:48:26] [plugins/discord-connector] Unknown gateway event 'GUILD_MEMBERS_CHUNK'
[10/03/23 05:50:17] [plugins/discord-connector] Unknown gateway event 'GUILD_MEMBERS_CHUNK'
[10/03/23 05:52:56] [plugins/discord-connector] Unknown gateway event 'GUILD_MEMBERS_CHUNK'
[10/03/23 06:12:41] [plugins/discord-connector] Unknown gateway event 'GUILD_MEMBERS_CHUNK'
[10/03/23 06:13:17] [plugins/discord-connector] Unknown gateway event 'GUILD_MEMBERS_CHUNK'
<<<<<<< HEAD
[10/03/23 18:12:15] [plugins/discord-connector] Unknown gateway event 'GUILD_MEMBERS_CHUNK'
=======
[10/03/23 20:34:13] [plugins/discord-connector] Unknown gateway event 'CHANNEL_TOPIC_UPDATE'
[10/03/23 20:34:13] [plugins/discord-connector] Unknown gateway event 'VOICE_CHANNEL_STATUS_UPDATE'
[10/03/23 20:55:33] [plugins/discord-connector] Unknown gateway event 'CHANNEL_TOPIC_UPDATE'
[10/03/23 20:55:33] [plugins/discord-connector] Unknown gateway event 'VOICE_CHANNEL_STATUS_UPDATE'
>>>>>>> 4287c12b6833be8459f643a94187cf31a5601c06
[10/04/23 02:30:55] [plugins/discord-connector] Unknown gateway event 'GUILD_MEMBERS_CHUNK'
[10/04/23 04:10:51] [plugins/discord-connector] Unknown gateway event 'GUILD_MEMBERS_CHUNK'
[10/04/23 04:18:28] [plugins/discord-connector] Unknown gateway event 'CHANNEL_TOPIC_UPDATE'
[10/04/23 04:18:28] [plugins/discord-connector] Unknown gateway event 'VOICE_CHANNEL_STATUS_UPDATE'
[10/04/23 04:48:36] [plugins/discord-connector] Unknown gateway event 'GUILD_MEMBERS_CHUNK'
[10/04/23 04:52:41] [plugins/discord-connector] Unknown gateway event 'GUILD_MEMBERS_CHUNK'
[10/04/23 05:03:00] [plugins/discord-connector] Unknown gateway event 'GUILD_MEMBERS_CHUNK'
[10/04/23 05:08:09] [plugins/discord-connector] Unknown gateway event 'GUILD_MEMBERS_CHUNK'
[10/04/23 05:09:09] [plugins/discord-connector] Unknown gateway event 'GUILD_MEMBERS_CHUNK'
[10/04/23 05:13:43] [plugins/discord-connector] Unknown gateway event 'GUILD_MEMBERS_CHUNK'
[10/04/23 05:17:55] [plugins/discord-connector] Unknown gateway event 'GUILD_MEMBERS_CHUNK'
[10/04/23 05:21:07] [plugins/discord-connector] Unknown gateway event 'GUILD_MEMBERS_CHUNK'
[10/04/23 19:56:48] [plugins/discord-connector] Unknown gateway event 'GUILD_MEMBERS_CHUNK'
[10/04/23 20:04:30] [plugins/discord-connector] Unknown gateway event 'GUILD_MEMBERS_CHUNK'
[10/04/23 20:52:24] [plugins/discord-connector] Unknown gateway event 'GUILD_MEMBERS_CHUNK'
[10/04/23 20:57:56] [plugins/discord-connector] Unknown gateway event 'GUILD_MEMBERS_CHUNK'
[10/04/23 21:20:03] [plugins/discord-connector] Unknown gateway event 'CHANNEL_TOPIC_UPDATE'
[10/04/23 21:20:03] [plugins/discord-connector] Unknown gateway event 'VOICE_CHANNEL_STATUS_UPDATE'
[10/04/23 21:40:41] [plugins/discord-connector] Unknown gateway event 'CHANNEL_TOPIC_UPDATE'
[10/04/23 21:40:41] [plugins/discord-connector] Unknown gateway event 'VOICE_CHANNEL_STATUS_UPDATE'
[10/04/23 21:45:16] [plugins/discord-connector] Unknown gateway event 'CHANNEL_TOPIC_UPDATE'
[10/04/23 21:45:16] [plugins/discord-connector] Unknown gateway event 'VOICE_CHANNEL_STATUS_UPDATE'
[10/07/23 22:50:29] [plugins/discord-connector] Unknown gateway event 'CHANNEL_TOPIC_UPDATE'
[10/07/23 22:50:29] [plugins/discord-connector] Unknown gateway event 'VOICE_CHANNEL_STATUS_UPDATE'
[10/07/23 23:32:50] [plugins/discord-connector] Unknown gateway event 'CHANNEL_TOPIC_UPDATE'
[10/07/23 23:32:50] [plugins/discord-connector] Unknown gateway event 'VOICE_CHANNEL_STATUS_UPDATE'
